[2022-07-29 09:42:54,239] [autoreload.py:637] [autoreload:run_with_reloader] [INFO]- Watching for file changes with StatReloader
[2022-07-29 09:42:55,324] [basehttp.py:161] [basehttp:log_message] [INFO]- "GET /qc/recheck HTTP/1.1" 200 15146
[2022-07-29 09:42:55,352] [basehttp.py:161] [basehttp:log_message] [INFO]- "GET /static/rest_framework/css/bootstrap.min.css HTTP/1.1" 304 0
[2022-07-29 09:42:55,353] [basehttp.py:161] [basehttp:log_message] [INFO]- "GET /static/rest_framework/css/bootstrap-tweaks.css HTTP/1.1" 304 0
[2022-07-29 09:42:55,355] [basehttp.py:161] [basehttp:log_message] [INFO]- "GET /static/rest_framework/css/prettify.css HTTP/1.1" 304 0
[2022-07-29 09:42:55,355] [basehttp.py:161] [basehttp:log_message] [INFO]- "GET /static/rest_framework/css/default.css HTTP/1.1" 304 0
[2022-07-29 09:42:55,357] [basehttp.py:161] [basehttp:log_message] [INFO]- "GET /static/rest_framework/js/jquery-3.5.1.min.js HTTP/1.1" 304 0
[2022-07-29 09:42:55,358] [basehttp.py:161] [basehttp:log_message] [INFO]- "GET /static/rest_framework/js/ajax-form.js HTTP/1.1" 304 0
[2022-07-29 09:42:55,358] [basehttp.py:161] [basehttp:log_message] [INFO]- "GET /static/rest_framework/js/csrf.js HTTP/1.1" 304 0
[2022-07-29 09:42:55,361] [basehttp.py:161] [basehttp:log_message] [INFO]- "GET /static/rest_framework/js/bootstrap.min.js HTTP/1.1" 304 0
[2022-07-29 09:42:55,362] [basehttp.py:161] [basehttp:log_message] [INFO]- "GET /static/rest_framework/js/default.js HTTP/1.1" 304 0
[2022-07-29 09:42:55,362] [basehttp.py:161] [basehttp:log_message] [INFO]- "GET /static/rest_framework/js/prettify-min.js HTTP/1.1" 304 0
[2022-07-29 09:42:55,375] [basehttp.py:161] [basehttp:log_message] [INFO]- "GET /static/rest_framework/img/grid.png HTTP/1.1" 304 0
[2022-07-29 09:42:55,375] [basehttp.py:161] [basehttp:log_message] [INFO]- "GET /static/rest_framework/fonts/glyphicons-halflings-regular.woff2 HTTP/1.1" 304 0
[2022-07-29 09:43:25,157] [autoreload.py:251] [autoreload:trigger_reload] [INFO]- E:\QC\apps\qc\views.py changed, reloading.
[2022-07-29 09:43:26,331] [autoreload.py:637] [autoreload:run_with_reloader] [INFO]- Watching for file changes with StatReloader
[2022-07-29 09:43:34,734] [basehttp.py:161] [basehttp:log_message] [INFO]- "GET /system/user/info/ HTTP/1.1" 200 194
[2022-07-29 09:43:35,055] [basehttp.py:161] [basehttp:log_message] [INFO]- "GET /qc/quality?page=1&page_size=10 HTTP/1.1" 200 4828
[2022-07-29 09:43:37,639] [basehttp.py:161] [basehttp:log_message] [INFO]- "GET /qc/ticket?page=1&page_size=10 HTTP/1.1" 200 5560
[2022-07-29 09:43:40,007] [autoreload.py:251] [autoreload:trigger_reload] [INFO]- E:\QC\apps\qc\views.py changed, reloading.
[2022-07-29 09:43:41,103] [autoreload.py:637] [autoreload:run_with_reloader] [INFO]- Watching for file changes with StatReloader
[2022-07-29 09:43:43,945] [basehttp.py:161] [basehttp:log_message] [INFO]- "GET /qc/quality?page=1&page_size=10 HTTP/1.1" 200 4828
[2022-07-29 09:45:23,692] [basehttp.py:161] [basehttp:log_message] [INFO]- "GET /qc/quality?page=1&page_size=10 HTTP/1.1" 200 111
[2022-07-29 09:45:27,036] [basehttp.py:161] [basehttp:log_message] [INFO]- "OPTIONS /token/ HTTP/1.1" 200 0
[2022-07-29 09:45:27,241] [basehttp.py:161] [basehttp:log_message] [INFO]- "POST /token/ HTTP/1.1" 200 517
[2022-07-29 09:45:27,322] [basehttp.py:161] [basehttp:log_message] [INFO]- "GET /system/user/info/ HTTP/1.1" 200 194
[2022-07-29 09:45:27,515] [basehttp.py:161] [basehttp:log_message] [INFO]- "GET /qc/quality?page=1&page_size=10 HTTP/1.1" 200 4828
[2022-07-29 09:46:16,519] [basehttp.py:161] [basehttp:log_message] [INFO]- "GET /system/user/info/ HTTP/1.1" 200 194
[2022-07-29 09:46:16,961] [basehttp.py:161] [basehttp:log_message] [INFO]- "GET /qc/quality?page=1&page_size=10 HTTP/1.1" 200 4828
[2022-07-29 09:46:28,624] [basehttp.py:161] [basehttp:log_message] [INFO]- "GET /qc/ticket?page=1&page_size=10 HTTP/1.1" 200 5560
[2022-07-29 09:46:44,646] [autoreload.py:251] [autoreload:trigger_reload] [INFO]- E:\QC\apps\qc\views.py changed, reloading.
[2022-07-29 09:46:45,747] [autoreload.py:637] [autoreload:run_with_reloader] [INFO]- Watching for file changes with StatReloader
[2022-07-29 09:46:47,133] [basehttp.py:161] [basehttp:log_message] [INFO]- "OPTIONS /qc/ticket?page=1&page_size=10&quality_status=%E5%B7%B2%E8%B4%A8%E6%A3%80&kefu=admin&holder=admin HTTP/1.1" 200 0
[2022-07-29 09:46:47,232] [basehttp.py:161] [basehttp:log_message] [INFO]- "GET /qc/ticket?page=1&page_size=10&quality_status=%E5%B7%B2%E8%B4%A8%E6%A3%80&kefu=admin&holder=admin HTTP/1.1" 200 83
[2022-07-29 09:46:47,597] [basehttp.py:161] [basehttp:log_message] [INFO]- "GET /qc/ticket HTTP/1.1" 200 41500
[2022-07-29 09:46:51,982] [basehttp.py:161] [basehttp:log_message] [INFO]- "OPTIONS /qc/quality?page=1&page_size=10&quality_status=%E5%B7%B2%E8%B4%A8%E6%A3%80&kefu=admin&holder=admin HTTP/1.1" 200 0
[2022-07-29 09:46:52,077] [basehttp.py:161] [basehttp:log_message] [INFO]- "GET /qc/quality?page=1&page_size=10&quality_status=%E5%B7%B2%E8%B4%A8%E6%A3%80&kefu=admin&holder=admin HTTP/1.1" 200 83
[2022-07-29 09:47:48,987] [basehttp.py:161] [basehttp:log_message] [INFO]- "GET /qc/quality?page=1&page_size=10&quality_status=%E5%BE%85%E8%B4%A8%E6%A3%80 HTTP/1.1" 200 83
[2022-07-29 09:47:52,786] [basehttp.py:161] [basehttp:log_message] [INFO]- "OPTIONS /qc/ticket?page=1&page_size=10&quality_status=%E5%BE%85%E8%B4%A8%E6%A3%80 HTTP/1.1" 200 0
[2022-07-29 09:47:52,887] [basehttp.py:161] [basehttp:log_message] [INFO]- "GET /qc/ticket?page=1&page_size=10&quality_status=%E5%BE%85%E8%B4%A8%E6%A3%80 HTTP/1.1" 200 5622
[2022-07-29 09:47:54,475] [basehttp.py:161] [basehttp:log_message] [INFO]- "GET /qc/quality?page=1&page_size=10&quality_status=%E5%B7%B2%E8%B4%A8%E6%A3%80 HTTP/1.1" 200 4871
[2022-07-29 09:47:56,417] [basehttp.py:161] [basehttp:log_message] [INFO]- "OPTIONS /qc/ticket?page=1&page_size=10&quality_status=%E5%B7%B2%E8%B4%A8%E6%A3%80 HTTP/1.1" 200 0
[2022-07-29 09:47:56,508] [basehttp.py:161] [basehttp:log_message] [INFO]- "GET /qc/ticket?page=1&page_size=10&quality_status=%E5%B7%B2%E8%B4%A8%E6%A3%80 HTTP/1.1" 200 600
[2022-07-29 09:47:58,940] [basehttp.py:161] [basehttp:log_message] [INFO]- "GET /qc/quality?page=1&page_size=10&quality_status=%E6%9C%AA%E8%B4%A8%E6%A3%80 HTTP/1.1" 200 83
[2022-07-29 09:47:59,900] [basehttp.py:161] [basehttp:log_message] [INFO]- "OPTIONS /qc/ticket?page=1&page_size=10&quality_status=%E6%9C%AA%E8%B4%A8%E6%A3%80 HTTP/1.1" 200 0
[2022-07-29 09:47:59,993] [basehttp.py:161] [basehttp:log_message] [INFO]- "GET /qc/ticket?page=1&page_size=10&quality_status=%E6%9C%AA%E8%B4%A8%E6%A3%80 HTTP/1.1" 200 83
[2022-07-29 09:48:04,422] [basehttp.py:161] [basehttp:log_message] [INFO]- "GET /qc/quality?page=1&page_size=10&quality_status=%E5%BE%85%E8%B4%A8%E6%A3%80 HTTP/1.1" 200 83
[2022-07-29 09:48:05,909] [basehttp.py:161] [basehttp:log_message] [INFO]- "GET /qc/quality?page=1&page_size=10&quality_status=%E5%B7%B2%E8%B4%A8%E6%A3%80 HTTP/1.1" 200 4871
[2022-07-29 09:48:54,558] [basehttp.py:161] [basehttp:log_message] [INFO]- "GET /qc/recheck HTTP/1.1" 200 15146
[2022-07-29 09:51:22,065] [basehttp.py:161] [basehttp:log_message] [INFO]- "GET /system/user/info/ HTTP/1.1" 200 194
[2022-07-29 09:51:22,374] [basehttp.py:161] [basehttp:log_message] [INFO]- "GET /qc/quality?page=1&page_size=10&quality_status=%E5%B7%B2%E8%B4%A8%E6%A3%80 HTTP/1.1" 200 4871
[2022-07-29 09:51:43,463] [basehttp.py:161] [basehttp:log_message] [INFO]- "GET /qc/quality?page=1&page_size=10&quality_status=%E5%B7%B2%E8%B4%A8%E6%A3%80 HTTP/1.1" 200 4871
[2022-07-29 09:52:06,844] [basehttp.py:161] [basehttp:log_message] [INFO]- "GET /qc/quality?page=1&page_size=10&quality_status=%E5%B7%B2%E8%B4%A8%E6%A3%80 HTTP/1.1" 200 4871
[2022-07-29 09:52:51,417] [basehttp.py:161] [basehttp:log_message] [INFO]- "GET /qc/ticket?page=1&page_size=10&quality_status=%E5%B7%B2%E8%B4%A8%E6%A3%80 HTTP/1.1" 200 600
[2022-07-29 09:54:36,987] [basehttp.py:161] [basehttp:log_message] [INFO]- "GET /qc/quality?page=1&page_size=10&quality_status=%E5%B7%B2%E8%B4%A8%E6%A3%80 HTTP/1.1" 200 4871
[2022-07-29 09:54:49,409] [basehttp.py:161] [basehttp:log_message] [INFO]- "GET /qc/quality?page=1&page_size=10&quality_status=%E5%B7%B2%E8%B4%A8%E6%A3%80 HTTP/1.1" 200 4871
[2022-07-29 09:55:01,711] [basehttp.py:161] [basehttp:log_message] [INFO]- "GET /qc/ticket?page=1&page_size=10&quality_status=%E5%B7%B2%E8%B4%A8%E6%A3%80 HTTP/1.1" 200 600
[2022-07-29 09:55:32,464] [basehttp.py:161] [basehttp:log_message] [INFO]- "OPTIONS /qc/ticket/14 HTTP/1.1" 200 0
[2022-07-29 09:55:32,562] [basehttp.py:161] [basehttp:log_message] [INFO]- "PUT /qc/ticket/14 HTTP/1.1" 200 528
[2022-07-29 09:55:32,659] [basehttp.py:161] [basehttp:log_message] [INFO]- "GET /qc/ticket?page=1&page_size=10&quality_status=%E5%B7%B2%E8%B4%A8%E6%A3%80 HTTP/1.1" 200 600
[2022-07-29 09:55:41,390] [basehttp.py:161] [basehttp:log_message] [INFO]- "GET /qc/quality?page=1&page_size=10&quality_status=%E5%B7%B2%E8%B4%A8%E6%A3%80 HTTP/1.1" 200 4871
[2022-07-29 09:56:39,636] [basehttp.py:161] [basehttp:log_message] [INFO]- "GET /qc/quality?page=1&page_size=10&quality_status=%E5%B7%B2%E8%B4%A8%E6%A3%80 HTTP/1.1" 200 4871
[2022-07-29 09:56:45,924] [basehttp.py:161] [basehttp:log_message] [INFO]- "GET /qc/quality?page=1&page_size=10&quality_status=%E5%B7%B2%E8%B4%A8%E6%A3%80 HTTP/1.1" 200 4871
[2022-07-29 09:57:08,351] [basehttp.py:161] [basehttp:log_message] [INFO]- "GET /qc/quality?page=1&page_size=10&quality_status=%E5%B7%B2%E8%B4%A8%E6%A3%80 HTTP/1.1" 200 4871
[2022-07-29 09:57:13,754] [basehttp.py:161] [basehttp:log_message] [INFO]- "OPTIONS /qc/ticket/113/beexample HTTP/1.1" 200 0
[2022-07-29 09:57:13,852] [basehttp.py:161] [basehttp:log_message] [INFO]- "POST /qc/ticket/113/beexample HTTP/1.1" 200 55
[2022-07-29 09:57:57,700] [basehttp.py:161] [basehttp:log_message] [INFO]- "GET /qc/ticket HTTP/1.1" 200 41500
[2022-07-29 09:58:24,918] [basehttp.py:161] [basehttp:log_message] [INFO]- "GET /system/user/info/ HTTP/1.1" 200 194
[2022-07-29 09:58:25,281] [basehttp.py:161] [basehttp:log_message] [INFO]- "GET /qc/quality?page=1&page_size=10&quality_status=%E5%B7%B2%E8%B4%A8%E6%A3%80 HTTP/1.1" 200 4871
[2022-07-29 09:58:27,840] [basehttp.py:161] [basehttp:log_message] [INFO]- "POST /qc/ticket/113/beexample HTTP/1.1" 200 55
[2022-07-29 09:58:56,213] [basehttp.py:161] [basehttp:log_message] [INFO]- "GET /qc/quality?page=1&page_size=10&quality_status=%E5%B7%B2%E8%B4%A8%E6%A3%80 HTTP/1.1" 200 4871
[2022-07-29 09:58:58,319] [basehttp.py:161] [basehttp:log_message] [INFO]- "OPTIONS /qc/quality/113/beexample HTTP/1.1" 200 0
[2022-07-29 09:58:58,429] [basehttp.py:161] [basehttp:log_message] [INFO]- "POST /qc/quality/113/beexample HTTP/1.1" 200 617
[2022-07-29 09:59:03,107] [basehttp.py:161] [basehttp:log_message] [INFO]- "GET /qc/ticket?page=1&page_size=10&quality_status=%E5%B7%B2%E8%B4%A8%E6%A3%80 HTTP/1.1" 200 600
[2022-07-29 09:59:05,326] [basehttp.py:161] [basehttp:log_message] [INFO]- "OPTIONS /qc/ticket/14/beexample HTTP/1.1" 200 0
[2022-07-29 09:59:05,416] [basehttp.py:161] [basehttp:log_message] [INFO]- "POST /qc/ticket/14/beexample HTTP/1.1" 200 51
[2022-07-29 09:59:15,373] [basehttp.py:161] [basehttp:log_message] [INFO]- "GET /qc/quality?page=1&page_size=10&quality_status=%E5%B7%B2%E8%B4%A8%E6%A3%80 HTTP/1.1" 200 4871
[2022-07-29 09:59:38,176] [basehttp.py:161] [basehttp:log_message] [INFO]- "GET /qc/quality?page=1&page_size=10&quality_status=%E5%B7%B2%E8%B4%A8%E6%A3%80 HTTP/1.1" 200 4871
[2022-07-29 09:59:45,203] [basehttp.py:161] [basehttp:log_message] [INFO]- "GET /qc/quality?page=1&page_size=10&quality_status=%E5%B7%B2%E8%B4%A8%E6%A3%80 HTTP/1.1" 200 4871
[2022-07-29 10:03:21,973] [basehttp.py:161] [basehttp:log_message] [INFO]- "GET /system/user/info/ HTTP/1.1" 200 194
[2022-07-29 10:03:22,386] [basehttp.py:161] [basehttp:log_message] [INFO]- "GET /qc/quality?page=1&page_size=10&quality_status=%E5%B7%B2%E8%B4%A8%E6%A3%80 HTTP/1.1" 200 4871
[2022-07-29 10:03:25,638] [basehttp.py:161] [basehttp:log_message] [INFO]- "OPTIONS /qc/qualitycase HTTP/1.1" 200 0
[2022-07-29 10:03:25,736] [basehttp.py:161] [basehttp:log_message] [INFO]- "GET /qc/qualitycase HTTP/1.1" 200 1324
[2022-07-29 10:07:28,518] [basehttp.py:161] [basehttp:log_message] [INFO]- "GET /static/drf-yasg/style.css HTTP/1.1" 304 0
[2022-07-29 10:07:28,519] [basehttp.py:161] [basehttp:log_message] [INFO]- "GET /static/drf-yasg/swagger-ui-dist/swagger-ui.css HTTP/1.1" 304 0
[2022-07-29 10:07:28,519] [basehttp.py:161] [basehttp:log_message] [INFO]- "GET /static/drf-yasg/swagger-ui-dist/swagger-ui-standalone-preset.js HTTP/1.1" 304 0
[2022-07-29 10:07:28,520] [basehttp.py:161] [basehttp:log_message] [INFO]- "GET /static/drf-yasg/swagger-ui-dist/swagger-ui-bundle.js HTTP/1.1" 304 0
[2022-07-29 10:07:28,521] [basehttp.py:161] [basehttp:log_message] [INFO]- "GET /static/drf-yasg/immutable.min.js HTTP/1.1" 304 0
[2022-07-29 10:07:28,521] [basehttp.py:161] [basehttp:log_message] [INFO]- "GET /static/drf-yasg/insQ.min.js HTTP/1.1" 304 0
[2022-07-29 10:07:28,563] [basehttp.py:161] [basehttp:log_message] [INFO]- "GET /static/drf-yasg/swagger-ui-init.js HTTP/1.1" 304 0
[2022-07-29 10:07:28,741] [basehttp.py:161] [basehttp:log_message] [INFO]- "HEAD /static/drf-yasg/swagger-ui-dist/favicon-32x32.png HTTP/1.1" 304 0
[2022-07-29 10:07:28,958] [basehttp.py:161] [basehttp:log_message] [INFO]- "GET /swagger/?format=openapi HTTP/1.1" 200 84439
[2022-07-29 10:08:51,914] [basehttp.py:161] [basehttp:log_message] [INFO]- "GET /system/user/info/ HTTP/1.1" 200 194
[2022-07-29 10:08:52,116] [basehttp.py:161] [basehttp:log_message] [INFO]- "GET /qc/qualitycase HTTP/1.1" 200 1324
[2022-07-29 10:09:48,817] [basehttp.py:161] [basehttp:log_message] [INFO]- "GET /qc/qualitycase HTTP/1.1" 200 1324
[2022-07-29 10:10:18,569] [basehttp.py:161] [basehttp:log_message] [INFO]- "GET /qc/qualitycase HTTP/1.1" 200 1324
[2022-07-29 10:10:41,334] [basehttp.py:161] [basehttp:log_message] [INFO]- "GET /qc/qualitycase HTTP/1.1" 200 1324
[2022-07-29 10:10:47,878] [basehttp.py:161] [basehttp:log_message] [INFO]- "GET /qc/qualitycase HTTP/1.1" 200 1324
[2022-07-29 10:10:56,909] [basehttp.py:161] [basehttp:log_message] [INFO]- "GET /qc/qualitycase HTTP/1.1" 200 1324
[2022-07-29 10:15:10,745] [basehttp.py:161] [basehttp:log_message] [INFO]- "GET /qc/qualitycase HTTP/1.1" 200 1324
[2022-07-29 10:15:26,189] [basehttp.py:161] [basehttp:log_message] [INFO]- "GET /system/user/info/ HTTP/1.1" 200 194
[2022-07-29 10:15:26,385] [basehttp.py:161] [basehttp:log_message] [INFO]- "GET /qc/qualitycase HTTP/1.1" 200 1324
[2022-07-29 10:15:43,083] [basehttp.py:161] [basehttp:log_message] [INFO]- "GET /qc/qualitycase HTTP/1.1" 200 1324
[2022-07-29 10:15:56,512] [basehttp.py:161] [basehttp:log_message] [INFO]- "GET /system/user/info/ HTTP/1.1" 200 194
[2022-07-29 10:15:56,719] [basehttp.py:161] [basehttp:log_message] [INFO]- "GET /qc/qualitycase HTTP/1.1" 200 1324
[2022-07-29 10:16:16,843] [basehttp.py:161] [basehttp:log_message] [INFO]- "GET /qc/qualitycase HTTP/1.1" 200 1324
[2022-07-29 10:17:20,057] [basehttp.py:161] [basehttp:log_message] [INFO]- "GET /qc/qualitycase HTTP/1.1" 200 1324
[2022-07-29 10:18:39,512] [basehttp.py:161] [basehttp:log_message] [INFO]- "GET /qc/qualitycase HTTP/1.1" 200 1324
[2022-07-29 10:18:51,723] [basehttp.py:161] [basehttp:log_message] [INFO]- "GET /system/user/info/ HTTP/1.1" 200 194
[2022-07-29 10:18:51,902] [basehttp.py:161] [basehttp:log_message] [INFO]- "GET /qc/qualitycase HTTP/1.1" 200 1324
[2022-07-29 10:19:32,227] [basehttp.py:161] [basehttp:log_message] [INFO]- "GET /system/user/info/ HTTP/1.1" 200 194
[2022-07-29 10:19:32,418] [basehttp.py:161] [basehttp:log_message] [INFO]- "GET /qc/qualitycase HTTP/1.1" 200 1324
[2022-07-29 10:22:29,853] [basehttp.py:161] [basehttp:log_message] [INFO]- "GET /qc/qualitycase HTTP/1.1" 200 1324
[2022-07-29 10:32:03,160] [basehttp.py:161] [basehttp:log_message] [INFO]- "GET /qc/qualitycase HTTP/1.1" 200 1324
[2022-07-29 10:32:33,734] [basehttp.py:161] [basehttp:log_message] [INFO]- "GET /qc/qualitycase HTTP/1.1" 200 1324
[2022-07-29 10:32:57,613] [basehttp.py:161] [basehttp:log_message] [INFO]- "GET /qc/qualitycase HTTP/1.1" 200 1324
[2022-07-29 10:32:59,744] [basehttp.py:161] [basehttp:log_message] [INFO]- "GET /system/user/info/ HTTP/1.1" 200 194
[2022-07-29 10:32:59,932] [basehttp.py:161] [basehttp:log_message] [INFO]- "GET /qc/qualitycase HTTP/1.1" 200 1324
[2022-07-29 10:34:47,814] [basehttp.py:161] [basehttp:log_message] [INFO]- "GET /qc/qualitycase HTTP/1.1" 200 1324
[2022-07-29 12:13:54,792] [basehttp.py:161] [basehttp:log_message] [INFO]- "OPTIONS /qc/qualitycase HTTP/1.1" 200 0
[2022-07-29 12:13:54,894] [basehttp.py:161] [basehttp:log_message] [INFO]- "GET /qc/qualitycase HTTP/1.1" 200 1324
[2022-07-29 12:14:46,288] [basehttp.py:161] [basehttp:log_message] [INFO]- "GET /qc/qualitycase HTTP/1.1" 200 1324
[2022-07-29 12:15:37,029] [basehttp.py:161] [basehttp:log_message] [INFO]- "OPTIONS /system/user/info/ HTTP/1.1" 200 0
[2022-07-29 12:15:37,108] [basehttp.py:161] [basehttp:log_message] [INFO]- "GET /system/user/info/ HTTP/1.1" 200 194
[2022-07-29 12:15:37,325] [basehttp.py:161] [basehttp:log_message] [INFO]- "GET /qc/qualitycase HTTP/1.1" 200 1324
[2022-07-29 12:15:57,350] [basehttp.py:161] [basehttp:log_message] [INFO]- "GET /system/user/info/ HTTP/1.1" 200 194
[2022-07-29 12:15:57,531] [basehttp.py:161] [basehttp:log_message] [INFO]- "GET /qc/qualitycase HTTP/1.1" 200 1324
[2022-07-29 13:20:07,625] [basehttp.py:161] [basehttp:log_message] [INFO]- "GET /swagger/?format=openapi HTTP/1.1" 200 84439
[2022-07-29 13:31:08,639] [basehttp.py:161] [basehttp:log_message] [INFO]- "GET /qc/qualitycase HTTP/1.1" 200 1324
[2022-07-29 13:31:13,937] [basehttp.py:161] [basehttp:log_message] [INFO]- "OPTIONS /qc/qualitycase/1 HTTP/1.1" 200 0
[2022-07-29 13:31:14,038] [basehttp.py:161] [basehttp:log_message] [INFO]- "PUT /qc/qualitycase/1 HTTP/1.1" 200 684
[2022-07-29 13:31:20,091] [basehttp.py:161] [basehttp:log_message] [INFO]- "GET /system/user/info/ HTTP/1.1" 200 194
[2022-07-29 13:31:20,282] [basehttp.py:161] [basehttp:log_message] [INFO]- "GET /qc/qualitycase HTTP/1.1" 200 1323
[2022-07-29 13:32:47,458] [basehttp.py:161] [basehttp:log_message] [INFO]- "GET /qc/qualitycase HTTP/1.1" 200 1323
[2022-07-29 13:34:01,811] [basehttp.py:161] [basehttp:log_message] [INFO]- "GET /qc/qualitycase HTTP/1.1" 200 1323
[2022-07-29 13:34:48,299] [basehttp.py:161] [basehttp:log_message] [INFO]- "GET /qc/qualitycase HTTP/1.1" 200 1323
[2022-07-29 13:34:53,507] [basehttp.py:161] [basehttp:log_message] [INFO]- "GET /system/user/info/ HTTP/1.1" 200 194
[2022-07-29 13:34:53,685] [basehttp.py:161] [basehttp:log_message] [INFO]- "GET /qc/qualitycase HTTP/1.1" 200 1323
[2022-07-29 13:35:20,683] [basehttp.py:161] [basehttp:log_message] [INFO]- "GET /system/user/info/ HTTP/1.1" 200 194
[2022-07-29 13:35:20,850] [basehttp.py:161] [basehttp:log_message] [INFO]- "GET /qc/qualitycase HTTP/1.1" 200 1323
[2022-07-29 13:35:28,765] [basehttp.py:161] [basehttp:log_message] [INFO]- "GET /system/user/info/ HTTP/1.1" 200 194
[2022-07-29 13:35:28,978] [basehttp.py:161] [basehttp:log_message] [INFO]- "GET /qc/qualitycase HTTP/1.1" 200 1323
[2022-07-29 13:36:10,337] [basehttp.py:161] [basehttp:log_message] [INFO]- "GET /system/user/info/ HTTP/1.1" 200 194
[2022-07-29 13:36:10,510] [basehttp.py:161] [basehttp:log_message] [INFO]- "GET /qc/qualitycase HTTP/1.1" 200 1323
[2022-07-29 13:36:29,511] [basehttp.py:161] [basehttp:log_message] [INFO]- "GET /system/user/info/ HTTP/1.1" 200 194
[2022-07-29 13:36:29,703] [basehttp.py:161] [basehttp:log_message] [INFO]- "GET /qc/qualitycase HTTP/1.1" 200 1323
[2022-07-29 13:37:02,436] [basehttp.py:161] [basehttp:log_message] [INFO]- "GET /system/user/info/ HTTP/1.1" 200 194
[2022-07-29 13:37:02,643] [basehttp.py:161] [basehttp:log_message] [INFO]- "GET /qc/qualitycase HTTP/1.1" 200 1323
[2022-07-29 13:37:14,968] [basehttp.py:161] [basehttp:log_message] [INFO]- "GET /qc/qualitycase HTTP/1.1" 200 1323
[2022-07-29 13:43:57,215] [basehttp.py:161] [basehttp:log_message] [INFO]- "GET /qc/qualitycase HTTP/1.1" 200 1323
[2022-07-29 13:44:05,348] [basehttp.py:161] [basehttp:log_message] [INFO]- "GET /qc/qualitycase HTTP/1.1" 200 1323
[2022-07-29 13:44:16,861] [basehttp.py:161] [basehttp:log_message] [INFO]- "GET /qc/qualitycase HTTP/1.1" 200 1323
[2022-07-29 13:44:17,074] [autoreload.py:251] [autoreload:trigger_reload] [INFO]- E:\QC\apps\qc\models.py changed, reloading.
[2022-07-29 13:44:18,401] [autoreload.py:637] [autoreload:run_with_reloader] [INFO]- Watching for file changes with StatReloader
[2022-07-29 13:44:38,364] [autoreload.py:251] [autoreload:trigger_reload] [INFO]- E:\QC\apps\qc\models.py changed, reloading.
[2022-07-29 13:44:39,450] [autoreload.py:637] [autoreload:run_with_reloader] [INFO]- Watching for file changes with StatReloader
[2022-07-29 13:44:42,974] [autoreload.py:251] [autoreload:trigger_reload] [INFO]- E:\QC\apps\qc\models.py changed, reloading.
[2022-07-29 13:44:44,065] [autoreload.py:637] [autoreload:run_with_reloader] [INFO]- Watching for file changes with StatReloader
[2022-07-29 13:45:04,030] [autoreload.py:251] [autoreload:trigger_reload] [INFO]- E:\QC\apps\qc\models.py changed, reloading.
[2022-07-29 13:45:05,203] [autoreload.py:637] [autoreload:run_with_reloader] [INFO]- Watching for file changes with StatReloader
[2022-07-29 13:45:10,026] [basehttp.py:161] [basehttp:log_message] [INFO]- "GET /system/user/info/ HTTP/1.1" 200 194
[2022-07-29 13:45:10,230] [basehttp.py:161] [basehttp:log_message] [INFO]- "GET /qc/qualitycase HTTP/1.1" 200 1323
[2022-07-29 13:45:47,539] [basehttp.py:161] [basehttp:log_message] [INFO]- "GET /system/user/info/ HTTP/1.1" 200 194
[2022-07-29 13:45:47,744] [basehttp.py:161] [basehttp:log_message] [INFO]- "GET /qc/qualitycase HTTP/1.1" 200 1323
[2022-07-29 13:47:06,906] [basehttp.py:161] [basehttp:log_message] [INFO]- "GET /qc/qualitycase HTTP/1.1" 200 1323
[2022-07-29 13:47:19,772] [basehttp.py:161] [basehttp:log_message] [INFO]- "GET /system/user/info/ HTTP/1.1" 200 194
[2022-07-29 13:47:19,936] [basehttp.py:161] [basehttp:log_message] [INFO]- "GET /qc/qualitycase HTTP/1.1" 200 1323
[2022-07-29 13:48:04,392] [basehttp.py:161] [basehttp:log_message] [INFO]- "GET /qc/qualitycase HTTP/1.1" 200 1323
[2022-07-29 13:48:35,531] [basehttp.py:161] [basehttp:log_message] [INFO]- "GET /system/user/info/ HTTP/1.1" 200 194
[2022-07-29 13:48:35,733] [basehttp.py:161] [basehttp:log_message] [INFO]- "GET /qc/qualitycase HTTP/1.1" 200 1323
[2022-07-29 13:49:25,049] [basehttp.py:161] [basehttp:log_message] [INFO]- "GET /qc/qualitycase HTTP/1.1" 200 1323
[2022-07-29 13:50:06,227] [basehttp.py:161] [basehttp:log_message] [INFO]- "GET /system/user/info/ HTTP/1.1" 200 194
[2022-07-29 13:50:06,396] [basehttp.py:161] [basehttp:log_message] [INFO]- "GET /qc/qualitycase HTTP/1.1" 200 1323
[2022-07-29 13:52:15,835] [basehttp.py:161] [basehttp:log_message] [INFO]- "GET /qc/qualitycase HTTP/1.1" 200 1323
[2022-07-29 13:52:26,166] [basehttp.py:161] [basehttp:log_message] [INFO]- "GET /qc/qualitycase HTTP/1.1" 200 1323
[2022-07-29 13:52:41,675] [basehttp.py:161] [basehttp:log_message] [INFO]- "GET /qc/qualitycase HTTP/1.1" 200 1323
[2022-07-29 13:52:56,221] [basehttp.py:161] [basehttp:log_message] [INFO]- "GET /qc/qualitycase HTTP/1.1" 200 1323
[2022-07-29 13:53:01,128] [basehttp.py:161] [basehttp:log_message] [INFO]- "GET /qc/qualitycase HTTP/1.1" 200 1323
[2022-07-29 13:55:08,609] [basehttp.py:161] [basehttp:log_message] [INFO]- "GET /qc/qualitycase HTTP/1.1" 200 1323
[2022-07-29 13:55:45,185] [basehttp.py:161] [basehttp:log_message] [INFO]- "OPTIONS /qc/quality?page=1&page_size=10&quality_status=%E6%9C%AA%E8%B4%A8%E6%A3%80 HTTP/1.1" 200 0
[2022-07-29 13:55:45,276] [basehttp.py:161] [basehttp:log_message] [INFO]- "GET /qc/quality?page=1&page_size=10&quality_status=%E6%9C%AA%E8%B4%A8%E6%A3%80 HTTP/1.1" 200 83
[2022-07-29 13:55:46,653] [basehttp.py:161] [basehttp:log_message] [INFO]- "OPTIONS /qc/ticket?page=1&page_size=10&quality_status=%E6%9C%AA%E8%B4%A8%E6%A3%80 HTTP/1.1" 200 0
[2022-07-29 13:55:46,750] [basehttp.py:161] [basehttp:log_message] [INFO]- "GET /qc/ticket?page=1&page_size=10&quality_status=%E6%9C%AA%E8%B4%A8%E6%A3%80 HTTP/1.1" 200 83
[2022-07-29 13:55:47,784] [basehttp.py:161] [basehttp:log_message] [INFO]- "OPTIONS /qc/quality?page=1&page_size=10&quality_status=%E5%B7%B2%E8%B4%A8%E6%A3%80 HTTP/1.1" 200 0
[2022-07-29 13:55:47,879] [basehttp.py:161] [basehttp:log_message] [INFO]- "GET /qc/quality?page=1&page_size=10&quality_status=%E5%B7%B2%E8%B4%A8%E6%A3%80 HTTP/1.1" 200 4871
[2022-07-29 13:55:48,588] [basehttp.py:161] [basehttp:log_message] [INFO]- "OPTIONS /qc/quality?page=1&page_size=10&quality_status=%E5%BE%85%E8%B4%A8%E6%A3%80 HTTP/1.1" 200 0
[2022-07-29 13:55:48,689] [basehttp.py:161] [basehttp:log_message] [INFO]- "GET /qc/quality?page=1&page_size=10&quality_status=%E5%BE%85%E8%B4%A8%E6%A3%80 HTTP/1.1" 200 83
[2022-07-29 13:55:49,167] [basehttp.py:161] [basehttp:log_message] [INFO]- "OPTIONS /qc/ticket?page=1&page_size=10&quality_status=%E5%BE%85%E8%B4%A8%E6%A3%80 HTTP/1.1" 200 0
[2022-07-29 13:55:49,271] [basehttp.py:161] [basehttp:log_message] [INFO]- "GET /qc/ticket?page=1&page_size=10&quality_status=%E5%BE%85%E8%B4%A8%E6%A3%80 HTTP/1.1" 200 5622
[2022-07-29 13:56:04,330] [basehttp.py:161] [basehttp:log_message] [INFO]- "GET /qc/quality?page=1&page_size=10&quality_status=%E5%BE%85%E8%B4%A8%E6%A3%80 HTTP/1.1" 200 83
[2022-07-29 13:56:04,751] [basehttp.py:161] [basehttp:log_message] [INFO]- "GET /qc/ticket?page=1&page_size=10&quality_status=%E5%BE%85%E8%B4%A8%E6%A3%80 HTTP/1.1" 200 5622
[2022-07-29 13:57:07,204] [basehttp.py:161] [basehttp:log_message] [INFO]- "GET /qc/quality?page=1&page_size=10&quality_status=%E5%BE%85%E8%B4%A8%E6%A3%80 HTTP/1.1" 200 83
[2022-07-29 13:57:08,527] [basehttp.py:161] [basehttp:log_message] [INFO]- "GET /qc/ticket?page=1&page_size=10&quality_status=%E5%BE%85%E8%B4%A8%E6%A3%80 HTTP/1.1" 200 5622
[2022-07-29 13:57:16,891] [basehttp.py:161] [basehttp:log_message] [INFO]- "GET /qc/qualitycase HTTP/1.1" 200 1323
[2022-07-29 13:57:39,285] [basehttp.py:161] [basehttp:log_message] [INFO]- "GET /qc/qualitycase HTTP/1.1" 200 1323
[2022-07-29 13:57:50,411] [basehttp.py:161] [basehttp:log_message] [INFO]- "GET /system/user/info/ HTTP/1.1" 200 194
[2022-07-29 13:57:50,563] [basehttp.py:161] [basehttp:log_message] [INFO]- "GET /qc/qualitycase HTTP/1.1" 200 1323
[2022-07-29 13:58:21,905] [basehttp.py:161] [basehttp:log_message] [INFO]- "GET /system/user/info/ HTTP/1.1" 200 194
[2022-07-29 13:58:22,077] [basehttp.py:161] [basehttp:log_message] [INFO]- "GET /qc/qualitycase HTTP/1.1" 200 1323
[2022-07-29 13:58:26,056] [basehttp.py:161] [basehttp:log_message] [INFO]- "GET /system/user/info/ HTTP/1.1" 200 194
[2022-07-29 13:58:26,220] [basehttp.py:161] [basehttp:log_message] [INFO]- "GET /qc/qualitycase HTTP/1.1" 200 1323
[2022-07-29 13:58:36,761] [basehttp.py:161] [basehttp:log_message] [INFO]- "GET /system/user/info/ HTTP/1.1" 200 194
[2022-07-29 13:58:36,941] [basehttp.py:161] [basehttp:log_message] [INFO]- "GET /qc/qualitycase HTTP/1.1" 200 1323
[2022-07-29 13:58:37,967] [basehttp.py:161] [basehttp:log_message] [INFO]- "GET /system/user/info/ HTTP/1.1" 200 194
[2022-07-29 13:58:38,221] [basehttp.py:161] [basehttp:log_message] [INFO]- "GET /system/user/info/ HTTP/1.1" 200 194
[2022-07-29 13:58:38,475] [basehttp.py:161] [basehttp:log_message] [INFO]- "GET /system/user/info/ HTTP/1.1" 200 194
[2022-07-29 13:58:38,739] [basehttp.py:161] [basehttp:log_message] [INFO]- "GET /system/user/info/ HTTP/1.1" 200 194
[2022-07-29 13:58:39,016] [basehttp.py:161] [basehttp:log_message] [INFO]- "GET /system/user/info/ HTTP/1.1" 200 194
[2022-07-29 13:58:39,195] [basehttp.py:161] [basehttp:log_message] [INFO]- "GET /qc/qualitycase HTTP/1.1" 200 1323
[2022-07-29 13:58:54,560] [basehttp.py:161] [basehttp:log_message] [INFO]- "GET /system/user/info/ HTTP/1.1" 200 194
[2022-07-29 13:58:54,777] [basehttp.py:161] [basehttp:log_message] [INFO]- "GET /qc/qualitycase HTTP/1.1" 200 1323
[2022-07-29 13:59:51,476] [autoreload.py:251] [autoreload:trigger_reload] [INFO]- E:\QC\apps\qc\models.py changed, reloading.
[2022-07-29 13:59:52,589] [autoreload.py:637] [autoreload:run_with_reloader] [INFO]- Watching for file changes with StatReloader
[2022-07-29 14:00:09,316] [autoreload.py:251] [autoreload:trigger_reload] [INFO]- E:\QC\apps\qc\models.py changed, reloading.
[2022-07-29 14:00:10,403] [autoreload.py:637] [autoreload:run_with_reloader] [INFO]- Watching for file changes with StatReloader
[2022-07-29 14:00:24,982] [autoreload.py:251] [autoreload:trigger_reload] [INFO]- E:\QC\apps\qc\models.py changed, reloading.
[2022-07-29 14:00:26,246] [autoreload.py:637] [autoreload:run_with_reloader] [INFO]- Watching for file changes with StatReloader
[2022-07-29 14:00:44,062] [autoreload.py:251] [autoreload:trigger_reload] [INFO]- E:\QC\apps\qc\models.py changed, reloading.
[2022-07-29 14:00:45,150] [autoreload.py:637] [autoreload:run_with_reloader] [INFO]- Watching for file changes with StatReloader
[2022-07-29 14:34:49,913] [basehttp.py:161] [basehttp:log_message] [INFO]- "OPTIONS /qc/quality?page=1&page_size=10&quality_status=%E5%B7%B2%E8%B4%A8%E6%A3%80&kefu=admin&holder=admin HTTP/1.1" 200 0
[2022-07-29 14:34:50,017] [basehttp.py:161] [basehttp:log_message] [INFO]- "GET /qc/quality?page=1&page_size=10&quality_status=%E5%B7%B2%E8%B4%A8%E6%A3%80&kefu=admin&holder=admin HTTP/1.1" 200 83
[2022-07-29 14:34:53,535] [basehttp.py:161] [basehttp:log_message] [INFO]- "OPTIONS /qc/qualitycase HTTP/1.1" 200 0
[2022-07-29 14:34:53,625] [basehttp.py:161] [basehttp:log_message] [INFO]- "GET /qc/qualitycase HTTP/1.1" 200 1323
[2022-07-29 15:38:58,412] [basehttp.py:161] [basehttp:log_message] [INFO]- "GET /qc/quality?page=1&page_size=10&quality_status=%E5%B7%B2%E8%B4%A8%E6%A3%80&kefu=admin&holder=admin HTTP/1.1" 200 83
[2022-07-29 15:39:00,021] [basehttp.py:161] [basehttp:log_message] [INFO]- "GET /qc/quality?page=1&page_size=10&quality_status=%E6%9C%AA%E8%B4%A8%E6%A3%80 HTTP/1.1" 200 83
[2022-07-29 15:39:01,024] [basehttp.py:161] [basehttp:log_message] [INFO]- "GET /qc/quality?page=1&page_size=10&quality_status=%E5%B7%B2%E8%B4%A8%E6%A3%80 HTTP/1.1" 200 4871
[2022-08-01 09:31:01,706] [basehttp.py:161] [basehttp:log_message] [INFO]- "OPTIONS /qc/qualitycase HTTP/1.1" 200 0
[2022-08-01 09:31:01,796] [basehttp.py:161] [basehttp:log_message] [INFO]- "GET /qc/qualitycase HTTP/1.1" 200 111
[2022-08-01 09:31:04,197] [basehttp.py:161] [basehttp:log_message] [INFO]- "OPTIONS /token/ HTTP/1.1" 200 0
[2022-08-01 09:31:05,312] [basehttp.py:161] [basehttp:log_message] [INFO]- "POST /token/ HTTP/1.1" 200 517
[2022-08-01 09:31:05,369] [basehttp.py:161] [basehttp:log_message] [INFO]- "OPTIONS /system/user/info/ HTTP/1.1" 200 0
[2022-08-01 09:31:05,449] [basehttp.py:161] [basehttp:log_message] [INFO]- "GET /system/user/info/ HTTP/1.1" 200 194
[2022-08-01 09:31:05,617] [basehttp.py:161] [basehttp:log_message] [INFO]- "GET /qc/qualitycase HTTP/1.1" 200 1323
[2022-08-01 09:31:46,560] [basehttp.py:161] [basehttp:log_message] [INFO]- "OPTIONS /qc/quality?page=1&page_size=10&quality_status=%E5%B7%B2%E8%B4%A8%E6%A3%80&kefu=admin&holder=admin HTTP/1.1" 200 0
[2022-08-01 09:31:46,648] [basehttp.py:161] [basehttp:log_message] [INFO]- "GET /qc/quality?page=1&page_size=10&quality_status=%E5%B7%B2%E8%B4%A8%E6%A3%80&kefu=admin&holder=admin HTTP/1.1" 200 83
[2022-08-01 09:31:55,693] [basehttp.py:161] [basehttp:log_message] [INFO]- "OPTIONS /qc/quality?page=1&page_size=10&quality_status=%E6%9C%AA%E8%B4%A8%E6%A3%80 HTTP/1.1" 200 0
[2022-08-01 09:31:55,801] [basehttp.py:161] [basehttp:log_message] [INFO]- "GET /qc/quality?page=1&page_size=10&quality_status=%E6%9C%AA%E8%B4%A8%E6%A3%80 HTTP/1.1" 200 83
[2022-08-01 09:31:56,883] [basehttp.py:161] [basehttp:log_message] [INFO]- "GET /qc/quality?page=1&page_size=10&quality_status=%E5%B7%B2%E8%B4%A8%E6%A3%80&kefu=admin&holder=admin HTTP/1.1" 200 83
[2022-08-01 09:31:57,155] [basehttp.py:161] [basehttp:log_message] [INFO]- "OPTIONS /qc/quality?page=1&page_size=10&quality_status=%E5%BE%85%E8%B4%A8%E6%A3%80 HTTP/1.1" 200 0
[2022-08-01 09:31:57,253] [basehttp.py:161] [basehttp:log_message] [INFO]- "GET /qc/quality?page=1&page_size=10&quality_status=%E5%BE%85%E8%B4%A8%E6%A3%80 HTTP/1.1" 200 83
[2022-08-01 09:31:58,003] [basehttp.py:161] [basehttp:log_message] [INFO]- "OPTIONS /qc/ticket?page=1&page_size=10&quality_status=%E5%BE%85%E8%B4%A8%E6%A3%80 HTTP/1.1" 200 0
[2022-08-01 09:31:58,127] [basehttp.py:161] [basehttp:log_message] [INFO]- "GET /qc/ticket?page=1&page_size=10&quality_status=%E5%BE%85%E8%B4%A8%E6%A3%80 HTTP/1.1" 200 5622
[2022-08-01 09:43:43,262] [basehttp.py:161] [basehttp:log_message] [INFO]- "GET /qc/quality?page=1&page_size=10&quality_status=%E5%B7%B2%E8%B4%A8%E6%A3%80&kefu=admin&holder=admin HTTP/1.1" 200 83
[2022-08-01 09:46:41,563] [basehttp.py:161] [basehttp:log_message] [INFO]- "GET /qc/quality?page=1&page_size=10&quality_status=%E5%BE%85%E8%B4%A8%E6%A3%80 HTTP/1.1" 200 83
[2022-08-01 09:46:42,785] [basehttp.py:161] [basehttp:log_message] [INFO]- "GET /qc/ticket?page=1&page_size=10&quality_status=%E5%BE%85%E8%B4%A8%E6%A3%80 HTTP/1.1" 200 5622
[2022-08-01 09:46:47,444] [basehttp.py:161] [basehttp:log_message] [INFO]- "GET /qc/quality?page=1&page_size=10&quality_status=%E6%9C%AA%E8%B4%A8%E6%A3%80 HTTP/1.1" 200 83
[2022-08-01 09:46:49,276] [basehttp.py:161] [basehttp:log_message] [INFO]- "OPTIONS /qc/ticket?page=1&page_size=10&quality_status=%E6%9C%AA%E8%B4%A8%E6%A3%80 HTTP/1.1" 200 0
[2022-08-01 09:46:49,365] [basehttp.py:161] [basehttp:log_message] [INFO]- "GET /qc/ticket?page=1&page_size=10&quality_status=%E6%9C%AA%E8%B4%A8%E6%A3%80 HTTP/1.1" 200 83
[2022-08-01 09:46:50,289] [basehttp.py:161] [basehttp:log_message] [INFO]- "GET /qc/quality?page=1&page_size=10&quality_status=%E6%9C%AA%E8%B4%A8%E6%A3%80 HTTP/1.1" 200 83
[2022-08-01 09:46:51,269] [basehttp.py:161] [basehttp:log_message] [INFO]- "OPTIONS /qc/quality?page=1&page_size=10&quality_status=%E5%B7%B2%E8%B4%A8%E6%A3%80 HTTP/1.1" 200 0
[2022-08-01 09:46:51,357] [basehttp.py:161] [basehttp:log_message] [INFO]- "GET /qc/quality?page=1&page_size=10&quality_status=%E5%B7%B2%E8%B4%A8%E6%A3%80 HTTP/1.1" 200 4871
[2022-08-01 09:46:51,850] [basehttp.py:161] [basehttp:log_message] [INFO]- "OPTIONS /qc/ticket?page=1&page_size=10&quality_status=%E5%B7%B2%E8%B4%A8%E6%A3%80 HTTP/1.1" 200 0
[2022-08-01 09:46:51,936] [basehttp.py:161] [basehttp:log_message] [INFO]- "GET /qc/ticket?page=1&page_size=10&quality_status=%E5%B7%B2%E8%B4%A8%E6%A3%80 HTTP/1.1" 200 600
[2022-08-01 09:46:52,427] [basehttp.py:161] [basehttp:log_message] [INFO]- "GET /qc/quality?page=1&page_size=10&quality_status=%E5%B7%B2%E8%B4%A8%E6%A3%80 HTTP/1.1" 200 4871
[2022-08-01 09:46:52,783] [basehttp.py:161] [basehttp:log_message] [INFO]- "GET /qc/ticket?page=1&page_size=10&quality_status=%E5%B7%B2%E8%B4%A8%E6%A3%80 HTTP/1.1" 200 600
[2022-08-01 09:47:00,605] [basehttp.py:161] [basehttp:log_message] [INFO]- "GET /qc/qualitycase HTTP/1.1" 200 1323
[2022-08-01 09:50:53,853] [basehttp.py:161] [basehttp:log_message] [INFO]- "GET /qc/quality?page=1&page_size=10&quality_status=%E5%B7%B2%E8%B4%A8%E6%A3%80&kefu=admin&holder=admin HTTP/1.1" 200 83
[2022-08-01 09:50:55,201] [basehttp.py:161] [basehttp:log_message] [INFO]- "OPTIONS /qc/ticket?page=1&page_size=10&quality_status=%E5%B7%B2%E8%B4%A8%E6%A3%80&kefu=admin&holder=admin HTTP/1.1" 200 0
[2022-08-01 09:50:55,295] [basehttp.py:161] [basehttp:log_message] [INFO]- "GET /qc/ticket?page=1&page_size=10&quality_status=%E5%B7%B2%E8%B4%A8%E6%A3%80&kefu=admin&holder=admin HTTP/1.1" 200 83
[2022-08-01 09:50:55,932] [basehttp.py:161] [basehttp:log_message] [INFO]- "GET /qc/quality?page=1&page_size=10&quality_status=%E5%B7%B2%E8%B4%A8%E6%A3%80&kefu=admin&holder=admin HTTP/1.1" 200 83
[2022-08-01 09:50:57,308] [basehttp.py:161] [basehttp:log_message] [INFO]- "GET /qc/ticket?page=1&page_size=10&quality_status=%E5%B7%B2%E8%B4%A8%E6%A3%80&kefu=admin&holder=admin HTTP/1.1" 200 83
[2022-08-01 09:50:58,580] [basehttp.py:161] [basehttp:log_message] [INFO]- "GET /qc/quality?page=1&page_size=10&quality_status=%E5%B7%B2%E8%B4%A8%E6%A3%80&kefu=admin&holder=admin HTTP/1.1" 200 83
[2022-08-01 09:50:59,047] [basehttp.py:161] [basehttp:log_message] [INFO]- "GET /qc/ticket?page=1&page_size=10&quality_status=%E5%B7%B2%E8%B4%A8%E6%A3%80&kefu=admin&holder=admin HTTP/1.1" 200 83
[2022-08-01 09:50:59,385] [basehttp.py:161] [basehttp:log_message] [INFO]- "GET /qc/quality?page=1&page_size=10&quality_status=%E5%B7%B2%E8%B4%A8%E6%A3%80&kefu=admin&holder=admin HTTP/1.1" 200 83
[2022-08-01 09:50:59,728] [basehttp.py:161] [basehttp:log_message] [INFO]- "GET /qc/ticket?page=1&page_size=10&quality_status=%E5%B7%B2%E8%B4%A8%E6%A3%80&kefu=admin&holder=admin HTTP/1.1" 200 83
[2022-08-01 09:51:00,076] [basehttp.py:161] [basehttp:log_message] [INFO]- "GET /qc/quality?page=1&page_size=10&quality_status=%E5%B7%B2%E8%B4%A8%E6%A3%80&kefu=admin&holder=admin HTTP/1.1" 200 83
[2022-08-01 09:51:01,620] [basehttp.py:161] [basehttp:log_message] [INFO]- "GET /qc/ticket?page=1&page_size=10&quality_status=%E5%B7%B2%E8%B4%A8%E6%A3%80&kefu=admin&holder=admin HTTP/1.1" 200 83
[2022-08-01 09:51:02,620] [basehttp.py:161] [basehttp:log_message] [INFO]- "GET /qc/quality?page=1&page_size=10&quality_status=%E5%B7%B2%E8%B4%A8%E6%A3%80&kefu=admin&holder=admin HTTP/1.1" 200 83
[2022-08-01 09:51:03,133] [basehttp.py:161] [basehttp:log_message] [INFO]- "GET /qc/ticket?page=1&page_size=10&quality_status=%E5%B7%B2%E8%B4%A8%E6%A3%80&kefu=admin&holder=admin HTTP/1.1" 200 83
[2022-08-01 09:51:04,008] [basehttp.py:161] [basehttp:log_message] [INFO]- "GET /qc/quality?page=1&page_size=10&quality_status=%E5%BE%85%E8%B4%A8%E6%A3%80 HTTP/1.1" 200 83
[2022-08-01 09:51:04,822] [basehttp.py:161] [basehttp:log_message] [INFO]- "GET /qc/ticket?page=1&page_size=10&quality_status=%E5%BE%85%E8%B4%A8%E6%A3%80 HTTP/1.1" 200 5622
[2022-08-01 09:51:05,157] [basehttp.py:161] [basehttp:log_message] [INFO]- "GET /qc/quality?page=1&page_size=10&quality_status=%E5%BE%85%E8%B4%A8%E6%A3%80 HTTP/1.1" 200 83
[2022-08-01 09:51:05,495] [basehttp.py:161] [basehttp:log_message] [INFO]- "GET /qc/ticket?page=1&page_size=10&quality_status=%E5%BE%85%E8%B4%A8%E6%A3%80 HTTP/1.1" 200 5622
[2022-08-01 09:51:18,510] [basehttp.py:161] [basehttp:log_message] [INFO]- "GET /qc/quality?page=1&page_size=10&quality_status=%E6%9C%AA%E8%B4%A8%E6%A3%80 HTTP/1.1" 200 83
[2022-08-01 09:51:20,218] [basehttp.py:161] [basehttp:log_message] [INFO]- "GET /qc/quality?page=1&page_size=10&quality_status=%E5%B7%B2%E8%B4%A8%E6%A3%80 HTTP/1.1" 200 4871
[2022-08-01 09:51:38,020] [basehttp.py:161] [basehttp:log_message] [INFO]- "GET /qc/qualitycase HTTP/1.1" 200 1323
[2022-08-01 09:52:10,024] [basehttp.py:161] [basehttp:log_message] [INFO]- "GET /qc/qualitycase HTTP/1.1" 200 1323
[2022-08-01 09:53:17,181] [basehttp.py:161] [basehttp:log_message] [INFO]- "GET /qc/quality?page=1&page_size=10&quality_status=%E6%9C%AA%E8%B4%A8%E6%A3%80 HTTP/1.1" 200 83
[2022-08-01 09:53:18,607] [basehttp.py:161] [basehttp:log_message] [INFO]- "GET /qc/ticket?page=1&page_size=10&quality_status=%E6%9C%AA%E8%B4%A8%E6%A3%80 HTTP/1.1" 200 83
[2022-08-01 09:53:20,174] [basehttp.py:161] [basehttp:log_message] [INFO]- "GET /qc/quality?page=1&page_size=10&quality_status=%E5%B7%B2%E8%B4%A8%E6%A3%80&kefu=admin&holder=admin HTTP/1.1" 200 83
[2022-08-01 09:53:20,972] [basehttp.py:161] [basehttp:log_message] [INFO]- "GET /qc/ticket?page=1&page_size=10&quality_status=%E5%B7%B2%E8%B4%A8%E6%A3%80&kefu=admin&holder=admin HTTP/1.1" 200 83
[2022-08-01 09:53:21,833] [basehttp.py:161] [basehttp:log_message] [INFO]- "GET /qc/quality?page=1&page_size=10&quality_status=%E5%B7%B2%E8%B4%A8%E6%A3%80&kefu=admin&holder=admin HTTP/1.1" 200 83
[2022-08-01 09:53:22,694] [basehttp.py:161] [basehttp:log_message] [INFO]- "GET /qc/quality?page=1&page_size=10&quality_status=%E6%9C%AA%E8%B4%A8%E6%A3%80 HTTP/1.1" 200 83
[2022-08-01 09:53:23,428] [basehttp.py:161] [basehttp:log_message] [INFO]- "GET /qc/ticket?page=1&page_size=10&quality_status=%E6%9C%AA%E8%B4%A8%E6%A3%80 HTTP/1.1" 200 83
[2022-08-01 09:53:24,790] [basehttp.py:161] [basehttp:log_message] [INFO]- "GET /qc/quality?page=1&page_size=10&quality_status=%E5%B7%B2%E8%B4%A8%E6%A3%80 HTTP/1.1" 200 4871
[2022-08-01 09:53:25,477] [basehttp.py:161] [basehttp:log_message] [INFO]- "GET /qc/ticket?page=1&page_size=10&quality_status=%E5%B7%B2%E8%B4%A8%E6%A3%80 HTTP/1.1" 200 600
[2022-08-01 09:53:25,842] [basehttp.py:161] [basehttp:log_message] [INFO]- "GET /qc/quality?page=1&page_size=10&quality_status=%E5%B7%B2%E8%B4%A8%E6%A3%80 HTTP/1.1" 200 4871
[2022-08-01 09:53:26,289] [basehttp.py:161] [basehttp:log_message] [INFO]- "GET /qc/ticket?page=1&page_size=10&quality_status=%E5%B7%B2%E8%B4%A8%E6%A3%80 HTTP/1.1" 200 600
[2022-08-01 09:53:27,427] [basehttp.py:161] [basehttp:log_message] [INFO]- "GET /qc/quality?page=1&page_size=10&quality_status=%E5%B7%B2%E8%B4%A8%E6%A3%80 HTTP/1.1" 200 4871
[2022-08-01 09:53:29,075] [basehttp.py:161] [basehttp:log_message] [INFO]- "GET /qc/quality?page=1&page_size=10&quality_status=%E5%BE%85%E8%B4%A8%E6%A3%80 HTTP/1.1" 200 83
[2022-08-01 09:53:29,807] [basehttp.py:161] [basehttp:log_message] [INFO]- "GET /qc/ticket?page=1&page_size=10&quality_status=%E5%BE%85%E8%B4%A8%E6%A3%80 HTTP/1.1" 200 5622
[2022-08-01 09:56:53,767] [basehttp.py:161] [basehttp:log_message] [INFO]- "GET /qc/quality?page=1&page_size=10&quality_status=%E5%BE%85%E8%B4%A8%E6%A3%80 HTTP/1.1" 200 83
[2022-08-01 09:56:55,034] [basehttp.py:161] [basehttp:log_message] [INFO]- "GET /qc/ticket?page=1&page_size=10&quality_status=%E5%BE%85%E8%B4%A8%E6%A3%80 HTTP/1.1" 200 5622
[2022-08-01 09:59:22,443] [basehttp.py:161] [basehttp:log_message] [INFO]- "GET /qc/qualitycase HTTP/1.1" 200 1323
[2022-08-01 09:59:25,696] [basehttp.py:161] [basehttp:log_message] [INFO]- "GET /qc/quality?page=1&page_size=10&quality_status=%E5%B7%B2%E8%B4%A8%E6%A3%80&kefu=admin&holder=admin HTTP/1.1" 200 83
[2022-08-01 09:59:27,123] [basehttp.py:161] [basehttp:log_message] [INFO]- "GET /qc/quality?page=1&page_size=10&quality_status=%E5%BE%85%E8%B4%A8%E6%A3%80 HTTP/1.1" 200 83
[2022-08-01 09:59:27,857] [basehttp.py:161] [basehttp:log_message] [INFO]- "GET /qc/ticket?page=1&page_size=10&quality_status=%E5%BE%85%E8%B4%A8%E6%A3%80 HTTP/1.1" 200 5622
[2022-08-01 10:00:07,365] [basehttp.py:161] [basehttp:log_message] [INFO]- "GET /system/user/info/ HTTP/1.1" 200 194
[2022-08-01 10:00:07,663] [basehttp.py:161] [basehttp:log_message] [INFO]- "GET /qc/quality?page=1&page_size=10&quality_status=%E5%BE%85%E8%B4%A8%E6%A3%80 HTTP/1.1" 200 83
[2022-08-01 10:00:27,774] [basehttp.py:161] [basehttp:log_message] [INFO]- "GET /qc/quality?page=1&page_size=10&quality_status=%E5%BE%85%E8%B4%A8%E6%A3%80 HTTP/1.1" 200 83
[2022-08-01 10:00:31,344] [basehttp.py:161] [basehttp:log_message] [INFO]- "GET /qc/quality?page=1&page_size=10&quality_status=%E5%BE%85%E8%B4%A8%E6%A3%80 HTTP/1.1" 200 83
[2022-08-01 10:01:24,351] [basehttp.py:161] [basehttp:log_message] [INFO]- "GET /qc/quality?page=1&page_size=10&quality_status=%E5%BE%85%E8%B4%A8%E6%A3%80 HTTP/1.1" 200 83
[2022-08-01 10:02:37,821] [autoreload.py:251] [autoreload:trigger_reload] [INFO]- E:\QC\apps\qc\models.py changed, reloading.
