[2022-07-25 10:11:16,665] [autoreload.py:637] [autoreload:run_with_reloader] [INFO]- Watching for file changes with StatReloader
[2022-07-25 10:11:25,334] [log.py:230] [log:log_response] [ERROR]- Internal Server Error: /
Traceback (most recent call last):
  File "E:\QC\venv\lib\site-packages\rest_framework\views.py", line 497, in dispatch
    self.initial(request, *args, **kwargs)
  File "E:\QC\venv\lib\site-packages\rest_framework\views.py", line 415, in initial
    self.check_permissions(request)
  File "E:\QC\venv\lib\site-packages\rest_framework\views.py", line 336, in check_permissions
    code=getattr(permission, 'code', None)
  File "E:\QC\venv\lib\site-packages\rest_framework\views.py", line 174, in permission_denied
    raise exceptions.NotAuthenticated()
rest_framework.exceptions.NotAuthenticated: 身份认证信息未提供。

During handling of the above exception, another exception occurred:

Traceback (most recent call last):
  File "E:\QC\venv\lib\site-packages\rest_framework\settings.py", line 177, in import_from_string
    return import_string(val)
  File "E:\QC\venv\lib\site-packages\django\utils\module_loading.py", line 17, in import_string
    module = import_module(module_path)
  File "C:\Users\h19716\AppData\Local\Programs\Python\Python37\lib\importlib\__init__.py", line 127, in import_module
    return _bootstrap._gcd_import(name[level:], package, level)
  File "<frozen importlib._bootstrap>", line 1006, in _gcd_import
  File "<frozen importlib._bootstrap>", line 983, in _find_and_load
  File "<frozen importlib._bootstrap>", line 965, in _find_and_load_unlocked
ModuleNotFoundError: No module named 'server.exception_handler'

During handling of the above exception, another exception occurred:

Traceback (most recent call last):
  File "E:\QC\venv\lib\site-packages\django\core\handlers\exception.py", line 47, in inner
    response = get_response(request)
  File "E:\QC\venv\lib\site-packages\django\core\handlers\base.py", line 181, in _get_response
    response = wrapped_callback(request, *callback_args, **callback_kwargs)
  File "E:\QC\venv\lib\site-packages\django\views\decorators\csrf.py", line 54, in wrapped_view
    return view_func(*args, **kwargs)
  File "E:\QC\venv\lib\site-packages\django\views\generic\base.py", line 70, in view
    return self.dispatch(request, *args, **kwargs)
  File "E:\QC\venv\lib\site-packages\rest_framework\views.py", line 509, in dispatch
    response = self.handle_exception(exc)
  File "E:\QC\venv\lib\site-packages\rest_framework\views.py", line 463, in handle_exception
    exception_handler = self.get_exception_handler()
  File "E:\QC\venv\lib\site-packages\rest_framework\views.py", line 298, in get_exception_handler
    return self.settings.EXCEPTION_HANDLER
  File "E:\QC\venv\lib\site-packages\rest_framework\settings.py", line 225, in __getattr__
    val = perform_import(val, attr)
  File "E:\QC\venv\lib\site-packages\rest_framework\settings.py", line 166, in perform_import
    return import_from_string(val, setting_name)
  File "E:\QC\venv\lib\site-packages\rest_framework\settings.py", line 180, in import_from_string
    raise ImportError(msg)
ImportError: Could not import 'server.exception_handler.custom_exception_handler' for API setting 'EXCEPTION_HANDLER'. ModuleNotFoundError: No module named 'server.exception_handler'.
[2022-07-25 10:11:25,337] [basehttp.py:161] [basehttp:log_message] [ERROR]- "GET / HTTP/1.1" 500 138212
[2022-07-25 10:11:25,452] [log.py:230] [log:log_response] [WARNING]- Not Found: /favicon.ico
[2022-07-25 10:11:25,453] [basehttp.py:161] [basehttp:log_message] [WARNING]- "GET /favicon.ico HTTP/1.1" 404 4608
[2022-07-25 10:12:06,303] [basehttp.py:161] [basehttp:log_message] [INFO]- "GET / HTTP/1.1" 200 5060
[2022-07-25 10:12:06,323] [basehttp.py:161] [basehttp:log_message] [INFO]- "GET /static/rest_framework/css/bootstrap-tweaks.css HTTP/1.1" 200 3385
[2022-07-25 10:12:06,324] [basehttp.py:161] [basehttp:log_message] [INFO]- "GET /static/rest_framework/css/default.css HTTP/1.1" 200 1152
[2022-07-25 10:12:06,324] [basehttp.py:161] [basehttp:log_message] [INFO]- "GET /static/rest_framework/css/prettify.css HTTP/1.1" 200 817
[2022-07-25 10:12:06,325] [basehttp.py:161] [basehttp:log_message] [INFO]- "GET /static/rest_framework/js/ajax-form.js HTTP/1.1" 200 3597
[2022-07-25 10:12:06,338] [basehttp.py:161] [basehttp:log_message] [INFO]- "GET /static/rest_framework/js/csrf.js HTTP/1.1" 200 1719
[2022-07-25 10:12:06,338] [basehttp.py:161] [basehttp:log_message] [INFO]- "GET /static/rest_framework/js/default.js HTTP/1.1" 200 1268
[2022-07-25 10:12:06,338] [basehttp.py:161] [basehttp:log_message] [INFO]- "GET /static/rest_framework/js/prettify-min.js HTTP/1.1" 200 13632
[2022-07-25 10:12:06,339] [basehttp.py:161] [basehttp:log_message] [INFO]- "GET /static/rest_framework/js/bootstrap.min.js HTTP/1.1" 200 39680
[2022-07-25 10:12:06,340] [basehttp.py:161] [basehttp:log_message] [INFO]- "GET /static/rest_framework/css/bootstrap.min.css HTTP/1.1" 200 121457
[2022-07-25 10:12:06,346] [basehttp.py:161] [basehttp:log_message] [INFO]- "GET /static/rest_framework/js/jquery-3.5.1.min.js HTTP/1.1" 200 89476
[2022-07-25 10:12:06,361] [basehttp.py:161] [basehttp:log_message] [INFO]- "GET /static/rest_framework/img/grid.png HTTP/1.1" 200 1458
[2022-07-25 10:12:10,523] [log.py:230] [log:log_response] [WARNING]- Not Found: /vip
[2022-07-25 10:12:10,524] [basehttp.py:161] [basehttp:log_message] [WARNING]- "GET /vip HTTP/1.1" 404 4584
[2022-07-25 10:12:15,113] [basehttp.py:161] [basehttp:log_message] [INFO]- "GET /admin HTTP/1.1" 301 0
[2022-07-25 10:12:15,132] [basehttp.py:161] [basehttp:log_message] [INFO]- "GET /admin/ HTTP/1.1" 302 0
[2022-07-25 10:12:15,149] [basehttp.py:161] [basehttp:log_message] [INFO]- "GET /admin/login/?next=/admin/ HTTP/1.1" 200 2216
[2022-07-25 10:12:15,175] [basehttp.py:161] [basehttp:log_message] [INFO]- "GET /static/admin/css/base.css HTTP/1.1" 200 19513
[2022-07-25 10:12:15,176] [basehttp.py:161] [basehttp:log_message] [INFO]- "GET /static/admin/css/nav_sidebar.css HTTP/1.1" 200 2271
[2022-07-25 10:12:15,176] [basehttp.py:161] [basehttp:log_message] [INFO]- "GET /static/admin/css/login.css HTTP/1.1" 200 939
[2022-07-25 10:12:15,176] [basehttp.py:161] [basehttp:log_message] [INFO]- "GET /static/admin/js/nav_sidebar.js HTTP/1.1" 200 1360
[2022-07-25 10:12:15,177] [basehttp.py:161] [basehttp:log_message] [INFO]- "GET /static/admin/css/responsive.css HTTP/1.1" 200 18545
[2022-07-25 10:12:15,185] [basehttp.py:161] [basehttp:log_message] [INFO]- "GET /static/admin/css/fonts.css HTTP/1.1" 200 423
[2022-07-25 10:12:15,206] [basehttp.py:161] [basehttp:log_message] [INFO]- "GET /static/admin/fonts/Roboto-Regular-webfont.woff HTTP/1.1" 200 85876
[2022-07-25 10:12:15,206] [basehttp.py:161] [basehttp:log_message] [INFO]- "GET /static/admin/fonts/Roboto-Light-webfont.woff HTTP/1.1" 200 85692
[2022-07-25 10:13:28,468] [autoreload.py:251] [autoreload:trigger_reload] [INFO]- E:\QC\apps\qc\models.py changed, reloading.
[2022-07-25 10:13:29,652] [autoreload.py:637] [autoreload:run_with_reloader] [INFO]- Watching for file changes with StatReloader
[2022-07-25 10:16:08,846] [autoreload.py:251] [autoreload:trigger_reload] [INFO]- E:\QC\server\settings.py changed, reloading.
[2022-07-25 10:16:09,950] [autoreload.py:637] [autoreload:run_with_reloader] [INFO]- Watching for file changes with StatReloader
[2022-07-25 10:19:07,364] [autoreload.py:251] [autoreload:trigger_reload] [INFO]- E:\QC\apps\qc\urls.py changed, reloading.
[2022-07-25 10:19:08,478] [autoreload.py:637] [autoreload:run_with_reloader] [INFO]- Watching for file changes with StatReloader
[2022-07-25 10:19:36,988] [autoreload.py:251] [autoreload:trigger_reload] [INFO]- E:\QC\apps\qc\urls.py changed, reloading.
[2022-07-25 10:19:38,148] [autoreload.py:637] [autoreload:run_with_reloader] [INFO]- Watching for file changes with StatReloader
[2022-07-25 10:19:40,535] [basehttp.py:161] [basehttp:log_message] [INFO]- "GET / HTTP/1.1" 200 5060
[2022-07-25 10:19:47,207] [basehttp.py:161] [basehttp:log_message] [INFO]- "GET /qc/ticket HTTP/1.1" 200 5141
[2022-07-25 10:19:56,386] [basehttp.py:161] [basehttp:log_message] [INFO]- "GET /admin/ HTTP/1.1" 302 0
[2022-07-25 10:19:56,401] [basehttp.py:161] [basehttp:log_message] [INFO]- "GET /admin/login/?next=/admin/ HTTP/1.1" 200 2216
[2022-07-25 10:20:03,464] [basehttp.py:161] [basehttp:log_message] [INFO]- "POST /admin/login/?next=/admin/ HTTP/1.1" 200 2348
[2022-07-25 10:20:03,504] [basehttp.py:161] [basehttp:log_message] [INFO]- "GET /static/admin/fonts/Roboto-Bold-webfont.woff HTTP/1.1" 200 86184
[2022-07-25 10:20:08,659] [basehttp.py:161] [basehttp:log_message] [INFO]- "POST /admin/login/?next=/admin/ HTTP/1.1" 302 0
[2022-07-25 10:20:09,325] [basehttp.py:161] [basehttp:log_message] [INFO]- "POST /admin/login/?next=/admin/ HTTP/1.1" 302 0
[2022-07-25 10:20:09,854] [basehttp.py:161] [basehttp:log_message] [INFO]- "GET /admin/ HTTP/1.1" 200 13754
[2022-07-25 10:20:09,871] [basehttp.py:161] [basehttp:log_message] [INFO]- "GET /static/admin/css/dashboard.css HTTP/1.1" 200 380
[2022-07-25 10:20:09,881] [basehttp.py:161] [basehttp:log_message] [INFO]- "GET /static/admin/img/icon-addlink.svg HTTP/1.1" 200 331
[2022-07-25 10:20:09,881] [basehttp.py:161] [basehttp:log_message] [INFO]- "GET /static/admin/img/icon-changelink.svg HTTP/1.1" 200 380
[2022-07-25 10:20:15,733] [basehttp.py:161] [basehttp:log_message] [INFO]- "GET /qc/ticket HTTP/1.1" 200 5418
[2022-07-25 10:20:26,759] [autoreload.py:251] [autoreload:trigger_reload] [INFO]- E:\QC\apps\qc\views.py changed, reloading.
[2022-07-25 10:20:27,876] [autoreload.py:637] [autoreload:run_with_reloader] [INFO]- Watching for file changes with StatReloader
[2022-07-25 10:20:28,388] [basehttp.py:161] [basehttp:log_message] [INFO]- "GET /qc/ticket HTTP/1.1" 200 5418
[2022-07-25 10:20:48,885] [autoreload.py:251] [autoreload:trigger_reload] [INFO]- E:\QC\apps\qc\views.py changed, reloading.
[2022-07-25 10:20:50,004] [autoreload.py:637] [autoreload:run_with_reloader] [INFO]- Watching for file changes with StatReloader
[2022-07-25 10:20:52,661] [autoreload.py:251] [autoreload:trigger_reload] [INFO]- E:\QC\apps\qc\views.py changed, reloading.
[2022-07-25 10:20:53,760] [autoreload.py:637] [autoreload:run_with_reloader] [INFO]- Watching for file changes with StatReloader
[2022-07-25 10:21:02,959] [basehttp.py:161] [basehttp:log_message] [INFO]- "GET /qc/ticket HTTP/1.1" 200 16839
[2022-07-25 10:21:33,540] [autoreload.py:251] [autoreload:trigger_reload] [INFO]- E:\QC\apps\qc\views.py changed, reloading.
[2022-07-25 10:21:34,659] [autoreload.py:637] [autoreload:run_with_reloader] [INFO]- Watching for file changes with StatReloader
[2022-07-25 10:22:21,467] [autoreload.py:251] [autoreload:trigger_reload] [INFO]- E:\QC\apps\qc\views.py changed, reloading.
[2022-07-25 10:22:22,573] [autoreload.py:637] [autoreload:run_with_reloader] [INFO]- Watching for file changes with StatReloader
[2022-07-25 10:26:53,804] [basehttp.py:161] [basehttp:log_message] [INFO]- "GET /admin/ HTTP/1.1" 200 13754
[2022-07-25 10:26:55,673] [basehttp.py:161] [basehttp:log_message] [INFO]- "GET /admin/django_celery_beat/periodictask/ HTTP/1.1" 200 12391
[2022-07-25 10:26:55,698] [basehttp.py:161] [basehttp:log_message] [INFO]- "GET /static/admin/js/jquery.init.js HTTP/1.1" 200 347
[2022-07-25 10:26:55,720] [basehttp.py:161] [basehttp:log_message] [INFO]- "GET /static/admin/css/changelists.css HTTP/1.1" 200 6874
[2022-07-25 10:26:55,728] [basehttp.py:161] [basehttp:log_message] [INFO]- "GET /static/admin/js/core.js HTTP/1.1" 200 5698
[2022-07-25 10:26:55,728] [basehttp.py:161] [basehttp:log_message] [INFO]- "GET /static/admin/js/admin/RelatedObjectLookups.js HTTP/1.1" 200 5984
[2022-07-25 10:26:55,728] [basehttp.py:161] [basehttp:log_message] [INFO]- "GET /static/admin/js/urlify.js HTTP/1.1" 200 7902
[2022-07-25 10:26:55,728] [basehttp.py:161] [basehttp:log_message] [INFO]- "GET /static/admin/js/actions.js HTTP/1.1" 200 7867
[2022-07-25 10:26:55,733] [basehttp.py:161] [basehttp:log_message] [INFO]- "GET /static/admin/js/vendor/jquery/jquery.js HTTP/1.1" 200 287630
[2022-07-25 10:26:55,744] [basehttp.py:161] [basehttp:log_message] [INFO]- "GET /static/admin/js/prepopulate.js HTTP/1.1" 200 1531
[2022-07-25 10:26:55,752] [basehttp.py:161] [basehttp:log_message] [INFO]- "GET /static/admin/js/vendor/xregexp/xregexp.js HTTP/1.1" 200 232381
[2022-07-25 10:26:55,763] [basehttp.py:161] [basehttp:log_message] [INFO]- "GET /admin/jsi18n/ HTTP/1.1" 200 8398
[2022-07-25 10:26:55,788] [basehttp.py:161] [basehttp:log_message] [INFO]- "GET /static/admin/img/search.svg HTTP/1.1" 200 458
[2022-07-25 10:26:55,820] [basehttp.py:161] [basehttp:log_message] [INFO]- "GET /static/admin/img/tooltag-add.svg HTTP/1.1" 200 331
[2022-07-25 10:26:58,297] [basehttp.py:161] [basehttp:log_message] [INFO]- "GET /admin/django_celery_beat/periodictask/ HTTP/1.1" 200 12391
[2022-07-25 10:26:58,341] [basehttp.py:161] [basehttp:log_message] [INFO]- "GET /admin/jsi18n/ HTTP/1.1" 200 8398
[2022-07-25 10:26:59,004] [basehttp.py:161] [basehttp:log_message] [INFO]- "GET /admin/django_celery_beat/periodictask/add/ HTTP/1.1" 200 25486
[2022-07-25 10:26:59,023] [basehttp.py:161] [basehttp:log_message] [INFO]- "GET /static/admin/js/collapse.js HTTP/1.1" 200 1803
[2022-07-25 10:26:59,023] [basehttp.py:161] [basehttp:log_message] [INFO]- "GET /static/admin/css/forms.css HTTP/1.1" 200 8804
[2022-07-25 10:26:59,023] [basehttp.py:161] [basehttp:log_message] [INFO]- "GET /static/admin/js/calendar.js HTTP/1.1" 200 8466
[2022-07-25 10:26:59,040] [basehttp.py:161] [basehttp:log_message] [INFO]- "GET /static/admin/css/widgets.css HTTP/1.1" 200 11097
[2022-07-25 10:26:59,040] [basehttp.py:161] [basehttp:log_message] [INFO]- "GET /static/admin/js/admin/DateTimeShortcuts.js HTTP/1.1" 200 19634
[2022-07-25 10:26:59,051] [basehttp.py:161] [basehttp:log_message] [INFO]- "GET /static/admin/js/prepopulate_init.js HTTP/1.1" 200 492
[2022-07-25 10:26:59,058] [basehttp.py:161] [basehttp:log_message] [INFO]- "GET /static/admin/js/change_form.js HTTP/1.1" 200 606
[2022-07-25 10:26:59,111] [basehttp.py:161] [basehttp:log_message] [INFO]- "GET /admin/jsi18n/ HTTP/1.1" 200 8398
[2022-07-25 10:26:59,144] [basehttp.py:161] [basehttp:log_message] [INFO]- "GET /static/admin/img/icon-calendar.svg HTTP/1.1" 200 1086
[2022-07-25 10:26:59,148] [basehttp.py:161] [basehttp:log_message] [INFO]- "GET /static/admin/img/icon-clock.svg HTTP/1.1" 200 677
[2022-07-25 10:28:11,284] [basehttp.py:161] [basehttp:log_message] [INFO]- "GET / HTTP/1.1" 200 5386
[2022-07-25 10:28:15,099] [basehttp.py:161] [basehttp:log_message] [INFO]- "GET /admin/ HTTP/1.1" 200 13754
[2022-07-25 10:28:16,636] [basehttp.py:161] [basehttp:log_message] [INFO]- "GET /admin/django_celery_beat/periodictask/ HTTP/1.1" 200 12391
[2022-07-25 10:28:16,677] [basehttp.py:161] [basehttp:log_message] [INFO]- "GET /admin/jsi18n/ HTTP/1.1" 200 8398
[2022-07-25 10:28:18,503] [basehttp.py:161] [basehttp:log_message] [INFO]- "GET /admin/django_celery_beat/periodictask/add/ HTTP/1.1" 200 25486
[2022-07-25 10:28:18,546] [basehttp.py:161] [basehttp:log_message] [INFO]- "GET /admin/jsi18n/ HTTP/1.1" 200 8398
[2022-07-25 10:28:28,949] [autoreload.py:637] [autoreload:run_with_reloader] [INFO]- Watching for file changes with StatReloader
[2022-07-25 10:28:33,252] [basehttp.py:161] [basehttp:log_message] [INFO]- "GET / HTTP/1.1" 200 5386
[2022-07-25 10:28:35,585] [basehttp.py:161] [basehttp:log_message] [INFO]- "GET /admin/ HTTP/1.1" 200 13754
[2022-07-25 10:28:35,915] [basehttp.py:161] [basehttp:log_message] [INFO]- "GET /admin/ HTTP/1.1" 200 13754
[2022-07-25 10:28:38,811] [basehttp.py:161] [basehttp:log_message] [INFO]- "GET /admin/django_celery_beat/periodictask/add/ HTTP/1.1" 200 25486
[2022-07-25 10:28:38,843] [basehttp.py:161] [basehttp:log_message] [INFO]- "GET /admin/jsi18n/ HTTP/1.1" 200 8398
[2022-07-25 10:30:39,094] [basehttp.py:161] [basehttp:log_message] [INFO]- "GET /admin/django_celery_beat/intervalschedule/ HTTP/1.1" 200 9471
[2022-07-25 10:30:39,145] [basehttp.py:161] [basehttp:log_message] [INFO]- "GET /admin/jsi18n/ HTTP/1.1" 200 8398
[2022-07-25 10:30:39,863] [basehttp.py:161] [basehttp:log_message] [INFO]- "GET /admin/django_celery_beat/periodictask/ HTTP/1.1" 200 12391
[2022-07-25 10:30:39,912] [basehttp.py:161] [basehttp:log_message] [INFO]- "GET /admin/jsi18n/ HTTP/1.1" 200 8398
[2022-07-25 10:30:42,073] [basehttp.py:161] [basehttp:log_message] [INFO]- "GET /admin/django_celery_beat/periodictask/add/ HTTP/1.1" 200 25486
[2022-07-25 10:30:42,110] [basehttp.py:161] [basehttp:log_message] [INFO]- "GET /admin/jsi18n/ HTTP/1.1" 200 8398
[2022-07-25 10:33:30,680] [autoreload.py:251] [autoreload:trigger_reload] [INFO]- E:\QC\server\__init__.py changed, reloading.
[2022-07-25 10:33:31,809] [autoreload.py:637] [autoreload:run_with_reloader] [INFO]- Watching for file changes with StatReloader
[2022-07-25 10:33:34,513] [basehttp.py:161] [basehttp:log_message] [INFO]- "GET / HTTP/1.1" 200 5386
[2022-07-25 10:33:37,007] [basehttp.py:161] [basehttp:log_message] [INFO]- "GET /admin/ HTTP/1.1" 200 13754
[2022-07-25 10:33:38,934] [basehttp.py:161] [basehttp:log_message] [INFO]- "GET /admin/ HTTP/1.1" 200 13754
[2022-07-25 10:33:40,458] [basehttp.py:161] [basehttp:log_message] [INFO]- "GET /admin/django_celery_beat/periodictask/ HTTP/1.1" 200 12391
[2022-07-25 10:33:40,505] [basehttp.py:161] [basehttp:log_message] [INFO]- "GET /admin/jsi18n/ HTTP/1.1" 200 8398
[2022-07-25 10:33:41,939] [basehttp.py:161] [basehttp:log_message] [INFO]- "GET /admin/django_celery_beat/periodictask/add/ HTTP/1.1" 200 25712
[2022-07-25 10:33:41,977] [basehttp.py:161] [basehttp:log_message] [INFO]- "GET /admin/jsi18n/ HTTP/1.1" 200 8398
[2022-07-25 10:33:53,118] [basehttp.py:161] [basehttp:log_message] [INFO]- "POST /admin/django_celery_beat/periodictask/add/ HTTP/1.1" 200 25940
[2022-07-25 10:33:53,177] [basehttp.py:161] [basehttp:log_message] [INFO]- "GET /admin/jsi18n/ HTTP/1.1" 200 8398
[2022-07-25 10:33:59,502] [basehttp.py:161] [basehttp:log_message] [INFO]- "POST /admin/django_celery_beat/periodictask/add/ HTTP/1.1" 200 25948
[2022-07-25 10:33:59,553] [basehttp.py:161] [basehttp:log_message] [INFO]- "GET /admin/jsi18n/ HTTP/1.1" 200 8398
[2022-07-25 10:34:09,092] [basehttp.py:161] [basehttp:log_message] [INFO]- "GET /admin/django_celery_beat/clockedschedule/add/?_to_field=id&_popup=1 HTTP/1.1" 200 3390
[2022-07-25 10:34:09,136] [basehttp.py:161] [basehttp:log_message] [INFO]- "GET /admin/jsi18n/ HTTP/1.1" 200 8398
[2022-07-25 10:34:12,753] [basehttp.py:161] [basehttp:log_message] [INFO]- "POST /admin/django_celery_beat/clockedschedule/add/?_to_field=id&_popup=1 HTTP/1.1" 200 347
[2022-07-25 10:34:12,771] [basehttp.py:161] [basehttp:log_message] [INFO]- "GET /static/admin/js/popup_response.js HTTP/1.1" 200 551
[2022-07-25 10:34:15,149] [basehttp.py:161] [basehttp:log_message] [INFO]- "POST /admin/django_celery_beat/periodictask/add/ HTTP/1.1" 302 0
[2022-07-25 10:34:15,258] [basehttp.py:161] [basehttp:log_message] [INFO]- "GET /admin/django_celery_beat/periodictask/ HTTP/1.1" 200 15323
[2022-07-25 10:34:15,279] [basehttp.py:161] [basehttp:log_message] [INFO]- "GET /static/admin/img/icon-yes.svg HTTP/1.1" 200 436
[2022-07-25 10:34:15,323] [basehttp.py:161] [basehttp:log_message] [INFO]- "GET /admin/jsi18n/ HTTP/1.1" 200 8398
[2022-07-25 10:34:16,632] [basehttp.py:161] [basehttp:log_message] [INFO]- "GET /admin/django_celery_beat/periodictask/1/change/ HTTP/1.1" 200 26175
[2022-07-25 10:34:16,678] [basehttp.py:161] [basehttp:log_message] [INFO]- "GET /admin/jsi18n/ HTTP/1.1" 200 8398
[2022-07-25 10:34:18,401] [basehttp.py:161] [basehttp:log_message] [INFO]- "GET /admin/django_celery_beat/periodictask/ HTTP/1.1" 200 15077
[2022-07-25 10:34:18,464] [basehttp.py:161] [basehttp:log_message] [INFO]- "GET /admin/jsi18n/ HTTP/1.1" 200 8398
[2022-07-25 10:35:51,140] [basehttp.py:161] [basehttp:log_message] [INFO]- "POST /admin/django_celery_beat/periodictask/ HTTP/1.1" 302 0
[2022-07-25 10:35:51,227] [basehttp.py:161] [basehttp:log_message] [INFO]- "GET /admin/django_celery_beat/periodictask/ HTTP/1.1" 200 15207
[2022-07-25 10:35:51,267] [basehttp.py:161] [basehttp:log_message] [INFO]- "GET /admin/jsi18n/ HTTP/1.1" 200 8398
[2022-07-25 10:36:14,035] [autoreload.py:251] [autoreload:trigger_reload] [INFO]- E:\QC\apps\qc\tasks.py changed, reloading.
[2022-07-25 10:36:15,179] [autoreload.py:637] [autoreload:run_with_reloader] [INFO]- Watching for file changes with StatReloader
[2022-07-25 10:36:15,771] [basehttp.py:161] [basehttp:log_message] [INFO]- "GET /admin/django_celery_beat/periodictask/1/change/ HTTP/1.1" 200 26175
[2022-07-25 10:36:15,806] [basehttp.py:161] [basehttp:log_message] [INFO]- "GET /admin/jsi18n/ HTTP/1.1" 200 8398
[2022-07-25 10:36:16,833] [basehttp.py:161] [basehttp:log_message] [INFO]- "GET /admin/django_celery_beat/periodictask/ HTTP/1.1" 200 15077
[2022-07-25 10:36:19,408] [basehttp.py:161] [basehttp:log_message] [INFO]- "POST /admin/django_celery_beat/periodictask/ HTTP/1.1" 302 0
[2022-07-25 10:36:19,494] [basehttp.py:161] [basehttp:log_message] [INFO]- "GET /admin/django_celery_beat/periodictask/ HTTP/1.1" 200 15207
[2022-07-25 10:36:19,530] [basehttp.py:161] [basehttp:log_message] [INFO]- "GET /admin/jsi18n/ HTTP/1.1" 200 8398
[2022-07-25 10:38:04,908] [autoreload.py:251] [autoreload:trigger_reload] [INFO]- E:\QC\apps\qc\tasks.py changed, reloading.
[2022-07-25 10:38:06,009] [autoreload.py:637] [autoreload:run_with_reloader] [INFO]- Watching for file changes with StatReloader
[2022-07-25 10:38:19,060] [basehttp.py:161] [basehttp:log_message] [INFO]- "POST /admin/django_celery_beat/periodictask/ HTTP/1.1" 302 0
[2022-07-25 10:38:19,185] [basehttp.py:161] [basehttp:log_message] [INFO]- "GET /admin/django_celery_beat/periodictask/ HTTP/1.1" 200 15207
[2022-07-25 10:38:19,220] [basehttp.py:161] [basehttp:log_message] [INFO]- "GET /admin/jsi18n/ HTTP/1.1" 200 8398
[2022-07-25 10:39:00,773] [autoreload.py:251] [autoreload:trigger_reload] [INFO]- E:\QC\apps\qc\tasks.py changed, reloading.
[2022-07-25 10:39:01,896] [autoreload.py:637] [autoreload:run_with_reloader] [INFO]- Watching for file changes with StatReloader
[2022-07-25 10:39:09,398] [basehttp.py:161] [basehttp:log_message] [INFO]- "POST /admin/django_celery_beat/periodictask/ HTTP/1.1" 302 0
[2022-07-25 10:39:09,518] [basehttp.py:161] [basehttp:log_message] [INFO]- "GET /admin/django_celery_beat/periodictask/ HTTP/1.1" 200 15207
[2022-07-25 10:39:09,554] [basehttp.py:161] [basehttp:log_message] [INFO]- "GET /admin/jsi18n/ HTTP/1.1" 200 8398
[2022-07-25 10:39:30,696] [autoreload.py:251] [autoreload:trigger_reload] [INFO]- E:\QC\apps\qc\models.py changed, reloading.
[2022-07-25 10:39:31,798] [autoreload.py:637] [autoreload:run_with_reloader] [INFO]- Watching for file changes with StatReloader
[2022-07-25 10:40:03,786] [basehttp.py:161] [basehttp:log_message] [INFO]- "POST /admin/django_celery_beat/periodictask/ HTTP/1.1" 302 0
[2022-07-25 10:40:03,901] [basehttp.py:161] [basehttp:log_message] [INFO]- "GET /admin/django_celery_beat/periodictask/ HTTP/1.1" 200 15207
[2022-07-25 10:40:03,937] [basehttp.py:161] [basehttp:log_message] [INFO]- "GET /admin/jsi18n/ HTTP/1.1" 200 8398
[2022-07-25 10:40:42,137] [basehttp.py:161] [basehttp:log_message] [INFO]- "POST /admin/django_celery_beat/periodictask/ HTTP/1.1" 302 0
[2022-07-25 10:40:42,228] [basehttp.py:161] [basehttp:log_message] [INFO]- "GET /admin/django_celery_beat/periodictask/ HTTP/1.1" 200 15207
[2022-07-25 10:40:42,264] [basehttp.py:161] [basehttp:log_message] [INFO]- "GET /admin/jsi18n/ HTTP/1.1" 200 8398
[2022-07-25 10:41:49,673] [autoreload.py:251] [autoreload:trigger_reload] [INFO]- E:\QC\apps\qc\tasks.py changed, reloading.
[2022-07-25 10:41:50,804] [autoreload.py:637] [autoreload:run_with_reloader] [INFO]- Watching for file changes with StatReloader
[2022-07-25 10:42:12,108] [log.py:230] [log:log_response] [ERROR]- Internal Server Error: /qc/ticket
Traceback (most recent call last):
  File "E:\QC\venv\lib\site-packages\django\core\handlers\exception.py", line 47, in inner
    response = get_response(request)
  File "E:\QC\venv\lib\site-packages\django\core\handlers\base.py", line 181, in _get_response
    response = wrapped_callback(request, *callback_args, **callback_kwargs)
  File "E:\QC\venv\lib\site-packages\django\views\decorators\csrf.py", line 54, in wrapped_view
    return view_func(*args, **kwargs)
  File "E:\QC\venv\lib\site-packages\django\views\generic\base.py", line 70, in view
    return self.dispatch(request, *args, **kwargs)
  File "E:\QC\venv\lib\site-packages\rest_framework\views.py", line 509, in dispatch
    response = self.handle_exception(exc)
  File "E:\QC\venv\lib\site-packages\rest_framework\views.py", line 469, in handle_exception
    self.raise_uncaught_exception(exc)
  File "E:\QC\venv\lib\site-packages\rest_framework\views.py", line 480, in raise_uncaught_exception
    raise exc
  File "E:\QC\venv\lib\site-packages\rest_framework\views.py", line 506, in dispatch
    response = handler(request, *args, **kwargs)
  File "E:\QC\apps\qc\views.py", line 60, in get
    page = request.data.get()
TypeError: get expected at least 1 arguments, got 0
[2022-07-25 10:42:12,110] [basehttp.py:161] [basehttp:log_message] [ERROR]- "GET /qc/ticket HTTP/1.1" 500 100078
[2022-07-25 10:42:23,852] [autoreload.py:251] [autoreload:trigger_reload] [INFO]- E:\QC\apps\qc\views.py changed, reloading.
[2022-07-25 10:42:24,976] [autoreload.py:637] [autoreload:run_with_reloader] [INFO]- Watching for file changes with StatReloader
[2022-07-25 10:42:25,985] [basehttp.py:161] [basehttp:log_message] [INFO]- "GET /qc/ticket HTTP/1.1" 200 15950
[2022-07-25 10:42:57,351] [autoreload.py:637] [autoreload:run_with_reloader] [INFO]- Watching for file changes with StatReloader
[2022-07-25 10:43:10,159] [basehttp.py:161] [basehttp:log_message] [INFO]- "GET /admin/django_celery_beat/periodictask/ HTTP/1.1" 200 15077
[2022-07-25 10:43:10,392] [basehttp.py:161] [basehttp:log_message] [INFO]- "GET /admin/django_celery_beat/periodictask/ HTTP/1.1" 200 15077
[2022-07-25 10:43:11,168] [basehttp.py:161] [basehttp:log_message] [INFO]- "GET /admin/django_celery_beat/periodictask/ HTTP/1.1" 200 15077
[2022-07-25 10:43:14,008] [basehttp.py:161] [basehttp:log_message] [INFO]- "POST /admin/django_celery_beat/periodictask/ HTTP/1.1" 302 0
[2022-07-25 10:43:14,091] [basehttp.py:161] [basehttp:log_message] [INFO]- "GET /admin/django_celery_beat/periodictask/ HTTP/1.1" 200 15207
[2022-07-25 10:43:14,124] [basehttp.py:161] [basehttp:log_message] [INFO]- "GET /admin/jsi18n/ HTTP/1.1" 200 8398
[2022-07-25 10:44:09,816] [autoreload.py:251] [autoreload:trigger_reload] [INFO]- E:\QC\apps\qc\models.py changed, reloading.
[2022-07-25 10:44:10,914] [autoreload.py:637] [autoreload:run_with_reloader] [INFO]- Watching for file changes with StatReloader
[2022-07-25 10:44:22,933] [basehttp.py:161] [basehttp:log_message] [INFO]- "POST /admin/django_celery_beat/periodictask/ HTTP/1.1" 302 0
[2022-07-25 10:44:23,060] [basehttp.py:161] [basehttp:log_message] [INFO]- "GET /admin/django_celery_beat/periodictask/ HTTP/1.1" 200 15207
[2022-07-25 10:44:23,098] [basehttp.py:161] [basehttp:log_message] [INFO]- "GET /admin/jsi18n/ HTTP/1.1" 200 8398
[2022-07-25 10:44:59,158] [autoreload.py:251] [autoreload:trigger_reload] [INFO]- E:\QC\apps\qc\tasks.py changed, reloading.
[2022-07-25 10:45:00,257] [autoreload.py:637] [autoreload:run_with_reloader] [INFO]- Watching for file changes with StatReloader
[2022-07-25 10:45:16,811] [basehttp.py:161] [basehttp:log_message] [INFO]- "POST /admin/django_celery_beat/periodictask/ HTTP/1.1" 302 0
[2022-07-25 10:45:16,930] [basehttp.py:161] [basehttp:log_message] [INFO]- "GET /admin/django_celery_beat/periodictask/ HTTP/1.1" 200 15207
[2022-07-25 10:45:16,968] [basehttp.py:161] [basehttp:log_message] [INFO]- "GET /admin/jsi18n/ HTTP/1.1" 200 8398
[2022-07-25 10:45:34,431] [autoreload.py:251] [autoreload:trigger_reload] [INFO]- E:\QC\apps\qc\models.py changed, reloading.
[2022-07-25 10:45:35,524] [autoreload.py:637] [autoreload:run_with_reloader] [INFO]- Watching for file changes with StatReloader
[2022-07-25 10:45:54,065] [basehttp.py:161] [basehttp:log_message] [INFO]- "POST /admin/django_celery_beat/periodictask/ HTTP/1.1" 302 0
[2022-07-25 10:45:54,207] [basehttp.py:161] [basehttp:log_message] [INFO]- "GET /admin/django_celery_beat/periodictask/ HTTP/1.1" 200 15207
[2022-07-25 10:45:54,283] [basehttp.py:161] [basehttp:log_message] [INFO]- "GET /admin/jsi18n/ HTTP/1.1" 200 8398
[2022-07-25 10:46:03,344] [autoreload.py:251] [autoreload:trigger_reload] [INFO]- E:\QC\apps\qc\tasks.py changed, reloading.
[2022-07-25 10:46:04,428] [autoreload.py:637] [autoreload:run_with_reloader] [INFO]- Watching for file changes with StatReloader
[2022-07-25 10:46:12,435] [basehttp.py:161] [basehttp:log_message] [INFO]- "POST /admin/django_celery_beat/periodictask/ HTTP/1.1" 302 0
[2022-07-25 10:46:12,621] [basehttp.py:161] [basehttp:log_message] [INFO]- "GET /admin/django_celery_beat/periodictask/ HTTP/1.1" 200 15207
[2022-07-25 10:46:12,660] [basehttp.py:161] [basehttp:log_message] [INFO]- "GET /admin/jsi18n/ HTTP/1.1" 200 8398
[2022-07-25 10:46:24,620] [basehttp.py:161] [basehttp:log_message] [INFO]- "GET /admin/ HTTP/1.1" 200 13721
[2022-07-25 10:46:26,640] [basehttp.py:161] [basehttp:log_message] [INFO]- "GET /qc/ticket HTTP/1.1" 200 15950
[2022-07-25 10:47:21,356] [autoreload.py:251] [autoreload:trigger_reload] [INFO]- E:\QC\apps\qc\views.py changed, reloading.
[2022-07-25 10:47:22,459] [autoreload.py:637] [autoreload:run_with_reloader] [INFO]- Watching for file changes with StatReloader
[2022-07-25 10:48:00,740] [autoreload.py:637] [autoreload:run_with_reloader] [INFO]- Watching for file changes with StatReloader
[2022-07-25 10:48:17,134] [autoreload.py:251] [autoreload:trigger_reload] [INFO]- E:\QC\apps\qc\urls.py changed, reloading.
[2022-07-25 10:48:18,248] [autoreload.py:637] [autoreload:run_with_reloader] [INFO]- Watching for file changes with StatReloader
[2022-07-25 10:48:29,309] [autoreload.py:251] [autoreload:trigger_reload] [INFO]- E:\QC\apps\qc\urls.py changed, reloading.
[2022-07-25 10:48:30,427] [autoreload.py:637] [autoreload:run_with_reloader] [INFO]- Watching for file changes with StatReloader
[2022-07-25 10:48:32,034] [autoreload.py:251] [autoreload:trigger_reload] [INFO]- E:\QC\apps\qc\urls.py changed, reloading.
[2022-07-25 10:48:33,161] [autoreload.py:637] [autoreload:run_with_reloader] [INFO]- Watching for file changes with StatReloader
[2022-07-25 10:48:35,366] [log.py:230] [log:log_response] [WARNING]- Not Found: /qc/ticket
[2022-07-25 10:48:35,367] [basehttp.py:161] [basehttp:log_message] [WARNING]- "GET /qc/ticket HTTP/1.1" 404 4499
[2022-07-25 10:48:44,643] [autoreload.py:251] [autoreload:trigger_reload] [INFO]- E:\QC\apps\qc\urls.py changed, reloading.
[2022-07-25 10:48:45,740] [autoreload.py:637] [autoreload:run_with_reloader] [INFO]- Watching for file changes with StatReloader
[2022-07-25 10:48:46,237] [log.py:230] [log:log_response] [WARNING]- Not Found: /qc/ticket
[2022-07-25 10:48:46,237] [basehttp.py:161] [basehttp:log_message] [WARNING]- "GET /qc/ticket HTTP/1.1" 404 4499
[2022-07-25 10:49:15,391] [autoreload.py:251] [autoreload:trigger_reload] [INFO]- E:\QC\apps\qc\urls.py changed, reloading.
[2022-07-25 10:49:16,544] [autoreload.py:637] [autoreload:run_with_reloader] [INFO]- Watching for file changes with StatReloader
[2022-07-25 10:49:17,705] [basehttp.py:161] [basehttp:log_message] [INFO]- "GET /qc/ticket HTTP/1.1" 200 22863
[2022-07-25 10:49:17,756] [basehttp.py:161] [basehttp:log_message] [INFO]- "GET /static/rest_framework/fonts/glyphicons-halflings-regular.woff2 HTTP/1.1" 200 18028
[2022-07-25 10:49:33,226] [autoreload.py:251] [autoreload:trigger_reload] [INFO]- E:\QC\apps\qc\views.py changed, reloading.
[2022-07-25 10:49:34,319] [autoreload.py:637] [autoreload:run_with_reloader] [INFO]- Watching for file changes with StatReloader
[2022-07-25 10:49:59,892] [autoreload.py:251] [autoreload:trigger_reload] [INFO]- E:\QC\apps\qc\views.py changed, reloading.
[2022-07-25 10:50:00,986] [autoreload.py:637] [autoreload:run_with_reloader] [INFO]- Watching for file changes with StatReloader
[2022-07-25 10:50:54,398] [autoreload.py:251] [autoreload:trigger_reload] [INFO]- E:\QC\apps\qc\views.py changed, reloading.
[2022-07-25 10:50:55,558] [autoreload.py:637] [autoreload:run_with_reloader] [INFO]- Watching for file changes with StatReloader
[2022-07-25 10:51:28,454] [autoreload.py:251] [autoreload:trigger_reload] [INFO]- E:\QC\apps\qc\views.py changed, reloading.
[2022-07-25 10:51:29,617] [autoreload.py:637] [autoreload:run_with_reloader] [INFO]- Watching for file changes with StatReloader
[2022-07-25 10:51:57,117] [autoreload.py:251] [autoreload:trigger_reload] [INFO]- E:\QC\apps\qc\views.py changed, reloading.
[2022-07-25 10:51:58,244] [autoreload.py:637] [autoreload:run_with_reloader] [INFO]- Watching for file changes with StatReloader
[2022-07-25 10:52:19,293] [autoreload.py:251] [autoreload:trigger_reload] [INFO]- E:\QC\apps\qc\views.py changed, reloading.
[2022-07-25 10:52:20,412] [autoreload.py:637] [autoreload:run_with_reloader] [INFO]- Watching for file changes with StatReloader
[2022-07-25 10:52:36,016] [autoreload.py:251] [autoreload:trigger_reload] [INFO]- E:\QC\apps\qc\views.py changed, reloading.
[2022-07-25 10:52:37,160] [autoreload.py:637] [autoreload:run_with_reloader] [INFO]- Watching for file changes with StatReloader
[2022-07-25 10:52:46,101] [log.py:230] [log:log_response] [ERROR]- Internal Server Error: /qc/ticket/14/detail
Traceback (most recent call last):
  File "E:\QC\venv\lib\site-packages\django\core\handlers\exception.py", line 47, in inner
    response = get_response(request)
  File "E:\QC\venv\lib\site-packages\django\core\handlers\base.py", line 181, in _get_response
    response = wrapped_callback(request, *callback_args, **callback_kwargs)
  File "E:\QC\venv\lib\site-packages\django\views\decorators\csrf.py", line 54, in wrapped_view
    return view_func(*args, **kwargs)
  File "E:\QC\venv\lib\site-packages\rest_framework\viewsets.py", line 125, in view
    return self.dispatch(request, *args, **kwargs)
  File "E:\QC\venv\lib\site-packages\rest_framework\views.py", line 509, in dispatch
    response = self.handle_exception(exc)
  File "E:\QC\venv\lib\site-packages\rest_framework\views.py", line 469, in handle_exception
    self.raise_uncaught_exception(exc)
  File "E:\QC\venv\lib\site-packages\rest_framework\views.py", line 480, in raise_uncaught_exception
    raise exc
  File "E:\QC\venv\lib\site-packages\rest_framework\views.py", line 506, in dispatch
    response = handler(request, *args, **kwargs)
TypeError: 'bool' object is not callable
[2022-07-25 10:52:46,104] [basehttp.py:161] [basehttp:log_message] [ERROR]- "GET /qc/ticket/14/detail HTTP/1.1" 500 96783
[2022-07-25 10:53:12,347] [autoreload.py:251] [autoreload:trigger_reload] [INFO]- E:\QC\apps\qc\views.py changed, reloading.
[2022-07-25 10:53:13,465] [autoreload.py:637] [autoreload:run_with_reloader] [INFO]- Watching for file changes with StatReloader
[2022-07-25 10:53:14,924] [log.py:230] [log:log_response] [ERROR]- Internal Server Error: /qc/ticket/14/detail
Traceback (most recent call last):
  File "E:\QC\venv\lib\site-packages\django\core\handlers\exception.py", line 47, in inner
    response = get_response(request)
  File "E:\QC\venv\lib\site-packages\django\core\handlers\base.py", line 181, in _get_response
    response = wrapped_callback(request, *callback_args, **callback_kwargs)
  File "E:\QC\venv\lib\site-packages\django\views\decorators\csrf.py", line 54, in wrapped_view
    return view_func(*args, **kwargs)
  File "E:\QC\venv\lib\site-packages\rest_framework\viewsets.py", line 125, in view
    return self.dispatch(request, *args, **kwargs)
  File "E:\QC\venv\lib\site-packages\rest_framework\views.py", line 509, in dispatch
    response = self.handle_exception(exc)
  File "E:\QC\venv\lib\site-packages\rest_framework\views.py", line 469, in handle_exception
    self.raise_uncaught_exception(exc)
  File "E:\QC\venv\lib\site-packages\rest_framework\views.py", line 480, in raise_uncaught_exception
    raise exc
  File "E:\QC\venv\lib\site-packages\rest_framework\views.py", line 506, in dispatch
    response = handler(request, *args, **kwargs)
TypeError: 'bool' object is not callable
[2022-07-25 10:53:14,926] [basehttp.py:161] [basehttp:log_message] [ERROR]- "GET /qc/ticket/14/detail HTTP/1.1" 500 96920
[2022-07-25 10:53:30,322] [autoreload.py:251] [autoreload:trigger_reload] [INFO]- E:\QC\apps\qc\views.py changed, reloading.
[2022-07-25 10:53:31,421] [autoreload.py:637] [autoreload:run_with_reloader] [INFO]- Watching for file changes with StatReloader
[2022-07-25 10:54:16,050] [autoreload.py:251] [autoreload:trigger_reload] [INFO]- E:\QC\apps\qc\views.py changed, reloading.
[2022-07-25 10:54:17,163] [autoreload.py:637] [autoreload:run_with_reloader] [INFO]- Watching for file changes with StatReloader
[2022-07-25 10:54:17,752] [log.py:230] [log:log_response] [ERROR]- Internal Server Error: /qc/ticket/14/detail
Traceback (most recent call last):
  File "E:\QC\venv\lib\site-packages\django\core\handlers\exception.py", line 47, in inner
    response = get_response(request)
  File "E:\QC\venv\lib\site-packages\django\core\handlers\base.py", line 181, in _get_response
    response = wrapped_callback(request, *callback_args, **callback_kwargs)
  File "E:\QC\venv\lib\site-packages\django\views\decorators\csrf.py", line 54, in wrapped_view
    return view_func(*args, **kwargs)
  File "E:\QC\venv\lib\site-packages\rest_framework\viewsets.py", line 125, in view
    return self.dispatch(request, *args, **kwargs)
  File "E:\QC\venv\lib\site-packages\rest_framework\views.py", line 509, in dispatch
    response = self.handle_exception(exc)
  File "E:\QC\venv\lib\site-packages\rest_framework\views.py", line 469, in handle_exception
    self.raise_uncaught_exception(exc)
  File "E:\QC\venv\lib\site-packages\rest_framework\views.py", line 480, in raise_uncaught_exception
    raise exc
  File "E:\QC\venv\lib\site-packages\rest_framework\views.py", line 506, in dispatch
    response = handler(request, *args, **kwargs)
TypeError: 'bool' object is not callable
[2022-07-25 10:54:17,754] [basehttp.py:161] [basehttp:log_message] [ERROR]- "GET /qc/ticket/14/detail HTTP/1.1" 500 96920
[2022-07-25 10:54:31,726] [autoreload.py:251] [autoreload:trigger_reload] [INFO]- E:\QC\apps\qc\views.py changed, reloading.
[2022-07-25 10:54:32,955] [autoreload.py:637] [autoreload:run_with_reloader] [INFO]- Watching for file changes with StatReloader
[2022-07-25 10:54:41,021] [autoreload.py:251] [autoreload:trigger_reload] [INFO]- E:\QC\apps\qc\views.py changed, reloading.
[2022-07-25 10:54:42,150] [autoreload.py:637] [autoreload:run_with_reloader] [INFO]- Watching for file changes with StatReloader
[2022-07-25 10:54:42,682] [log.py:230] [log:log_response] [ERROR]- Internal Server Error: /qc/ticket/14/detail
Traceback (most recent call last):
  File "E:\QC\venv\lib\site-packages\django\core\handlers\exception.py", line 47, in inner
    response = get_response(request)
  File "E:\QC\venv\lib\site-packages\django\core\handlers\base.py", line 181, in _get_response
    response = wrapped_callback(request, *callback_args, **callback_kwargs)
  File "E:\QC\venv\lib\site-packages\django\views\decorators\csrf.py", line 54, in wrapped_view
    return view_func(*args, **kwargs)
  File "E:\QC\venv\lib\site-packages\rest_framework\viewsets.py", line 125, in view
    return self.dispatch(request, *args, **kwargs)
  File "E:\QC\venv\lib\site-packages\rest_framework\views.py", line 509, in dispatch
    response = self.handle_exception(exc)
  File "E:\QC\venv\lib\site-packages\rest_framework\views.py", line 469, in handle_exception
    self.raise_uncaught_exception(exc)
  File "E:\QC\venv\lib\site-packages\rest_framework\views.py", line 480, in raise_uncaught_exception
    raise exc
  File "E:\QC\venv\lib\site-packages\rest_framework\views.py", line 506, in dispatch
    response = handler(request, *args, **kwargs)
TypeError: 'bool' object is not callable
[2022-07-25 10:54:42,684] [basehttp.py:161] [basehttp:log_message] [ERROR]- "GET /qc/ticket/14/detail HTTP/1.1" 500 96920
[2022-07-25 10:54:43,749] [log.py:230] [log:log_response] [ERROR]- Internal Server Error: /qc/ticket/14/detail
Traceback (most recent call last):
  File "E:\QC\venv\lib\site-packages\django\core\handlers\exception.py", line 47, in inner
    response = get_response(request)
  File "E:\QC\venv\lib\site-packages\django\core\handlers\base.py", line 181, in _get_response
    response = wrapped_callback(request, *callback_args, **callback_kwargs)
  File "E:\QC\venv\lib\site-packages\django\views\decorators\csrf.py", line 54, in wrapped_view
    return view_func(*args, **kwargs)
  File "E:\QC\venv\lib\site-packages\rest_framework\viewsets.py", line 125, in view
    return self.dispatch(request, *args, **kwargs)
  File "E:\QC\venv\lib\site-packages\rest_framework\views.py", line 509, in dispatch
    response = self.handle_exception(exc)
  File "E:\QC\venv\lib\site-packages\rest_framework\views.py", line 469, in handle_exception
    self.raise_uncaught_exception(exc)
  File "E:\QC\venv\lib\site-packages\rest_framework\views.py", line 480, in raise_uncaught_exception
    raise exc
  File "E:\QC\venv\lib\site-packages\rest_framework\views.py", line 506, in dispatch
    response = handler(request, *args, **kwargs)
TypeError: 'bool' object is not callable
[2022-07-25 10:54:43,751] [basehttp.py:161] [basehttp:log_message] [ERROR]- "GET /qc/ticket/14/detail HTTP/1.1" 500 96920
[2022-07-25 10:54:43,881] [log.py:230] [log:log_response] [ERROR]- Internal Server Error: /qc/ticket/14/detail
Traceback (most recent call last):
  File "E:\QC\venv\lib\site-packages\django\core\handlers\exception.py", line 47, in inner
    response = get_response(request)
  File "E:\QC\venv\lib\site-packages\django\core\handlers\base.py", line 181, in _get_response
    response = wrapped_callback(request, *callback_args, **callback_kwargs)
  File "E:\QC\venv\lib\site-packages\django\views\decorators\csrf.py", line 54, in wrapped_view
    return view_func(*args, **kwargs)
  File "E:\QC\venv\lib\site-packages\rest_framework\viewsets.py", line 125, in view
    return self.dispatch(request, *args, **kwargs)
  File "E:\QC\venv\lib\site-packages\rest_framework\views.py", line 509, in dispatch
    response = self.handle_exception(exc)
  File "E:\QC\venv\lib\site-packages\rest_framework\views.py", line 469, in handle_exception
    self.raise_uncaught_exception(exc)
  File "E:\QC\venv\lib\site-packages\rest_framework\views.py", line 480, in raise_uncaught_exception
    raise exc
  File "E:\QC\venv\lib\site-packages\rest_framework\views.py", line 506, in dispatch
    response = handler(request, *args, **kwargs)
TypeError: 'bool' object is not callable
[2022-07-25 10:54:43,883] [basehttp.py:161] [basehttp:log_message] [ERROR]- "GET /qc/ticket/14/detail HTTP/1.1" 500 96920
[2022-07-25 10:54:43,997] [log.py:230] [log:log_response] [ERROR]- Internal Server Error: /qc/ticket/14/detail
Traceback (most recent call last):
  File "E:\QC\venv\lib\site-packages\django\core\handlers\exception.py", line 47, in inner
    response = get_response(request)
  File "E:\QC\venv\lib\site-packages\django\core\handlers\base.py", line 181, in _get_response
    response = wrapped_callback(request, *callback_args, **callback_kwargs)
  File "E:\QC\venv\lib\site-packages\django\views\decorators\csrf.py", line 54, in wrapped_view
    return view_func(*args, **kwargs)
  File "E:\QC\venv\lib\site-packages\rest_framework\viewsets.py", line 125, in view
    return self.dispatch(request, *args, **kwargs)
  File "E:\QC\venv\lib\site-packages\rest_framework\views.py", line 509, in dispatch
    response = self.handle_exception(exc)
  File "E:\QC\venv\lib\site-packages\rest_framework\views.py", line 469, in handle_exception
    self.raise_uncaught_exception(exc)
  File "E:\QC\venv\lib\site-packages\rest_framework\views.py", line 480, in raise_uncaught_exception
    raise exc
  File "E:\QC\venv\lib\site-packages\rest_framework\views.py", line 506, in dispatch
    response = handler(request, *args, **kwargs)
TypeError: 'bool' object is not callable
[2022-07-25 10:54:43,998] [basehttp.py:161] [basehttp:log_message] [ERROR]- "GET /qc/ticket/14/detail HTTP/1.1" 500 96920
[2022-07-25 10:54:44,115] [log.py:230] [log:log_response] [ERROR]- Internal Server Error: /qc/ticket/14/detail
Traceback (most recent call last):
  File "E:\QC\venv\lib\site-packages\django\core\handlers\exception.py", line 47, in inner
    response = get_response(request)
  File "E:\QC\venv\lib\site-packages\django\core\handlers\base.py", line 181, in _get_response
    response = wrapped_callback(request, *callback_args, **callback_kwargs)
  File "E:\QC\venv\lib\site-packages\django\views\decorators\csrf.py", line 54, in wrapped_view
    return view_func(*args, **kwargs)
  File "E:\QC\venv\lib\site-packages\rest_framework\viewsets.py", line 125, in view
    return self.dispatch(request, *args, **kwargs)
  File "E:\QC\venv\lib\site-packages\rest_framework\views.py", line 509, in dispatch
    response = self.handle_exception(exc)
  File "E:\QC\venv\lib\site-packages\rest_framework\views.py", line 469, in handle_exception
    self.raise_uncaught_exception(exc)
  File "E:\QC\venv\lib\site-packages\rest_framework\views.py", line 480, in raise_uncaught_exception
    raise exc
  File "E:\QC\venv\lib\site-packages\rest_framework\views.py", line 506, in dispatch
    response = handler(request, *args, **kwargs)
TypeError: 'bool' object is not callable
[2022-07-25 10:54:44,116] [basehttp.py:161] [basehttp:log_message] [ERROR]- "GET /qc/ticket/14/detail HTTP/1.1" 500 96920
[2022-07-25 10:54:50,226] [autoreload.py:251] [autoreload:trigger_reload] [INFO]- E:\QC\apps\qc\views.py changed, reloading.
[2022-07-25 10:54:51,294] [autoreload.py:637] [autoreload:run_with_reloader] [INFO]- Watching for file changes with StatReloader
[2022-07-25 10:54:57,177] [autoreload.py:251] [autoreload:trigger_reload] [INFO]- E:\QC\apps\qc\views.py changed, reloading.
[2022-07-25 10:54:58,264] [autoreload.py:637] [autoreload:run_with_reloader] [INFO]- Watching for file changes with StatReloader
[2022-07-25 10:54:58,746] [log.py:230] [log:log_response] [ERROR]- Internal Server Error: /qc/ticket/14/detail
Traceback (most recent call last):
  File "E:\QC\venv\lib\site-packages\django\core\handlers\exception.py", line 47, in inner
    response = get_response(request)
  File "E:\QC\venv\lib\site-packages\django\core\handlers\base.py", line 181, in _get_response
    response = wrapped_callback(request, *callback_args, **callback_kwargs)
  File "E:\QC\venv\lib\site-packages\django\views\decorators\csrf.py", line 54, in wrapped_view
    return view_func(*args, **kwargs)
  File "E:\QC\venv\lib\site-packages\rest_framework\viewsets.py", line 125, in view
    return self.dispatch(request, *args, **kwargs)
  File "E:\QC\venv\lib\site-packages\rest_framework\views.py", line 509, in dispatch
    response = self.handle_exception(exc)
  File "E:\QC\venv\lib\site-packages\rest_framework\views.py", line 469, in handle_exception
    self.raise_uncaught_exception(exc)
  File "E:\QC\venv\lib\site-packages\rest_framework\views.py", line 480, in raise_uncaught_exception
    raise exc
  File "E:\QC\venv\lib\site-packages\rest_framework\views.py", line 506, in dispatch
    response = handler(request, *args, **kwargs)
TypeError: 'bool' object is not callable
[2022-07-25 10:54:58,748] [basehttp.py:161] [basehttp:log_message] [ERROR]- "GET /qc/ticket/14/detail HTTP/1.1" 500 96920
[2022-07-25 10:55:46,270] [autoreload.py:251] [autoreload:trigger_reload] [INFO]- E:\QC\apps\qc\views.py changed, reloading.
[2022-07-25 10:55:47,426] [autoreload.py:637] [autoreload:run_with_reloader] [INFO]- Watching for file changes with StatReloader
[2022-07-25 10:55:48,108] [log.py:230] [log:log_response] [ERROR]- Internal Server Error: /qc/ticket/14/detail
Traceback (most recent call last):
  File "E:\QC\venv\lib\site-packages\django\core\handlers\exception.py", line 47, in inner
    response = get_response(request)
  File "E:\QC\venv\lib\site-packages\django\core\handlers\base.py", line 181, in _get_response
    response = wrapped_callback(request, *callback_args, **callback_kwargs)
  File "E:\QC\venv\lib\site-packages\django\views\decorators\csrf.py", line 54, in wrapped_view
    return view_func(*args, **kwargs)
  File "E:\QC\venv\lib\site-packages\rest_framework\viewsets.py", line 125, in view
    return self.dispatch(request, *args, **kwargs)
  File "E:\QC\venv\lib\site-packages\rest_framework\views.py", line 509, in dispatch
    response = self.handle_exception(exc)
  File "E:\QC\venv\lib\site-packages\rest_framework\views.py", line 469, in handle_exception
    self.raise_uncaught_exception(exc)
  File "E:\QC\venv\lib\site-packages\rest_framework\views.py", line 480, in raise_uncaught_exception
    raise exc
  File "E:\QC\venv\lib\site-packages\rest_framework\views.py", line 506, in dispatch
    response = handler(request, *args, **kwargs)
TypeError: 'bool' object is not callable
[2022-07-25 10:55:48,110] [basehttp.py:161] [basehttp:log_message] [ERROR]- "GET /qc/ticket/14/detail HTTP/1.1" 500 96920
[2022-07-25 10:55:52,294] [autoreload.py:251] [autoreload:trigger_reload] [INFO]- E:\QC\apps\qc\views.py changed, reloading.
[2022-07-25 10:55:53,396] [autoreload.py:637] [autoreload:run_with_reloader] [INFO]- Watching for file changes with StatReloader
[2022-07-25 10:55:55,400] [log.py:230] [log:log_response] [ERROR]- Internal Server Error: /qc/ticket/14/detail
Traceback (most recent call last):
  File "E:\QC\venv\lib\site-packages\django\core\handlers\exception.py", line 47, in inner
    response = get_response(request)
  File "E:\QC\venv\lib\site-packages\django\core\handlers\base.py", line 181, in _get_response
    response = wrapped_callback(request, *callback_args, **callback_kwargs)
  File "E:\QC\venv\lib\site-packages\django\views\decorators\csrf.py", line 54, in wrapped_view
    return view_func(*args, **kwargs)
  File "E:\QC\venv\lib\site-packages\rest_framework\viewsets.py", line 125, in view
    return self.dispatch(request, *args, **kwargs)
  File "E:\QC\venv\lib\site-packages\rest_framework\views.py", line 509, in dispatch
    response = self.handle_exception(exc)
  File "E:\QC\venv\lib\site-packages\rest_framework\views.py", line 469, in handle_exception
    self.raise_uncaught_exception(exc)
  File "E:\QC\venv\lib\site-packages\rest_framework\views.py", line 480, in raise_uncaught_exception
    raise exc
  File "E:\QC\venv\lib\site-packages\rest_framework\views.py", line 506, in dispatch
    response = handler(request, *args, **kwargs)
TypeError: 'bool' object is not callable
[2022-07-25 10:55:55,403] [basehttp.py:161] [basehttp:log_message] [ERROR]- "GET /qc/ticket/14/detail HTTP/1.1" 500 96920
[2022-07-25 10:56:12,767] [log.py:230] [log:log_response] [ERROR]- Internal Server Error: /qc/ticket/69385721/detail
Traceback (most recent call last):
  File "E:\QC\venv\lib\site-packages\django\core\handlers\exception.py", line 47, in inner
    response = get_response(request)
  File "E:\QC\venv\lib\site-packages\django\core\handlers\base.py", line 181, in _get_response
    response = wrapped_callback(request, *callback_args, **callback_kwargs)
  File "E:\QC\venv\lib\site-packages\django\views\decorators\csrf.py", line 54, in wrapped_view
    return view_func(*args, **kwargs)
  File "E:\QC\venv\lib\site-packages\rest_framework\viewsets.py", line 125, in view
    return self.dispatch(request, *args, **kwargs)
  File "E:\QC\venv\lib\site-packages\rest_framework\views.py", line 509, in dispatch
    response = self.handle_exception(exc)
  File "E:\QC\venv\lib\site-packages\rest_framework\views.py", line 469, in handle_exception
    self.raise_uncaught_exception(exc)
  File "E:\QC\venv\lib\site-packages\rest_framework\views.py", line 480, in raise_uncaught_exception
    raise exc
  File "E:\QC\venv\lib\site-packages\rest_framework\views.py", line 506, in dispatch
    response = handler(request, *args, **kwargs)
TypeError: 'bool' object is not callable
[2022-07-25 10:56:12,768] [basehttp.py:161] [basehttp:log_message] [ERROR]- "GET /qc/ticket/69385721/detail HTTP/1.1" 500 96909
[2022-07-25 10:56:15,783] [basehttp.py:161] [basehttp:log_message] [INFO]- "GET /qc/ticket/detail HTTP/1.1" 200 12638
[2022-07-25 10:56:19,650] [log.py:230] [log:log_response] [ERROR]- Internal Server Error: /qc/ticket/1/detail
Traceback (most recent call last):
  File "E:\QC\venv\lib\site-packages\django\core\handlers\exception.py", line 47, in inner
    response = get_response(request)
  File "E:\QC\venv\lib\site-packages\django\core\handlers\base.py", line 181, in _get_response
    response = wrapped_callback(request, *callback_args, **callback_kwargs)
  File "E:\QC\venv\lib\site-packages\django\views\decorators\csrf.py", line 54, in wrapped_view
    return view_func(*args, **kwargs)
  File "E:\QC\venv\lib\site-packages\rest_framework\viewsets.py", line 125, in view
    return self.dispatch(request, *args, **kwargs)
  File "E:\QC\venv\lib\site-packages\rest_framework\views.py", line 509, in dispatch
    response = self.handle_exception(exc)
  File "E:\QC\venv\lib\site-packages\rest_framework\views.py", line 469, in handle_exception
    self.raise_uncaught_exception(exc)
  File "E:\QC\venv\lib\site-packages\rest_framework\views.py", line 480, in raise_uncaught_exception
    raise exc
  File "E:\QC\venv\lib\site-packages\rest_framework\views.py", line 506, in dispatch
    response = handler(request, *args, **kwargs)
TypeError: 'bool' object is not callable
[2022-07-25 10:56:19,652] [basehttp.py:161] [basehttp:log_message] [ERROR]- "GET /qc/ticket/1/detail HTTP/1.1" 500 96762
[2022-07-25 10:56:49,271] [autoreload.py:251] [autoreload:trigger_reload] [INFO]- E:\QC\apps\qc\views.py changed, reloading.
[2022-07-25 10:56:50,401] [autoreload.py:637] [autoreload:run_with_reloader] [INFO]- Watching for file changes with StatReloader
[2022-07-25 10:56:54,749] [basehttp.py:161] [basehttp:log_message] [INFO]- "GET /qc/ticket/1/detail HTTP/1.1" 200 5638
[2022-07-25 10:56:57,873] [log.py:230] [log:log_response] [WARNING]- Not Found: /qc/ticket/14//detail
[2022-07-25 10:56:57,874] [basehttp.py:161] [basehttp:log_message] [WARNING]- "GET /qc/ticket/14//detail HTTP/1.1" 404 5264
[2022-07-25 10:57:02,311] [basehttp.py:161] [basehttp:log_message] [INFO]- "GET /qc/ticket/14/detail HTTP/1.1" 200 72139
[2022-07-25 10:57:37,658] [autoreload.py:251] [autoreload:trigger_reload] [INFO]- E:\QC\apps\qc\views.py changed, reloading.
[2022-07-25 10:57:38,774] [autoreload.py:637] [autoreload:run_with_reloader] [INFO]- Watching for file changes with StatReloader
[2022-07-25 10:57:50,086] [autoreload.py:251] [autoreload:trigger_reload] [INFO]- E:\QC\apps\qc\views.py changed, reloading.
[2022-07-25 10:57:51,241] [autoreload.py:637] [autoreload:run_with_reloader] [INFO]- Watching for file changes with StatReloader
[2022-07-25 10:57:53,678] [basehttp.py:161] [basehttp:log_message] [INFO]- "GET /qc/ticket/14/detail HTTP/1.1" 200 9233
[2022-07-25 10:58:25,479] [basehttp.py:161] [basehttp:log_message] [INFO]- "GET /qc/ticket HTTP/1.1" 200 22863
[2022-07-25 10:59:30,514] [basehttp.py:161] [basehttp:log_message] [INFO]- "GET /qc/ticket/%7Bid%7D/detail HTTP/1.1" 200 5679
[2022-07-25 10:59:34,865] [basehttp.py:161] [basehttp:log_message] [INFO]- "GET /qc/ticket/14/detail HTTP/1.1" 200 9233
[2022-07-25 11:00:00,139] [basehttp.py:161] [basehttp:log_message] [INFO]- "OPTIONS /system/user/info/ HTTP/1.1" 200 0
[2022-07-25 11:00:00,252] [basehttp.py:161] [basehttp:log_message] [INFO]- "GET /system/user/info/ HTTP/1.1" 200 194
[2022-07-25 11:00:00,406] [basehttp.py:161] [basehttp:log_message] [INFO]- "GET /system/user/info/ HTTP/1.1" 200 194
[2022-07-25 11:10:15,018] [basehttp.py:161] [basehttp:log_message] [INFO]- "GET /system/user/info/ HTTP/1.1" 200 194
[2022-07-25 11:10:15,098] [basehttp.py:161] [basehttp:log_message] [INFO]- "GET /system/user/info/ HTTP/1.1" 200 194
[2022-07-25 11:11:08,004] [autoreload.py:251] [autoreload:trigger_reload] [INFO]- E:\QC\apps\qc\views.py changed, reloading.
[2022-07-25 11:11:09,142] [autoreload.py:637] [autoreload:run_with_reloader] [INFO]- Watching for file changes with StatReloader
[2022-07-25 11:14:00,840] [basehttp.py:161] [basehttp:log_message] [INFO]- "GET /system/user/info/ HTTP/1.1" 200 194
[2022-07-25 11:22:51,671] [basehttp.py:161] [basehttp:log_message] [INFO]- "OPTIONS /token/black/ HTTP/1.1" 200 0
[2022-07-25 11:22:51,761] [basehttp.py:161] [basehttp:log_message] [INFO]- "GET /token/black/ HTTP/1.1" 200 35
[2022-07-25 11:23:00,822] [basehttp.py:161] [basehttp:log_message] [INFO]- "OPTIONS /token/ HTTP/1.1" 200 0
[2022-07-25 11:23:01,024] [basehttp.py:161] [basehttp:log_message] [INFO]- "POST /token/ HTTP/1.1" 200 131
[2022-07-25 11:23:06,586] [basehttp.py:161] [basehttp:log_message] [INFO]- "POST /token/ HTTP/1.1" 200 131
[2022-07-25 11:23:10,085] [basehttp.py:161] [basehttp:log_message] [INFO]- "POST /token/ HTTP/1.1" 200 517
[2022-07-25 11:23:10,167] [basehttp.py:161] [basehttp:log_message] [INFO]- "GET /system/user/info/ HTTP/1.1" 200 194
[2022-07-25 11:23:45,530] [basehttp.py:161] [basehttp:log_message] [INFO]- "OPTIONS /system/user/?is_active=true&page=1&page_size=20 HTTP/1.1" 200 0
[2022-07-25 11:23:45,531] [basehttp.py:161] [basehttp:log_message] [INFO]- "OPTIONS /system/role/ HTTP/1.1" 200 0
[2022-07-25 11:23:45,532] [basehttp.py:161] [basehttp:log_message] [INFO]- "OPTIONS /system/organization/ HTTP/1.1" 200 0
[2022-07-25 11:23:45,856] [basehttp.py:161] [basehttp:log_message] [INFO]- "GET /system/organization/ HTTP/1.1" 200 2923
[2022-07-25 11:23:47,407] [basehttp.py:161] [basehttp:log_message] [INFO]- "GET /system/role/ HTTP/1.1" 200 1002
[2022-07-25 11:23:47,607] [basehttp.py:161] [basehttp:log_message] [INFO]- "GET /system/user/?is_active=true&page=1&page_size=20 HTTP/1.1" 200 6324
[2022-07-25 11:23:57,668] [basehttp.py:161] [basehttp:log_message] [INFO]- "GET /system/user/?is_active=true&page=1&page_size=20 HTTP/1.1" 200 6324
[2022-07-25 11:24:47,786] [basehttp.py:161] [basehttp:log_message] [INFO]- "GET /token/black/ HTTP/1.1" 200 35
[2022-07-25 11:24:49,652] [basehttp.py:161] [basehttp:log_message] [INFO]- "POST /token/ HTTP/1.1" 200 517
[2022-07-25 11:24:49,741] [basehttp.py:161] [basehttp:log_message] [INFO]- "GET /system/user/info/ HTTP/1.1" 200 194
[2022-07-25 11:24:49,915] [basehttp.py:161] [basehttp:log_message] [INFO]- "GET /system/organization/ HTTP/1.1" 200 2923
[2022-07-25 11:24:50,010] [basehttp.py:161] [basehttp:log_message] [INFO]- "GET /system/user/?is_active=true&page=1&page_size=20 HTTP/1.1" 200 6324
[2022-07-25 11:24:50,277] [basehttp.py:161] [basehttp:log_message] [INFO]- "GET /system/role/ HTTP/1.1" 200 1002
[2022-07-25 13:37:30,025] [basehttp.py:161] [basehttp:log_message] [INFO]- "OPTIONS /system/user/info/ HTTP/1.1" 200 0
[2022-07-25 13:37:30,107] [basehttp.py:161] [basehttp:log_message] [INFO]- "GET /system/user/info/ HTTP/1.1" 200 194
[2022-07-25 13:38:44,806] [basehttp.py:161] [basehttp:log_message] [INFO]- "GET /system/user/info/ HTTP/1.1" 200 194
[2022-07-25 13:44:50,876] [autoreload.py:251] [autoreload:trigger_reload] [INFO]- E:\QC\apps\qc\views.py changed, reloading.
[2022-07-25 13:44:52,154] [autoreload.py:637] [autoreload:run_with_reloader] [INFO]- Watching for file changes with StatReloader
[2022-07-25 13:45:18,504] [autoreload.py:251] [autoreload:trigger_reload] [INFO]- E:\QC\apps\qc\views.py changed, reloading.
[2022-07-25 13:45:19,597] [autoreload.py:637] [autoreload:run_with_reloader] [INFO]- Watching for file changes with StatReloader
[2022-07-25 13:46:38,900] [autoreload.py:251] [autoreload:trigger_reload] [INFO]- E:\QC\apps\qc\models.py changed, reloading.
[2022-07-25 13:46:40,056] [autoreload.py:637] [autoreload:run_with_reloader] [INFO]- Watching for file changes with StatReloader
[2022-07-25 13:47:35,551] [autoreload.py:251] [autoreload:trigger_reload] [INFO]- E:\QC\apps\qc\models.py changed, reloading.
[2022-07-25 13:47:36,683] [autoreload.py:637] [autoreload:run_with_reloader] [INFO]- Watching for file changes with StatReloader
[2022-07-25 13:48:01,993] [autoreload.py:251] [autoreload:trigger_reload] [INFO]- E:\QC\apps\qc\models.py changed, reloading.
[2022-07-25 13:48:03,150] [autoreload.py:637] [autoreload:run_with_reloader] [INFO]- Watching for file changes with StatReloader
[2022-07-25 13:48:21,264] [autoreload.py:251] [autoreload:trigger_reload] [INFO]- E:\QC\apps\qc\models.py changed, reloading.
[2022-07-25 13:48:22,349] [autoreload.py:637] [autoreload:run_with_reloader] [INFO]- Watching for file changes with StatReloader
[2022-07-25 13:48:23,917] [autoreload.py:251] [autoreload:trigger_reload] [INFO]- E:\QC\apps\qc\models.py changed, reloading.
[2022-07-25 13:48:25,009] [autoreload.py:637] [autoreload:run_with_reloader] [INFO]- Watching for file changes with StatReloader
[2022-07-25 13:51:14,478] [autoreload.py:251] [autoreload:trigger_reload] [INFO]- E:\QC\apps\qc\models.py changed, reloading.
[2022-07-25 13:51:15,570] [autoreload.py:637] [autoreload:run_with_reloader] [INFO]- Watching for file changes with StatReloader
[2022-07-25 13:51:30,084] [autoreload.py:251] [autoreload:trigger_reload] [INFO]- E:\QC\apps\qc\models.py changed, reloading.
[2022-07-25 13:51:31,166] [autoreload.py:637] [autoreload:run_with_reloader] [INFO]- Watching for file changes with StatReloader
[2022-07-25 13:51:35,998] [autoreload.py:251] [autoreload:trigger_reload] [INFO]- E:\QC\apps\qc\models.py changed, reloading.
[2022-07-25 13:51:37,089] [autoreload.py:637] [autoreload:run_with_reloader] [INFO]- Watching for file changes with StatReloader
[2022-07-25 13:52:12,097] [autoreload.py:251] [autoreload:trigger_reload] [INFO]- E:\QC\apps\qc\models.py changed, reloading.
[2022-07-25 13:52:13,225] [autoreload.py:637] [autoreload:run_with_reloader] [INFO]- Watching for file changes with StatReloader
[2022-07-25 13:53:04,363] [autoreload.py:251] [autoreload:trigger_reload] [INFO]- E:\QC\apps\qc\models.py changed, reloading.
[2022-07-25 13:53:05,445] [autoreload.py:637] [autoreload:run_with_reloader] [INFO]- Watching for file changes with StatReloader
[2022-07-25 13:53:12,471] [autoreload.py:251] [autoreload:trigger_reload] [INFO]- E:\QC\apps\qc\models.py changed, reloading.
[2022-07-25 13:53:13,563] [autoreload.py:637] [autoreload:run_with_reloader] [INFO]- Watching for file changes with StatReloader
[2022-07-25 13:53:38,880] [autoreload.py:251] [autoreload:trigger_reload] [INFO]- E:\QC\apps\qc\models.py changed, reloading.
[2022-07-25 13:53:40,083] [autoreload.py:637] [autoreload:run_with_reloader] [INFO]- Watching for file changes with StatReloader
[2022-07-25 13:54:10,861] [autoreload.py:251] [autoreload:trigger_reload] [INFO]- E:\QC\apps\qc\models.py changed, reloading.
[2022-07-25 13:54:11,985] [autoreload.py:637] [autoreload:run_with_reloader] [INFO]- Watching for file changes with StatReloader
[2022-07-25 13:54:45,867] [autoreload.py:251] [autoreload:trigger_reload] [INFO]- E:\QC\apps\qc\models.py changed, reloading.
[2022-07-25 13:54:46,945] [autoreload.py:637] [autoreload:run_with_reloader] [INFO]- Watching for file changes with StatReloader
[2022-07-25 13:55:00,862] [autoreload.py:251] [autoreload:trigger_reload] [INFO]- E:\QC\apps\qc\models.py changed, reloading.
[2022-07-25 13:55:01,929] [autoreload.py:637] [autoreload:run_with_reloader] [INFO]- Watching for file changes with StatReloader
[2022-07-25 13:55:17,983] [autoreload.py:251] [autoreload:trigger_reload] [INFO]- E:\QC\apps\qc\models.py changed, reloading.
[2022-07-25 13:55:19,081] [autoreload.py:637] [autoreload:run_with_reloader] [INFO]- Watching for file changes with StatReloader
[2022-07-25 13:56:03,734] [autoreload.py:251] [autoreload:trigger_reload] [INFO]- E:\QC\apps\qc\models.py changed, reloading.
[2022-07-25 13:56:04,891] [autoreload.py:637] [autoreload:run_with_reloader] [INFO]- Watching for file changes with StatReloader
[2022-07-25 13:56:28,014] [autoreload.py:251] [autoreload:trigger_reload] [INFO]- E:\QC\apps\qc\models.py changed, reloading.
[2022-07-25 13:56:29,100] [autoreload.py:637] [autoreload:run_with_reloader] [INFO]- Watching for file changes with StatReloader
[2022-07-25 13:56:42,527] [autoreload.py:251] [autoreload:trigger_reload] [INFO]- E:\QC\apps\qc\models.py changed, reloading.
[2022-07-25 13:56:43,665] [autoreload.py:637] [autoreload:run_with_reloader] [INFO]- Watching for file changes with StatReloader
[2022-07-25 13:56:54,971] [autoreload.py:251] [autoreload:trigger_reload] [INFO]- E:\QC\apps\qc\models.py changed, reloading.
[2022-07-25 13:56:56,059] [autoreload.py:637] [autoreload:run_with_reloader] [INFO]- Watching for file changes with StatReloader
[2022-07-25 13:57:31,000] [autoreload.py:251] [autoreload:trigger_reload] [INFO]- E:\QC\apps\qc\models.py changed, reloading.
[2022-07-25 13:57:32,100] [autoreload.py:637] [autoreload:run_with_reloader] [INFO]- Watching for file changes with StatReloader
[2022-07-25 13:57:49,778] [autoreload.py:251] [autoreload:trigger_reload] [INFO]- E:\QC\apps\qc\models.py changed, reloading.
[2022-07-25 13:57:50,884] [autoreload.py:637] [autoreload:run_with_reloader] [INFO]- Watching for file changes with StatReloader
[2022-07-25 13:58:03,213] [autoreload.py:251] [autoreload:trigger_reload] [INFO]- E:\QC\apps\qc\models.py changed, reloading.
[2022-07-25 13:58:04,331] [autoreload.py:637] [autoreload:run_with_reloader] [INFO]- Watching for file changes with StatReloader
[2022-07-25 13:58:15,563] [autoreload.py:251] [autoreload:trigger_reload] [INFO]- E:\QC\apps\qc\models.py changed, reloading.
[2022-07-25 13:58:16,705] [autoreload.py:637] [autoreload:run_with_reloader] [INFO]- Watching for file changes with StatReloader
[2022-07-25 13:58:21,493] [autoreload.py:251] [autoreload:trigger_reload] [INFO]- E:\QC\apps\qc\models.py changed, reloading.
[2022-07-25 13:58:22,752] [autoreload.py:637] [autoreload:run_with_reloader] [INFO]- Watching for file changes with StatReloader
[2022-07-25 13:58:28,637] [autoreload.py:251] [autoreload:trigger_reload] [INFO]- E:\QC\apps\qc\models.py changed, reloading.
[2022-07-25 13:58:29,740] [autoreload.py:637] [autoreload:run_with_reloader] [INFO]- Watching for file changes with StatReloader
[2022-07-25 13:58:36,697] [autoreload.py:251] [autoreload:trigger_reload] [INFO]- E:\QC\apps\qc\models.py changed, reloading.
[2022-07-25 13:58:37,780] [autoreload.py:637] [autoreload:run_with_reloader] [INFO]- Watching for file changes with StatReloader
[2022-07-25 13:58:49,014] [autoreload.py:251] [autoreload:trigger_reload] [INFO]- E:\QC\apps\qc\models.py changed, reloading.
[2022-07-25 13:58:50,163] [autoreload.py:637] [autoreload:run_with_reloader] [INFO]- Watching for file changes with StatReloader
[2022-07-25 13:58:51,752] [autoreload.py:251] [autoreload:trigger_reload] [INFO]- E:\QC\apps\qc\models.py changed, reloading.
[2022-07-25 13:58:52,882] [autoreload.py:637] [autoreload:run_with_reloader] [INFO]- Watching for file changes with StatReloader
[2022-07-25 14:01:26,139] [autoreload.py:251] [autoreload:trigger_reload] [INFO]- E:\QC\apps\qc\models.py changed, reloading.
[2022-07-25 14:01:27,243] [autoreload.py:637] [autoreload:run_with_reloader] [INFO]- Watching for file changes with StatReloader
[2022-07-25 14:01:29,107] [basehttp.py:161] [basehttp:log_message] [INFO]- "GET / HTTP/1.1" 200 5386
[2022-07-25 14:01:33,443] [basehttp.py:161] [basehttp:log_message] [INFO]- "OPTIONS /token/ HTTP/1.1" 200 0
[2022-07-25 14:01:33,671] [basehttp.py:161] [basehttp:log_message] [INFO]- "POST /token/ HTTP/1.1" 200 517
[2022-07-25 14:01:33,771] [basehttp.py:161] [basehttp:log_message] [INFO]- "GET /system/user/info/ HTTP/1.1" 200 194
[2022-07-25 14:37:32,053] [basehttp.py:161] [basehttp:log_message] [INFO]- "OPTIONS /qc/ticket HTTP/1.1" 200 0
[2022-07-25 14:37:32,147] [basehttp.py:161] [basehttp:log_message] [INFO]- "GET /qc/ticket HTTP/1.1" 200 2819
[2022-07-25 14:50:46,109] [basehttp.py:161] [basehttp:log_message] [INFO]- "GET /qc/ticket HTTP/1.1" 200 2819
[2022-07-25 14:51:16,094] [basehttp.py:161] [basehttp:log_message] [INFO]- "GET /qc/ticket HTTP/1.1" 200 2819
[2022-07-25 14:57:24,722] [basehttp.py:161] [basehttp:log_message] [INFO]- "GET /system/user/info/ HTTP/1.1" 200 194
[2022-07-25 14:59:40,704] [basehttp.py:161] [basehttp:log_message] [INFO]- "GET /system/user/info/ HTTP/1.1" 200 194
[2022-07-25 15:02:40,176] [basehttp.py:161] [basehttp:log_message] [INFO]- "GET /system/user/info/ HTTP/1.1" 200 194
[2022-07-25 15:02:41,905] [basehttp.py:161] [basehttp:log_message] [INFO]- "GET /qc/ticket HTTP/1.1" 200 2819
[2022-07-25 15:02:42,465] [basehttp.py:161] [basehttp:log_message] [INFO]- "GET /qc/ticket HTTP/1.1" 200 2819
[2022-07-25 15:02:43,436] [basehttp.py:161] [basehttp:log_message] [INFO]- "GET /qc/ticket HTTP/1.1" 200 2819
[2022-07-25 15:02:43,716] [basehttp.py:161] [basehttp:log_message] [INFO]- "GET /qc/ticket HTTP/1.1" 200 2819
[2022-07-25 15:02:55,443] [basehttp.py:161] [basehttp:log_message] [INFO]- "GET /qc/ticket HTTP/1.1" 200 2819
[2022-07-25 15:02:55,950] [basehttp.py:161] [basehttp:log_message] [INFO]- "GET /qc/ticket HTTP/1.1" 200 2819
[2022-07-25 15:02:56,768] [basehttp.py:161] [basehttp:log_message] [INFO]- "GET /qc/ticket HTTP/1.1" 200 2819
[2022-07-25 15:02:57,322] [basehttp.py:161] [basehttp:log_message] [INFO]- "GET /qc/ticket HTTP/1.1" 200 2819
[2022-07-25 15:08:46,657] [basehttp.py:161] [basehttp:log_message] [INFO]- "GET /qc/ticket HTTP/1.1" 200 2819
[2022-07-25 15:18:51,381] [basehttp.py:161] [basehttp:log_message] [INFO]- "GET /qc/ticket HTTP/1.1" 200 2819
[2022-07-25 15:18:53,489] [basehttp.py:161] [basehttp:log_message] [INFO]- "GET /system/user/info/ HTTP/1.1" 200 194
[2022-07-25 15:18:53,708] [basehttp.py:161] [basehttp:log_message] [INFO]- "GET /qc/ticket HTTP/1.1" 200 2819
[2022-07-25 15:18:58,266] [basehttp.py:161] [basehttp:log_message] [INFO]- "GET /qc/ticket HTTP/1.1" 200 2819
[2022-07-25 15:18:58,864] [basehttp.py:161] [basehttp:log_message] [INFO]- "GET /qc/ticket HTTP/1.1" 200 2819
[2022-07-25 15:19:30,539] [basehttp.py:161] [basehttp:log_message] [INFO]- "GET /qc/ticket HTTP/1.1" 200 2819
[2022-07-25 15:20:54,135] [basehttp.py:161] [basehttp:log_message] [INFO]- "GET /qc/ticket HTTP/1.1" 200 2819
[2022-07-25 15:21:16,521] [basehttp.py:161] [basehttp:log_message] [INFO]- "GET /qc/ticket HTTP/1.1" 200 2819
[2022-07-25 15:22:13,186] [basehttp.py:161] [basehttp:log_message] [INFO]- "GET /qc/ticket HTTP/1.1" 200 2819
[2022-07-25 15:22:19,103] [basehttp.py:161] [basehttp:log_message] [INFO]- "GET /qc/ticket HTTP/1.1" 200 2819
[2022-07-25 15:22:24,611] [basehttp.py:161] [basehttp:log_message] [INFO]- "GET /system/user/info/ HTTP/1.1" 200 194
[2022-07-25 15:22:24,778] [basehttp.py:161] [basehttp:log_message] [INFO]- "GET /qc/ticket HTTP/1.1" 200 2819
[2022-07-25 15:22:28,420] [basehttp.py:161] [basehttp:log_message] [INFO]- "GET /system/user/info/ HTTP/1.1" 200 194
[2022-07-25 15:22:28,651] [basehttp.py:161] [basehttp:log_message] [INFO]- "GET /qc/ticket HTTP/1.1" 200 2819
[2022-07-25 15:22:43,525] [basehttp.py:161] [basehttp:log_message] [INFO]- "GET /qc/ticket HTTP/1.1" 200 2819
[2022-07-25 15:22:45,972] [basehttp.py:161] [basehttp:log_message] [INFO]- "GET /system/user/info/ HTTP/1.1" 200 194
[2022-07-25 15:22:46,194] [basehttp.py:161] [basehttp:log_message] [INFO]- "GET /qc/ticket HTTP/1.1" 200 2819
[2022-07-25 15:22:55,457] [basehttp.py:161] [basehttp:log_message] [INFO]- "GET /qc/ticket HTTP/1.1" 200 2819
[2022-07-25 15:22:58,410] [basehttp.py:161] [basehttp:log_message] [INFO]- "GET /system/user/info/ HTTP/1.1" 200 194
[2022-07-25 15:22:58,640] [basehttp.py:161] [basehttp:log_message] [INFO]- "GET /qc/ticket HTTP/1.1" 200 2819
[2022-07-25 15:23:04,556] [autoreload.py:251] [autoreload:trigger_reload] [INFO]- E:\QC\apps\qc\models.py changed, reloading.
[2022-07-25 15:23:05,716] [autoreload.py:637] [autoreload:run_with_reloader] [INFO]- Watching for file changes with StatReloader
[2022-07-25 15:24:41,163] [basehttp.py:161] [basehttp:log_message] [INFO]- "GET /qc/ticket HTTP/1.1" 200 2819
[2022-07-25 15:24:43,022] [basehttp.py:161] [basehttp:log_message] [INFO]- "GET /qc/ticket HTTP/1.1" 200 2819
[2022-07-25 15:25:40,026] [basehttp.py:161] [basehttp:log_message] [INFO]- "GET /qc/ticket HTTP/1.1" 200 2819
[2022-07-25 15:26:19,450] [basehttp.py:161] [basehttp:log_message] [INFO]- "GET /qc/ticket HTTP/1.1" 200 2819
[2022-07-25 15:31:35,967] [basehttp.py:161] [basehttp:log_message] [INFO]- "GET /qc/ticket HTTP/1.1" 200 2819
[2022-07-25 15:32:46,163] [basehttp.py:161] [basehttp:log_message] [INFO]- "GET /qc/ticket HTTP/1.1" 200 2819
[2022-07-25 15:33:14,386] [basehttp.py:161] [basehttp:log_message] [INFO]- "GET /qc/ticket HTTP/1.1" 200 2819
[2022-07-25 15:33:32,675] [basehttp.py:161] [basehttp:log_message] [INFO]- "GET /qc/ticket HTTP/1.1" 200 2819
[2022-07-25 15:33:41,525] [basehttp.py:161] [basehttp:log_message] [INFO]- "GET /qc/ticket HTTP/1.1" 200 2819
[2022-07-25 15:33:41,841] [basehttp.py:161] [basehttp:log_message] [INFO]- "GET /qc/ticket HTTP/1.1" 200 2819
[2022-07-25 15:33:51,453] [basehttp.py:161] [basehttp:log_message] [INFO]- "GET /system/user/info/ HTTP/1.1" 200 194
[2022-07-25 15:33:51,709] [basehttp.py:161] [basehttp:log_message] [INFO]- "GET /qc/ticket HTTP/1.1" 200 2819
[2022-07-25 15:34:04,260] [basehttp.py:161] [basehttp:log_message] [INFO]- "GET /qc/ticket HTTP/1.1" 200 2819
[2022-07-25 15:39:15,669] [basehttp.py:161] [basehttp:log_message] [INFO]- "GET /qc/ticket HTTP/1.1" 200 2819
[2022-07-25 15:39:50,838] [basehttp.py:161] [basehttp:log_message] [INFO]- "GET /qc/ticket HTTP/1.1" 200 2819
[2022-07-25 15:42:07,074] [basehttp.py:161] [basehttp:log_message] [INFO]- "GET /qc/ticket HTTP/1.1" 200 2819
[2022-07-25 15:42:09,864] [basehttp.py:161] [basehttp:log_message] [INFO]- "GET /qc/ticket HTTP/1.1" 200 2819
[2022-07-25 15:42:12,516] [basehttp.py:161] [basehttp:log_message] [INFO]- "GET /qc/ticket HTTP/1.1" 200 2819
[2022-07-25 15:42:15,685] [basehttp.py:161] [basehttp:log_message] [INFO]- "GET /qc/ticket HTTP/1.1" 200 2819
[2022-07-25 15:42:17,677] [basehttp.py:161] [basehttp:log_message] [INFO]- "GET /qc/ticket HTTP/1.1" 200 2819
[2022-07-25 15:42:51,013] [basehttp.py:161] [basehttp:log_message] [INFO]- "GET /qc/ticket HTTP/1.1" 200 2819
[2022-07-25 15:43:39,238] [basehttp.py:161] [basehttp:log_message] [INFO]- "GET /qc/ticket HTTP/1.1" 200 2819
[2022-07-25 15:43:45,400] [basehttp.py:161] [basehttp:log_message] [INFO]- "GET /qc/ticket HTTP/1.1" 200 2819
[2022-07-25 15:44:02,790] [basehttp.py:161] [basehttp:log_message] [INFO]- "OPTIONS /system/user/info/ HTTP/1.1" 200 0
[2022-07-25 15:44:02,873] [basehttp.py:161] [basehttp:log_message] [INFO]- "GET /system/user/info/ HTTP/1.1" 200 194
[2022-07-25 15:44:03,062] [basehttp.py:161] [basehttp:log_message] [INFO]- "GET /qc/ticket HTTP/1.1" 200 2819
[2022-07-25 15:44:12,723] [basehttp.py:161] [basehttp:log_message] [INFO]- "GET /system/user/info/ HTTP/1.1" 200 194
[2022-07-25 15:44:13,124] [basehttp.py:161] [basehttp:log_message] [INFO]- "GET /system/user/info/ HTTP/1.1" 200 194
[2022-07-25 15:44:13,390] [basehttp.py:161] [basehttp:log_message] [INFO]- "GET /qc/ticket HTTP/1.1" 200 2819
[2022-07-25 15:44:46,389] [basehttp.py:161] [basehttp:log_message] [INFO]- "GET /system/user/info/ HTTP/1.1" 200 194
[2022-07-25 15:44:46,621] [basehttp.py:161] [basehttp:log_message] [INFO]- "GET /qc/ticket HTTP/1.1" 200 2819
[2022-07-25 15:45:19,384] [basehttp.py:161] [basehttp:log_message] [INFO]- "GET /qc/ticket HTTP/1.1" 200 2819
[2022-07-25 15:45:21,573] [basehttp.py:161] [basehttp:log_message] [INFO]- "GET /system/user/info/ HTTP/1.1" 200 194
[2022-07-25 15:45:21,804] [basehttp.py:161] [basehttp:log_message] [INFO]- "GET /qc/ticket HTTP/1.1" 200 2819
[2022-07-25 15:47:06,438] [basehttp.py:161] [basehttp:log_message] [INFO]- "GET /qc/ticket HTTP/1.1" 200 2819
[2022-07-25 15:48:13,052] [basehttp.py:161] [basehttp:log_message] [INFO]- "GET /system/user/info/ HTTP/1.1" 200 194
[2022-07-25 15:48:13,277] [basehttp.py:161] [basehttp:log_message] [INFO]- "GET /qc/ticket HTTP/1.1" 200 2819
[2022-07-25 15:48:21,992] [basehttp.py:161] [basehttp:log_message] [INFO]- "GET /qc/ticket HTTP/1.1" 200 2819
[2022-07-25 15:48:54,992] [basehttp.py:161] [basehttp:log_message] [INFO]- "GET /qc/ticket HTTP/1.1" 200 2819
[2022-07-25 15:49:04,320] [basehttp.py:161] [basehttp:log_message] [INFO]- "GET /system/user/info/ HTTP/1.1" 200 194
[2022-07-25 15:49:04,547] [basehttp.py:161] [basehttp:log_message] [INFO]- "GET /qc/ticket HTTP/1.1" 200 2819
[2022-07-25 16:00:38,258] [basehttp.py:161] [basehttp:log_message] [INFO]- "GET /qc/ticket HTTP/1.1" 200 2819
[2022-07-25 16:00:59,258] [basehttp.py:161] [basehttp:log_message] [INFO]- "GET /qc/ticket HTTP/1.1" 200 2819
[2022-07-25 16:01:07,907] [basehttp.py:161] [basehttp:log_message] [INFO]- "GET /qc/ticket HTTP/1.1" 200 2819
[2022-07-25 16:02:22,910] [basehttp.py:161] [basehttp:log_message] [INFO]- "GET /qc/ticket HTTP/1.1" 200 2819
[2022-07-25 16:03:50,133] [basehttp.py:161] [basehttp:log_message] [INFO]- "GET /qc/ticket HTTP/1.1" 200 2819
[2022-07-25 16:04:11,225] [basehttp.py:161] [basehttp:log_message] [INFO]- "GET /qc/ticket HTTP/1.1" 200 2819
[2022-07-25 16:30:18,838] [basehttp.py:161] [basehttp:log_message] [INFO]- "GET /qc/ticket HTTP/1.1" 200 2819
[2022-07-25 16:30:45,070] [basehttp.py:161] [basehttp:log_message] [INFO]- "GET /qc/ticket HTTP/1.1" 200 2819
[2022-07-25 16:33:04,864] [basehttp.py:161] [basehttp:log_message] [INFO]- "GET /qc/ticket HTTP/1.1" 200 2819
[2022-07-25 16:33:08,468] [basehttp.py:161] [basehttp:log_message] [INFO]- "GET /system/user/info/ HTTP/1.1" 200 194
[2022-07-25 16:33:08,726] [basehttp.py:161] [basehttp:log_message] [INFO]- "GET /qc/ticket HTTP/1.1" 200 2819
[2022-07-25 16:33:21,789] [basehttp.py:161] [basehttp:log_message] [INFO]- "GET /qc/ticket HTTP/1.1" 200 2819
[2022-07-25 16:33:38,098] [basehttp.py:161] [basehttp:log_message] [INFO]- "GET /qc/ticket HTTP/1.1" 200 2819
[2022-07-25 17:01:04,239] [basehttp.py:161] [basehttp:log_message] [INFO]- "OPTIONS /qc/ticket HTTP/1.1" 200 0
[2022-07-25 17:01:04,338] [basehttp.py:161] [basehttp:log_message] [INFO]- "GET /qc/ticket HTTP/1.1" 200 2819
[2022-07-25 17:01:04,927] [basehttp.py:161] [basehttp:log_message] [INFO]- "GET /qc/ticket HTTP/1.1" 200 2819
[2022-07-26 09:28:20,085] [autoreload.py:251] [autoreload:trigger_reload] [INFO]- E:\QC\apps\qc\serializer.py changed, reloading.
