[2022-08-04 14:50:54,135] [autoreload.py:637] [autoreload:run_with_reloader] [INFO]- Watching for file changes with StatReloader
[2022-08-04 14:51:20,625] [basehttp.py:161] [basehttp:log_message] [INFO]- "GET /qc/recheck HTTP/1.1" 200 3453
[2022-08-04 14:51:23,554] [autoreload.py:251] [autoreload:trigger_reload] [INFO]- E:\QC\apps\qc\serializer.py changed, reloading.
[2022-08-04 14:51:24,709] [autoreload.py:637] [autoreload:run_with_reloader] [INFO]- Watching for file changes with StatReloader
[2022-08-04 14:54:52,322] [autoreload.py:251] [autoreload:trigger_reload] [INFO]- E:\QC\apps\qc\serializer.py changed, reloading.
[2022-08-04 14:54:53,447] [autoreload.py:637] [autoreload:run_with_reloader] [INFO]- Watching for file changes with StatReloader
[2022-08-04 14:55:05,216] [basehttp.py:161] [basehttp:log_message] [INFO]- "GET /system/user/info/ HTTP/1.1" 200 194
[2022-08-04 14:55:05,435] [basehttp.py:161] [basehttp:log_message] [INFO]- "GET /qc/recheck HTTP/1.1" 200 3695
[2022-08-04 14:57:28,430] [basehttp.py:161] [basehttp:log_message] [INFO]- "GET /qc/announcement HTTP/1.1" 200 438
[2022-08-04 14:57:28,469] [basehttp.py:161] [basehttp:log_message] [INFO]- "GET /qc/quality?page=1&page_size=10&quality_status=%E6%9C%AA%E8%B4%A8%E6%A3%80 HTTP/1.1" 200 83
[2022-08-04 14:57:29,498] [basehttp.py:161] [basehttp:log_message] [INFO]- "OPTIONS /qc/ticket?page=1&page_size=10&quality_status=%E6%9C%AA%E8%B4%A8%E6%A3%80 HTTP/1.1" 200 0
[2022-08-04 14:57:29,652] [basehttp.py:161] [basehttp:log_message] [INFO]- "GET /qc/ticket?page=1&page_size=10&quality_status=%E6%9C%AA%E8%B4%A8%E6%A3%80 HTTP/1.1" 200 83
[2022-08-04 14:57:31,647] [basehttp.py:161] [basehttp:log_message] [INFO]- "GET /qc/announcement HTTP/1.1" 200 438
[2022-08-04 14:57:31,654] [basehttp.py:161] [basehttp:log_message] [INFO]- "GET /qc/quality?page=1&page_size=10&quality_status=%E5%B7%B2%E8%B4%A8%E6%A3%80 HTTP/1.1" 200 1853
[2022-08-04 14:57:40,551] [autoreload.py:251] [autoreload:trigger_reload] [INFO]- E:\QC\apps\qc\models.py changed, reloading.
[2022-08-04 14:57:41,711] [autoreload.py:637] [autoreload:run_with_reloader] [INFO]- Watching for file changes with StatReloader
[2022-08-04 14:58:27,640] [autoreload.py:251] [autoreload:trigger_reload] [INFO]- E:\QC\apps\qc\models.py changed, reloading.
[2022-08-04 14:58:28,790] [autoreload.py:637] [autoreload:run_with_reloader] [INFO]- Watching for file changes with StatReloader
[2022-08-04 14:58:52,681] [basehttp.py:161] [basehttp:log_message] [INFO]- "GET /qc/recheck HTTP/1.1" 200 3695
[2022-08-04 15:01:15,751] [autoreload.py:251] [autoreload:trigger_reload] [INFO]- E:\QC\apps\qc\models.py changed, reloading.
[2022-08-04 15:01:16,896] [autoreload.py:637] [autoreload:run_with_reloader] [INFO]- Watching for file changes with StatReloader
[2022-08-04 15:03:56,958] [autoreload.py:251] [autoreload:trigger_reload] [INFO]- E:\QC\apps\qc\models.py changed, reloading.
[2022-08-04 15:03:58,081] [autoreload.py:637] [autoreload:run_with_reloader] [INFO]- Watching for file changes with StatReloader
[2022-08-04 15:06:22,412] [autoreload.py:251] [autoreload:trigger_reload] [INFO]- E:\QC\apps\qc\serializer.py changed, reloading.
[2022-08-04 15:06:23,532] [autoreload.py:637] [autoreload:run_with_reloader] [INFO]- Watching for file changes with StatReloader
[2022-08-04 15:06:30,290] [autoreload.py:251] [autoreload:trigger_reload] [INFO]- E:\QC\apps\qc\serializer.py changed, reloading.
[2022-08-04 15:06:31,392] [autoreload.py:637] [autoreload:run_with_reloader] [INFO]- Watching for file changes with StatReloader
[2022-08-04 15:07:21,246] [autoreload.py:251] [autoreload:trigger_reload] [INFO]- E:\QC\apps\qc\serializer.py changed, reloading.
[2022-08-04 15:07:22,385] [autoreload.py:637] [autoreload:run_with_reloader] [INFO]- Watching for file changes with StatReloader
[2022-08-04 15:08:04,597] [autoreload.py:251] [autoreload:trigger_reload] [INFO]- E:\QC\apps\qc\serializer.py changed, reloading.
[2022-08-04 15:08:05,754] [autoreload.py:637] [autoreload:run_with_reloader] [INFO]- Watching for file changes with StatReloader
[2022-08-04 15:08:07,098] [basehttp.py:161] [basehttp:log_message] [INFO]- "GET / HTTP/1.1" 200 5386
[2022-08-04 15:08:07,122] [basehttp.py:161] [basehttp:log_message] [INFO]- "GET /static/rest_framework/css/bootstrap.min.css HTTP/1.1" 304 0
[2022-08-04 15:08:07,124] [basehttp.py:161] [basehttp:log_message] [INFO]- "GET /static/rest_framework/css/bootstrap-tweaks.css HTTP/1.1" 304 0
[2022-08-04 15:08:07,125] [basehttp.py:161] [basehttp:log_message] [INFO]- "GET /static/rest_framework/css/prettify.css HTTP/1.1" 304 0
[2022-08-04 15:08:07,127] [basehttp.py:161] [basehttp:log_message] [INFO]- "GET /static/rest_framework/css/default.css HTTP/1.1" 304 0
[2022-08-04 15:08:07,128] [basehttp.py:161] [basehttp:log_message] [INFO]- "GET /static/rest_framework/js/jquery-3.5.1.min.js HTTP/1.1" 304 0
[2022-08-04 15:08:07,128] [basehttp.py:161] [basehttp:log_message] [INFO]- "GET /static/rest_framework/js/csrf.js HTTP/1.1" 304 0
[2022-08-04 15:08:07,130] [basehttp.py:161] [basehttp:log_message] [INFO]- "GET /static/rest_framework/js/ajax-form.js HTTP/1.1" 304 0
[2022-08-04 15:08:07,132] [basehttp.py:161] [basehttp:log_message] [INFO]- "GET /static/rest_framework/js/bootstrap.min.js HTTP/1.1" 304 0
[2022-08-04 15:08:07,132] [basehttp.py:161] [basehttp:log_message] [INFO]- "GET /static/rest_framework/js/prettify-min.js HTTP/1.1" 304 0
[2022-08-04 15:08:07,133] [basehttp.py:161] [basehttp:log_message] [INFO]- "GET /static/rest_framework/js/default.js HTTP/1.1" 304 0
[2022-08-04 15:08:07,138] [basehttp.py:161] [basehttp:log_message] [INFO]- "GET /static/rest_framework/img/grid.png HTTP/1.1" 304 0
[2022-08-04 15:08:09,216] [basehttp.py:161] [basehttp:log_message] [INFO]- "GET /qc/ticket HTTP/1.1" 200 42189
[2022-08-04 15:08:09,284] [basehttp.py:161] [basehttp:log_message] [INFO]- "GET /static/rest_framework/fonts/glyphicons-halflings-regular.woff2 HTTP/1.1" 304 0
[2022-08-04 15:08:28,969] [autoreload.py:251] [autoreload:trigger_reload] [INFO]- E:\QC\apps\qc\serializer.py changed, reloading.
[2022-08-04 15:08:30,129] [autoreload.py:637] [autoreload:run_with_reloader] [INFO]- Watching for file changes with StatReloader
[2022-08-04 15:08:30,885] [basehttp.py:161] [basehttp:log_message] [INFO]- "GET /qc/quality HTTP/1.1" 200 18077
[2022-08-04 15:08:53,079] [basehttp.py:161] [basehttp:log_message] [INFO]- "GET /qc/quality HTTP/1.1" 200 18077
[2022-08-04 15:09:06,401] [autoreload.py:251] [autoreload:trigger_reload] [INFO]- E:\QC\apps\qc\views.py changed, reloading.
[2022-08-04 15:09:07,579] [autoreload.py:637] [autoreload:run_with_reloader] [INFO]- Watching for file changes with StatReloader
[2022-08-04 15:09:08,519] [log.py:230] [log:log_response] [ERROR]- Internal Server Error: /qc/quality
Traceback (most recent call last):
  File "E:\QC\venv\lib\site-packages\django\core\handlers\exception.py", line 47, in inner
    response = get_response(request)
  File "E:\QC\venv\lib\site-packages\django\core\handlers\base.py", line 181, in _get_response
    response = wrapped_callback(request, *callback_args, **callback_kwargs)
  File "E:\QC\venv\lib\site-packages\django\views\decorators\csrf.py", line 54, in wrapped_view
    return view_func(*args, **kwargs)
  File "E:\QC\venv\lib\site-packages\rest_framework\viewsets.py", line 125, in view
    return self.dispatch(request, *args, **kwargs)
  File "E:\QC\venv\lib\site-packages\rest_framework\views.py", line 509, in dispatch
    response = self.handle_exception(exc)
  File "E:\QC\venv\lib\site-packages\rest_framework\views.py", line 469, in handle_exception
    self.raise_uncaught_exception(exc)
  File "E:\QC\venv\lib\site-packages\rest_framework\views.py", line 480, in raise_uncaught_exception
    raise exc
  File "E:\QC\venv\lib\site-packages\rest_framework\views.py", line 506, in dispatch
    response = handler(request, *args, **kwargs)
  File "E:\QC\venv\lib\site-packages\rest_framework\mixins.py", line 42, in list
    serializer = self.get_serializer(page, many=True)
  File "E:\QC\venv\lib\site-packages\rest_framework\generics.py", line 108, in get_serializer
    serializer_class = self.get_serializer_class()
  File "E:\QC\venv\lib\site-packages\rest_framework\generics.py", line 125, in get_serializer_class
    % self.__class__.__name__
AssertionError: 'quality' should either include a `serializer_class` attribute, or override the `get_serializer_class()` method.
[2022-08-04 15:09:08,521] [basehttp.py:161] [basehttp:log_message] [ERROR]- "GET /qc/quality HTTP/1.1" 500 111162
[2022-08-04 15:09:36,277] [autoreload.py:251] [autoreload:trigger_reload] [INFO]- E:\QC\apps\qc\views.py changed, reloading.
[2022-08-04 15:09:37,392] [autoreload.py:637] [autoreload:run_with_reloader] [INFO]- Watching for file changes with StatReloader
[2022-08-04 15:09:39,452] [basehttp.py:161] [basehttp:log_message] [INFO]- "GET /qc/quality HTTP/1.1" 200 18357
[2022-08-04 15:09:57,601] [autoreload.py:251] [autoreload:trigger_reload] [INFO]- E:\QC\apps\qc\views.py changed, reloading.
[2022-08-04 15:09:58,698] [autoreload.py:637] [autoreload:run_with_reloader] [INFO]- Watching for file changes with StatReloader
[2022-08-04 15:10:02,196] [autoreload.py:251] [autoreload:trigger_reload] [INFO]- E:\QC\apps\qc\views.py changed, reloading.
[2022-08-04 15:10:03,356] [autoreload.py:637] [autoreload:run_with_reloader] [INFO]- Watching for file changes with StatReloader
[2022-08-04 15:10:04,771] [basehttp.py:161] [basehttp:log_message] [INFO]- "GET /qc/quality HTTP/1.1" 200 33717
[2022-08-04 15:10:46,091] [autoreload.py:251] [autoreload:trigger_reload] [INFO]- E:\QC\apps\qc\views.py changed, reloading.
[2022-08-04 15:10:47,191] [autoreload.py:637] [autoreload:run_with_reloader] [INFO]- Watching for file changes with StatReloader
[2022-08-04 15:11:29,784] [autoreload.py:251] [autoreload:trigger_reload] [INFO]- E:\QC\apps\qc\serializer.py changed, reloading.
[2022-08-04 15:11:30,888] [autoreload.py:637] [autoreload:run_with_reloader] [INFO]- Watching for file changes with StatReloader
[2022-08-04 15:12:14,891] [basehttp.py:161] [basehttp:log_message] [INFO]- "GET /qc/announcement HTTP/1.1" 200 438
[2022-08-04 15:12:14,915] [basehttp.py:161] [basehttp:log_message] [INFO]- "GET /qc/quality?page=1&page_size=10&quality_status=%E5%B7%B2%E8%B4%A8%E6%A3%80 HTTP/1.1" 200 5161
[2022-08-04 15:12:58,920] [basehttp.py:161] [basehttp:log_message] [INFO]- "GET /qc/quality?page=1&page_size=10&quality_status=%E5%B7%B2%E8%B4%A8%E6%A3%80 HTTP/1.1" 200 5161
[2022-08-04 15:13:06,759] [autoreload.py:251] [autoreload:trigger_reload] [INFO]- E:\QC\apps\qc\views.py changed, reloading.
[2022-08-04 15:13:07,884] [autoreload.py:637] [autoreload:run_with_reloader] [INFO]- Watching for file changes with StatReloader
[2022-08-04 15:13:11,713] [autoreload.py:251] [autoreload:trigger_reload] [INFO]- E:\QC\apps\qc\views.py changed, reloading.
[2022-08-04 15:13:12,842] [autoreload.py:637] [autoreload:run_with_reloader] [INFO]- Watching for file changes with StatReloader
[2022-08-04 15:13:14,471] [basehttp.py:161] [basehttp:log_message] [INFO]- "GET /system/user/info/ HTTP/1.1" 200 194
[2022-08-04 15:13:14,767] [basehttp.py:161] [basehttp:log_message] [INFO]- "GET /qc/announcement HTTP/1.1" 200 438
[2022-08-04 15:13:14,826] [basehttp.py:161] [basehttp:log_message] [INFO]- "GET /qc/quality?page=1&page_size=10&quality_status=%E5%B7%B2%E8%B4%A8%E6%A3%80 HTTP/1.1" 200 5161
[2022-08-04 15:14:13,907] [basehttp.py:161] [basehttp:log_message] [INFO]- "GET /qc/quality?page=1&page_size=10&quality_status=%E5%B7%B2%E8%B4%A8%E6%A3%80 HTTP/1.1" 200 5161
[2022-08-04 15:14:34,627] [autoreload.py:251] [autoreload:trigger_reload] [INFO]- E:\QC\apps\qc\views.py changed, reloading.
[2022-08-04 15:14:35,761] [autoreload.py:637] [autoreload:run_with_reloader] [INFO]- Watching for file changes with StatReloader
[2022-08-04 15:14:44,679] [autoreload.py:251] [autoreload:trigger_reload] [INFO]- E:\QC\apps\qc\views.py changed, reloading.
[2022-08-04 15:14:45,834] [autoreload.py:637] [autoreload:run_with_reloader] [INFO]- Watching for file changes with StatReloader
[2022-08-04 15:14:57,246] [autoreload.py:251] [autoreload:trigger_reload] [INFO]- E:\QC\apps\qc\views.py changed, reloading.
[2022-08-04 15:14:58,351] [autoreload.py:637] [autoreload:run_with_reloader] [INFO]- Watching for file changes with StatReloader
[2022-08-04 15:14:59,480] [basehttp.py:161] [basehttp:log_message] [INFO]- "GET /qc/quality?page=1&page_size=10&quality_status=%E5%B7%B2%E8%B4%A8%E6%A3%80 HTTP/1.1" 200 5161
[2022-08-04 15:15:17,551] [basehttp.py:161] [basehttp:log_message] [INFO]- "GET /qc/recheck HTTP/1.1" 200 24383
[2022-08-04 15:15:32,363] [basehttp.py:161] [basehttp:log_message] [INFO]- "GET /qc/quality?page=1&page_size=10&quality_status=%E5%B7%B2%E8%B4%A8%E6%A3%80 HTTP/1.1" 200 5161
[2022-08-04 15:15:41,685] [basehttp.py:161] [basehttp:log_message] [INFO]- "GET /qc/quality?page=1&page_size=10&quality_status=%E5%B7%B2%E8%B4%A8%E6%A3%80 HTTP/1.1" 200 5161
[2022-08-04 15:15:43,257] [basehttp.py:161] [basehttp:log_message] [INFO]- "GET /qc/quality HTTP/1.1" 200 33717
[2022-08-04 15:16:05,227] [basehttp.py:161] [basehttp:log_message] [INFO]- "GET /qc/quality?page=1&page_size=10&quality_status=%E5%B7%B2%E8%B4%A8%E6%A3%80 HTTP/1.1" 200 5161
[2022-08-04 15:16:21,620] [basehttp.py:161] [basehttp:log_message] [INFO]- "GET /qc/quality?page=1&page_size=10&quality_status=%E5%B7%B2%E8%B4%A8%E6%A3%80 HTTP/1.1" 200 5161
[2022-08-04 15:17:54,421] [basehttp.py:161] [basehttp:log_message] [INFO]- "GET /qc/quality?page=1&page_size=10&quality_status=%E5%B7%B2%E8%B4%A8%E6%A3%80 HTTP/1.1" 200 5161
[2022-08-04 15:18:22,665] [basehttp.py:161] [basehttp:log_message] [INFO]- "GET /qc/announcement HTTP/1.1" 200 438
[2022-08-04 15:18:22,696] [basehttp.py:161] [basehttp:log_message] [INFO]- "GET /qc/quality?page=1&page_size=10&quality_status=%E5%BE%85%E8%B4%A8%E6%A3%80 HTTP/1.1" 200 83
[2022-08-04 15:18:23,642] [basehttp.py:161] [basehttp:log_message] [INFO]- "GET /qc/ticket?page=1&page_size=10&quality_status=%E5%BE%85%E8%B4%A8%E6%A3%80 HTTP/1.1" 200 5839
[2022-08-04 15:18:59,834] [basehttp.py:161] [basehttp:log_message] [INFO]- "GET /qc/ticket?page=1&page_size=10&quality_status=%E5%BE%85%E8%B4%A8%E6%A3%80 HTTP/1.1" 200 5839
[2022-08-04 15:22:02,022] [basehttp.py:161] [basehttp:log_message] [INFO]- "GET /qc/announcement HTTP/1.1" 200 438
[2022-08-04 15:22:02,038] [basehttp.py:161] [basehttp:log_message] [INFO]- "GET /qc/quality?page=1&page_size=10&quality_status=%E6%9C%AA%E8%B4%A8%E6%A3%80 HTTP/1.1" 200 83
[2022-08-04 15:22:02,784] [basehttp.py:161] [basehttp:log_message] [INFO]- "GET /qc/ticket?page=1&page_size=10&quality_status=%E6%9C%AA%E8%B4%A8%E6%A3%80 HTTP/1.1" 200 83
[2022-08-04 15:22:03,349] [basehttp.py:161] [basehttp:log_message] [INFO]- "GET /qc/quality?page=1&page_size=10&quality_status=%E6%9C%AA%E8%B4%A8%E6%A3%80 HTTP/1.1" 200 83
[2022-08-04 15:22:05,180] [basehttp.py:161] [basehttp:log_message] [INFO]- "GET /qc/announcement HTTP/1.1" 200 438
[2022-08-04 15:22:05,185] [basehttp.py:161] [basehttp:log_message] [INFO]- "GET /qc/quality?page=1&page_size=10&quality_status=%E5%BE%85%E8%B4%A8%E6%A3%80 HTTP/1.1" 200 83
[2022-08-04 15:22:05,909] [basehttp.py:161] [basehttp:log_message] [INFO]- "GET /qc/announcement HTTP/1.1" 200 438
[2022-08-04 15:22:05,923] [basehttp.py:161] [basehttp:log_message] [INFO]- "GET /qc/quality?page=1&page_size=10&quality_status=%E5%B7%B2%E8%B4%A8%E6%A3%80 HTTP/1.1" 200 5161
[2022-08-04 15:22:13,857] [basehttp.py:161] [basehttp:log_message] [INFO]- "GET /qc/ticket?page=1&page_size=10&quality_status=%E5%B7%B2%E8%B4%A8%E6%A3%80 HTTP/1.1" 200 1155
[2022-08-04 15:22:16,924] [basehttp.py:161] [basehttp:log_message] [INFO]- "GET /qc/quality?page=1&page_size=10&quality_status=%E5%B7%B2%E8%B4%A8%E6%A3%80 HTTP/1.1" 200 5161
[2022-08-04 15:23:35,708] [basehttp.py:161] [basehttp:log_message] [INFO]- "GET /qc/recheck HTTP/1.1" 200 3915
[2022-08-04 15:23:38,800] [basehttp.py:161] [basehttp:log_message] [INFO]- "GET /qc/announcement HTTP/1.1" 200 438
[2022-08-04 15:23:38,815] [basehttp.py:161] [basehttp:log_message] [INFO]- "GET /qc/quality?page=1&page_size=10&quality_status=%E5%B7%B2%E8%B4%A8%E6%A3%80&kefu=admin&holder=admin HTTP/1.1" 200 83
[2022-08-04 15:23:40,969] [basehttp.py:161] [basehttp:log_message] [INFO]- "GET /qc/announcement HTTP/1.1" 200 438
[2022-08-04 15:23:40,986] [basehttp.py:161] [basehttp:log_message] [INFO]- "GET /qc/quality?page=1&page_size=10&quality_status=%E5%BE%85%E8%B4%A8%E6%A3%80 HTTP/1.1" 200 83
[2022-08-04 15:23:41,966] [basehttp.py:161] [basehttp:log_message] [INFO]- "GET /qc/announcement HTTP/1.1" 200 438
[2022-08-04 15:23:41,993] [basehttp.py:161] [basehttp:log_message] [INFO]- "GET /qc/quality?page=1&page_size=10&quality_status=%E5%B7%B2%E8%B4%A8%E6%A3%80 HTTP/1.1" 200 5161
[2022-08-04 15:23:42,802] [basehttp.py:161] [basehttp:log_message] [INFO]- "GET /qc/announcement HTTP/1.1" 200 438
[2022-08-04 15:23:42,865] [basehttp.py:161] [basehttp:log_message] [INFO]- "GET /qc/quality?page=1&page_size=10&quality_status=%E6%9C%AA%E8%B4%A8%E6%A3%80 HTTP/1.1" 200 83
[2022-08-04 15:23:43,752] [basehttp.py:161] [basehttp:log_message] [INFO]- "GET /qc/announcement HTTP/1.1" 200 438
[2022-08-04 15:23:43,764] [basehttp.py:161] [basehttp:log_message] [INFO]- "GET /qc/quality?page=1&page_size=10&quality_status=%E5%BE%85%E8%B4%A8%E6%A3%80 HTTP/1.1" 200 83
[2022-08-04 15:23:44,571] [basehttp.py:161] [basehttp:log_message] [INFO]- "GET /qc/announcement HTTP/1.1" 200 438
[2022-08-04 15:23:44,579] [basehttp.py:161] [basehttp:log_message] [INFO]- "GET /qc/quality?page=1&page_size=10&quality_status=%E5%B7%B2%E8%B4%A8%E6%A3%80&kefu=admin&holder=admin HTTP/1.1" 200 83
[2022-08-04 15:23:45,946] [basehttp.py:161] [basehttp:log_message] [INFO]- "GET /qc/ticket?page=1&page_size=10&quality_status=%E5%B7%B2%E8%B4%A8%E6%A3%80&kefu=admin&holder=admin HTTP/1.1" 200 83
[2022-08-04 15:23:46,521] [basehttp.py:161] [basehttp:log_message] [INFO]- "GET /qc/quality?page=1&page_size=10&quality_status=%E5%B7%B2%E8%B4%A8%E6%A3%80&kefu=admin&holder=admin HTTP/1.1" 200 83
[2022-08-04 15:23:49,393] [basehttp.py:161] [basehttp:log_message] [INFO]- "GET /qc/ticket?page=1&page_size=10&quality_status=%E5%B7%B2%E8%B4%A8%E6%A3%80&kefu=admin&holder=admin HTTP/1.1" 200 83
[2022-08-04 15:23:49,661] [basehttp.py:161] [basehttp:log_message] [INFO]- "GET /qc/quality?page=1&page_size=10&quality_status=%E5%B7%B2%E8%B4%A8%E6%A3%80&kefu=admin&holder=admin HTTP/1.1" 200 83
[2022-08-04 15:49:54,025] [basehttp.py:161] [basehttp:log_message] [INFO]- "GET /qc/recheck HTTP/1.1" 200 3915
[2022-08-04 15:49:55,677] [basehttp.py:161] [basehttp:log_message] [INFO]- "GET /qc/announcement HTTP/1.1" 200 438
[2022-08-04 15:49:55,691] [basehttp.py:161] [basehttp:log_message] [INFO]- "GET /qc/quality?page=1&page_size=10&quality_status=%E5%B7%B2%E8%B4%A8%E6%A3%80&kefu=admin&holder=admin HTTP/1.1" 200 83
[2022-08-04 15:49:57,586] [basehttp.py:161] [basehttp:log_message] [INFO]- "GET /qc/announcement HTTP/1.1" 200 438
[2022-08-04 15:49:57,591] [basehttp.py:161] [basehttp:log_message] [INFO]- "GET /qc/quality?page=1&page_size=10&quality_status=%E5%BE%85%E8%B4%A8%E6%A3%80 HTTP/1.1" 200 83
[2022-08-04 15:49:58,896] [basehttp.py:161] [basehttp:log_message] [INFO]- "GET /qc/announcement HTTP/1.1" 200 438
[2022-08-04 15:49:58,934] [basehttp.py:161] [basehttp:log_message] [INFO]- "GET /qc/quality?page=1&page_size=10&quality_status=%E5%B7%B2%E8%B4%A8%E6%A3%80 HTTP/1.1" 200 5161
[2022-08-04 15:50:20,661] [basehttp.py:161] [basehttp:log_message] [INFO]- "GET /system/user/info/ HTTP/1.1" 200 194
[2022-08-04 15:50:20,884] [basehttp.py:161] [basehttp:log_message] [INFO]- "GET /qc/announcement HTTP/1.1" 200 438
[2022-08-04 15:50:21,023] [basehttp.py:161] [basehttp:log_message] [INFO]- "GET /qc/quality?page=1&page_size=10&quality_status=%E5%B7%B2%E8%B4%A8%E6%A3%80 HTTP/1.1" 200 5161
[2022-08-04 15:51:09,430] [basehttp.py:161] [basehttp:log_message] [INFO]- "GET /qc/quality?page=1&page_size=10&quality_status=%E5%B7%B2%E8%B4%A8%E6%A3%80 HTTP/1.1" 200 5161
[2022-08-04 15:51:57,823] [basehttp.py:161] [basehttp:log_message] [INFO]- "GET /qc/quality?page=1&page_size=10&quality_status=%E5%B7%B2%E8%B4%A8%E6%A3%80 HTTP/1.1" 200 5161
[2022-08-04 15:53:24,558] [basehttp.py:161] [basehttp:log_message] [INFO]- "GET /qc/quality?page=1&page_size=10&quality_status=%E5%B7%B2%E8%B4%A8%E6%A3%80 HTTP/1.1" 200 5161
[2022-08-04 15:53:28,508] [basehttp.py:161] [basehttp:log_message] [INFO]- "GET /qc/quality?page=1&page_size=10&quality_status=%E5%B7%B2%E8%B4%A8%E6%A3%80 HTTP/1.1" 200 5161
[2022-08-04 15:53:31,886] [basehttp.py:161] [basehttp:log_message] [INFO]- "GET /system/user/info/ HTTP/1.1" 200 194
[2022-08-04 15:53:32,108] [basehttp.py:161] [basehttp:log_message] [INFO]- "GET /qc/announcement HTTP/1.1" 200 438
[2022-08-04 15:53:32,235] [basehttp.py:161] [basehttp:log_message] [INFO]- "GET /qc/quality?page=1&page_size=10&quality_status=%E5%B7%B2%E8%B4%A8%E6%A3%80 HTTP/1.1" 200 5161
[2022-08-04 15:53:59,214] [basehttp.py:161] [basehttp:log_message] [INFO]- "GET /system/user/info/ HTTP/1.1" 200 194
[2022-08-04 15:53:59,444] [basehttp.py:161] [basehttp:log_message] [INFO]- "GET /qc/announcement HTTP/1.1" 200 438
[2022-08-04 15:53:59,580] [basehttp.py:161] [basehttp:log_message] [INFO]- "GET /qc/quality?page=1&page_size=10&quality_status=%E5%B7%B2%E8%B4%A8%E6%A3%80 HTTP/1.1" 200 5161
[2022-08-04 15:54:09,142] [basehttp.py:161] [basehttp:log_message] [INFO]- "GET /system/user/info/ HTTP/1.1" 200 194
[2022-08-04 15:54:09,403] [basehttp.py:161] [basehttp:log_message] [INFO]- "GET /qc/announcement HTTP/1.1" 200 438
[2022-08-04 15:54:09,579] [basehttp.py:161] [basehttp:log_message] [INFO]- "GET /qc/quality?page=1&page_size=10&quality_status=%E5%B7%B2%E8%B4%A8%E6%A3%80 HTTP/1.1" 200 5161
[2022-08-04 15:55:05,707] [basehttp.py:161] [basehttp:log_message] [INFO]- "GET /qc/quality?page=1&page_size=10&quality_status=%E5%B7%B2%E8%B4%A8%E6%A3%80 HTTP/1.1" 200 5161
[2022-08-04 15:55:12,202] [basehttp.py:161] [basehttp:log_message] [INFO]- "GET /system/user/info/ HTTP/1.1" 200 194
[2022-08-04 15:55:12,450] [basehttp.py:161] [basehttp:log_message] [INFO]- "GET /qc/announcement HTTP/1.1" 200 438
[2022-08-04 15:55:12,581] [basehttp.py:161] [basehttp:log_message] [INFO]- "GET /qc/quality?page=1&page_size=10&quality_status=%E5%B7%B2%E8%B4%A8%E6%A3%80 HTTP/1.1" 200 5161
[2022-08-04 15:55:32,677] [basehttp.py:161] [basehttp:log_message] [INFO]- "GET /qc/quality?page=1&page_size=10&quality_status=%E5%B7%B2%E8%B4%A8%E6%A3%80 HTTP/1.1" 200 5161
[2022-08-04 15:55:38,054] [basehttp.py:161] [basehttp:log_message] [INFO]- "GET /qc/quality?page=1&page_size=10&quality_status=%E5%B7%B2%E8%B4%A8%E6%A3%80 HTTP/1.1" 200 5161
[2022-08-04 15:58:58,861] [basehttp.py:161] [basehttp:log_message] [INFO]- "GET /qc/ticket?page=1&page_size=10&quality_status=%E5%B7%B2%E8%B4%A8%E6%A3%80 HTTP/1.1" 200 1155
[2022-08-04 15:59:24,699] [basehttp.py:161] [basehttp:log_message] [INFO]- "GET /qc/ticket?page=1&page_size=10&quality_status=%E5%B7%B2%E8%B4%A8%E6%A3%80 HTTP/1.1" 200 1155
[2022-08-04 15:59:36,285] [basehttp.py:161] [basehttp:log_message] [INFO]- "GET /system/user/info/ HTTP/1.1" 200 194
[2022-08-04 15:59:36,516] [basehttp.py:161] [basehttp:log_message] [INFO]- "GET /qc/announcement HTTP/1.1" 200 438
[2022-08-04 15:59:36,675] [basehttp.py:161] [basehttp:log_message] [INFO]- "GET /qc/quality?page=1&page_size=10&quality_status=%E5%B7%B2%E8%B4%A8%E6%A3%80 HTTP/1.1" 200 5161
[2022-08-04 15:59:37,944] [basehttp.py:161] [basehttp:log_message] [INFO]- "GET /qc/ticket?page=1&page_size=10&quality_status=%E5%B7%B2%E8%B4%A8%E6%A3%80 HTTP/1.1" 200 1155
[2022-08-04 16:00:23,410] [basehttp.py:161] [basehttp:log_message] [INFO]- "GET /qc/ticket?page=1&page_size=10&quality_status=%E5%B7%B2%E8%B4%A8%E6%A3%80 HTTP/1.1" 200 1155
[2022-08-04 16:06:04,549] [basehttp.py:161] [basehttp:log_message] [INFO]- "GET /qc/quality?page=1&page_size=10&quality_status=%E5%B7%B2%E8%B4%A8%E6%A3%80 HTTP/1.1" 200 5161
[2022-08-04 16:06:21,270] [basehttp.py:161] [basehttp:log_message] [INFO]- "GET /qc/recheck HTTP/1.1" 200 3915
[2022-08-04 16:06:22,233] [basehttp.py:161] [basehttp:log_message] [INFO]- "GET /qc/announcement HTTP/1.1" 200 438
[2022-08-04 16:06:22,256] [basehttp.py:161] [basehttp:log_message] [INFO]- "GET /qc/quality?page=1&page_size=10&quality_status=%E5%B7%B2%E8%B4%A8%E6%A3%80&kefu=admin&holder=admin HTTP/1.1" 200 83
[2022-08-04 16:19:59,161] [basehttp.py:161] [basehttp:log_message] [INFO]- "GET /qc/ticket?page=1&page_size=10&quality_status=%E5%B7%B2%E8%B4%A8%E6%A3%80&kefu=admin&holder=admin HTTP/1.1" 200 83
[2022-08-04 16:20:05,276] [basehttp.py:161] [basehttp:log_message] [INFO]- "POST /qc/announcement HTTP/1.1" 200 47
[2022-08-04 16:24:25,998] [basehttp.py:161] [basehttp:log_message] [INFO]- "POST /qc/announcement HTTP/1.1" 200 47
[2022-08-04 16:24:32,301] [basehttp.py:161] [basehttp:log_message] [INFO]- "GET /qc/announcement HTTP/1.1" 200 170
[2022-08-04 16:24:32,320] [basehttp.py:161] [basehttp:log_message] [INFO]- "GET /qc/quality?page=1&page_size=10&quality_status=%E5%BE%85%E8%B4%A8%E6%A3%80 HTTP/1.1" 200 83
[2022-08-04 16:24:33,008] [basehttp.py:161] [basehttp:log_message] [INFO]- "GET /qc/ticket?page=1&page_size=10&quality_status=%E5%BE%85%E8%B4%A8%E6%A3%80 HTTP/1.1" 200 5839
[2022-08-04 16:24:53,338] [basehttp.py:161] [basehttp:log_message] [INFO]- "GET /system/user/info/ HTTP/1.1" 200 194
[2022-08-04 16:24:53,666] [basehttp.py:161] [basehttp:log_message] [INFO]- "GET /qc/announcement HTTP/1.1" 200 170
[2022-08-04 16:24:53,816] [basehttp.py:161] [basehttp:log_message] [INFO]- "GET /qc/quality?page=1&page_size=10&quality_status=%E5%BE%85%E8%B4%A8%E6%A3%80 HTTP/1.1" 200 83
[2022-08-04 16:27:16,242] [basehttp.py:161] [basehttp:log_message] [INFO]- "GET /qc/ticket?page=1&page_size=10&quality_status=%E5%BE%85%E8%B4%A8%E6%A3%80 HTTP/1.1" 200 5839
[2022-08-04 16:27:17,065] [basehttp.py:161] [basehttp:log_message] [INFO]- "GET /qc/quality?page=1&page_size=10&quality_status=%E5%BE%85%E8%B4%A8%E6%A3%80 HTTP/1.1" 200 83
[2022-08-04 16:27:17,554] [basehttp.py:161] [basehttp:log_message] [INFO]- "GET /qc/ticket?page=1&page_size=10&quality_status=%E5%BE%85%E8%B4%A8%E6%A3%80 HTTP/1.1" 200 5839
[2022-08-04 16:27:20,697] [basehttp.py:161] [basehttp:log_message] [INFO]- "GET /qc/quality?page=1&page_size=10&quality_status=%E5%BE%85%E8%B4%A8%E6%A3%80 HTTP/1.1" 200 83
[2022-08-04 16:27:21,681] [basehttp.py:161] [basehttp:log_message] [INFO]- "GET /qc/ticket?page=1&page_size=10&quality_status=%E5%BE%85%E8%B4%A8%E6%A3%80 HTTP/1.1" 200 5839
[2022-08-04 16:27:22,290] [basehttp.py:161] [basehttp:log_message] [INFO]- "GET /qc/recheck HTTP/1.1" 200 3915
[2022-08-04 16:28:34,971] [basehttp.py:161] [basehttp:log_message] [INFO]- "GET /qc/recheck HTTP/1.1" 200 3915
[2022-08-04 16:29:03,067] [basehttp.py:161] [basehttp:log_message] [INFO]- "GET /system/user/info/ HTTP/1.1" 200 194
[2022-08-04 16:29:03,316] [basehttp.py:161] [basehttp:log_message] [INFO]- "GET /qc/recheck HTTP/1.1" 200 3915
[2022-08-04 16:29:17,760] [basehttp.py:161] [basehttp:log_message] [INFO]- "GET /qc/recheck HTTP/1.1" 200 3915
[2022-08-04 16:29:28,111] [basehttp.py:161] [basehttp:log_message] [INFO]- "GET /qc/recheck HTTP/1.1" 200 3915
[2022-08-04 16:29:29,319] [basehttp.py:161] [basehttp:log_message] [INFO]- "GET /system/user/info/ HTTP/1.1" 200 194
[2022-08-04 16:29:29,540] [basehttp.py:161] [basehttp:log_message] [INFO]- "GET /qc/recheck HTTP/1.1" 200 3915
[2022-08-04 16:29:44,193] [basehttp.py:161] [basehttp:log_message] [INFO]- "GET /qc/recheck HTTP/1.1" 200 3915
[2022-08-04 16:31:27,861] [basehttp.py:161] [basehttp:log_message] [INFO]- "GET /qc/recheck HTTP/1.1" 200 3915
[2022-08-04 16:32:24,508] [basehttp.py:161] [basehttp:log_message] [INFO]- "GET /qc/recheck HTTP/1.1" 200 3915
[2022-08-04 16:32:39,161] [basehttp.py:161] [basehttp:log_message] [INFO]- "GET /system/user/info/ HTTP/1.1" 200 194
[2022-08-04 16:32:39,406] [basehttp.py:161] [basehttp:log_message] [INFO]- "GET /qc/recheck HTTP/1.1" 200 3915
[2022-08-04 16:33:27,456] [basehttp.py:161] [basehttp:log_message] [INFO]- "GET /qc/recheck HTTP/1.1" 200 3915
[2022-08-04 16:34:17,136] [basehttp.py:161] [basehttp:log_message] [INFO]- "GET /system/user/info/ HTTP/1.1" 200 194
[2022-08-04 16:34:17,287] [basehttp.py:161] [basehttp:log_message] [INFO]- "OPTIONS /qc/recheck HTTP/1.1" 200 0
[2022-08-04 16:34:17,392] [basehttp.py:161] [basehttp:log_message] [INFO]- "GET /qc/recheck HTTP/1.1" 200 3915
[2022-08-04 16:34:46,904] [basehttp.py:161] [basehttp:log_message] [INFO]- "GET /qc/recheck HTTP/1.1" 200 3915
[2022-08-04 16:34:47,882] [basehttp.py:161] [basehttp:log_message] [INFO]- "GET /system/user/info/ HTTP/1.1" 200 194
[2022-08-04 16:34:48,112] [basehttp.py:161] [basehttp:log_message] [INFO]- "GET /qc/recheck HTTP/1.1" 200 3915
[2022-08-04 16:35:11,465] [basehttp.py:161] [basehttp:log_message] [INFO]- "GET /qc/recheck HTTP/1.1" 200 3915
[2022-08-04 16:40:04,308] [basehttp.py:161] [basehttp:log_message] [INFO]- "GET /qc/recheck HTTP/1.1" 200 3915
[2022-08-04 16:53:44,395] [basehttp.py:161] [basehttp:log_message] [INFO]- "GET /qc/recheck HTTP/1.1" 200 3915
[2022-08-04 16:54:11,933] [basehttp.py:161] [basehttp:log_message] [INFO]- "GET /qc/recheck HTTP/1.1" 200 3915
[2022-08-05 09:32:35,224] [basehttp.py:161] [basehttp:log_message] [INFO]- "OPTIONS /qc/recheck HTTP/1.1" 200 0
[2022-08-05 09:32:35,305] [basehttp.py:161] [basehttp:log_message] [INFO]- "GET /qc/recheck HTTP/1.1" 200 111
[2022-08-05 09:33:50,191] [basehttp.py:161] [basehttp:log_message] [INFO]- "GET /qc/recheck HTTP/1.1" 200 111
[2022-08-05 09:34:10,042] [basehttp.py:161] [basehttp:log_message] [INFO]- "OPTIONS /token/ HTTP/1.1" 200 0
[2022-08-05 09:34:10,242] [basehttp.py:161] [basehttp:log_message] [INFO]- "POST /token/ HTTP/1.1" 200 517
[2022-08-05 09:34:10,302] [basehttp.py:161] [basehttp:log_message] [INFO]- "OPTIONS /system/user/info/ HTTP/1.1" 200 0
[2022-08-05 09:34:10,374] [basehttp.py:161] [basehttp:log_message] [INFO]- "GET /system/user/info/ HTTP/1.1" 200 194
[2022-08-05 09:34:10,538] [basehttp.py:161] [basehttp:log_message] [INFO]- "GET /qc/recheck HTTP/1.1" 200 3915
[2022-08-05 09:34:12,960] [basehttp.py:161] [basehttp:log_message] [INFO]- "OPTIONS /qc/announcement HTTP/1.1" 200 0
[2022-08-05 09:34:13,007] [basehttp.py:161] [basehttp:log_message] [INFO]- "OPTIONS /qc/quality?page=1&page_size=10&quality_status=%E5%B7%B2%E8%B4%A8%E6%A3%80&kefu=admin&holder=admin HTTP/1.1" 200 0
[2022-08-05 09:34:13,052] [basehttp.py:161] [basehttp:log_message] [INFO]- "GET /qc/announcement HTTP/1.1" 200 170
[2022-08-05 09:34:13,096] [basehttp.py:161] [basehttp:log_message] [INFO]- "GET /qc/quality?page=1&page_size=10&quality_status=%E5%B7%B2%E8%B4%A8%E6%A3%80&kefu=admin&holder=admin HTTP/1.1" 200 83
[2022-08-05 09:34:13,919] [basehttp.py:161] [basehttp:log_message] [INFO]- "GET /qc/recheck HTTP/1.1" 200 3915
[2022-08-05 09:34:29,169] [basehttp.py:161] [basehttp:log_message] [INFO]- "GET /qc/recheck HTTP/1.1" 200 3915
[2022-08-05 09:36:00,184] [basehttp.py:161] [basehttp:log_message] [INFO]- "GET /qc/recheck HTTP/1.1" 200 3915
[2022-08-05 09:36:31,482] [basehttp.py:161] [basehttp:log_message] [INFO]- "GET /qc/recheck HTTP/1.1" 200 3915
[2022-08-05 09:36:33,587] [basehttp.py:161] [basehttp:log_message] [INFO]- "GET /system/user/info/ HTTP/1.1" 200 194
[2022-08-05 09:36:33,864] [basehttp.py:161] [basehttp:log_message] [INFO]- "GET /qc/recheck HTTP/1.1" 200 3915
[2022-08-05 09:36:53,347] [basehttp.py:161] [basehttp:log_message] [INFO]- "GET /qc/recheck HTTP/1.1" 200 3915
[2022-08-05 09:36:55,190] [basehttp.py:161] [basehttp:log_message] [INFO]- "GET /system/user/info/ HTTP/1.1" 200 194
[2022-08-05 09:36:55,476] [basehttp.py:161] [basehttp:log_message] [INFO]- "GET /qc/recheck HTTP/1.1" 200 3915
[2022-08-05 09:37:16,198] [basehttp.py:161] [basehttp:log_message] [INFO]- "GET /system/user/info/ HTTP/1.1" 200 194
[2022-08-05 09:37:16,457] [basehttp.py:161] [basehttp:log_message] [INFO]- "GET /qc/recheck HTTP/1.1" 200 3915
[2022-08-05 09:37:55,571] [basehttp.py:161] [basehttp:log_message] [INFO]- "GET /qc/recheck HTTP/1.1" 200 3915
[2022-08-05 09:39:20,410] [basehttp.py:161] [basehttp:log_message] [INFO]- "GET /qc/recheck HTTP/1.1" 200 3915
[2022-08-05 09:39:41,962] [basehttp.py:161] [basehttp:log_message] [INFO]- "GET /qc/recheck HTTP/1.1" 200 3915
[2022-08-05 09:39:46,163] [basehttp.py:161] [basehttp:log_message] [INFO]- "GET /system/user/info/ HTTP/1.1" 200 194
[2022-08-05 09:39:46,454] [basehttp.py:161] [basehttp:log_message] [INFO]- "GET /qc/recheck HTTP/1.1" 200 3915
[2022-08-05 09:40:04,433] [basehttp.py:161] [basehttp:log_message] [INFO]- "GET /qc/recheck HTTP/1.1" 200 3915
[2022-08-05 09:40:15,569] [basehttp.py:161] [basehttp:log_message] [INFO]- "GET /qc/recheck HTTP/1.1" 200 3915
[2022-08-05 09:40:31,564] [basehttp.py:161] [basehttp:log_message] [INFO]- "GET /qc/recheck HTTP/1.1" 200 3915
[2022-08-05 09:40:45,254] [basehttp.py:161] [basehttp:log_message] [INFO]- "GET /qc/recheck HTTP/1.1" 200 3915
[2022-08-05 09:40:54,390] [basehttp.py:161] [basehttp:log_message] [INFO]- "GET /qc/recheck HTTP/1.1" 200 3915
[2022-08-05 09:42:07,787] [basehttp.py:161] [basehttp:log_message] [INFO]- "GET /qc/recheck HTTP/1.1" 200 3915
[2022-08-05 10:02:36,913] [basehttp.py:161] [basehttp:log_message] [INFO]- "OPTIONS /qc/qualitycase HTTP/1.1" 200 0
[2022-08-05 10:02:37,011] [basehttp.py:161] [basehttp:log_message] [INFO]- "GET /qc/qualitycase HTTP/1.1" 200 1052
[2022-08-05 10:02:45,834] [basehttp.py:161] [basehttp:log_message] [INFO]- "OPTIONS /system/user/?is_active=true&page=1&page_size=20 HTTP/1.1" 200 0
[2022-08-05 10:02:45,836] [basehttp.py:161] [basehttp:log_message] [INFO]- "OPTIONS /system/role/ HTTP/1.1" 200 0
[2022-08-05 10:02:45,836] [basehttp.py:161] [basehttp:log_message] [INFO]- "OPTIONS /system/organization/ HTTP/1.1" 200 0
[2022-08-05 10:02:45,925] [basehttp.py:161] [basehttp:log_message] [INFO]- "GET /system/organization/ HTTP/1.1" 200 2923
[2022-08-05 10:02:45,973] [basehttp.py:161] [basehttp:log_message] [INFO]- "GET /system/role/ HTTP/1.1" 200 1002
[2022-08-05 10:02:45,988] [basehttp.py:161] [basehttp:log_message] [INFO]- "GET /system/user/?is_active=true&page=1&page_size=20 HTTP/1.1" 200 6324
[2022-08-05 10:06:50,750] [basehttp.py:161] [basehttp:log_message] [INFO]- "GET /qc/recheck HTTP/1.1" 200 3915
[2022-08-05 10:08:01,759] [basehttp.py:161] [basehttp:log_message] [INFO]- "GET /qc/recheck HTTP/1.1" 200 3915
[2022-08-05 10:13:08,461] [basehttp.py:161] [basehttp:log_message] [INFO]- "GET /qc/recheck HTTP/1.1" 200 3915
[2022-08-05 10:13:45,226] [basehttp.py:161] [basehttp:log_message] [INFO]- "GET /qc/recheck HTTP/1.1" 200 3915
[2022-08-05 10:14:08,655] [basehttp.py:161] [basehttp:log_message] [INFO]- "GET /system/user/info/ HTTP/1.1" 200 194
[2022-08-05 10:14:08,935] [basehttp.py:161] [basehttp:log_message] [INFO]- "GET /qc/recheck HTTP/1.1" 200 3915
[2022-08-05 10:14:42,215] [basehttp.py:161] [basehttp:log_message] [INFO]- "GET /qc/recheck HTTP/1.1" 200 3915
[2022-08-05 10:14:43,406] [basehttp.py:161] [basehttp:log_message] [INFO]- "GET /system/user/info/ HTTP/1.1" 200 194
[2022-08-05 10:14:43,663] [basehttp.py:161] [basehttp:log_message] [INFO]- "GET /qc/recheck HTTP/1.1" 200 3915
[2022-08-05 10:15:13,917] [basehttp.py:161] [basehttp:log_message] [INFO]- "GET /qc/recheck HTTP/1.1" 200 3915
[2022-08-05 10:17:11,638] [basehttp.py:161] [basehttp:log_message] [INFO]- "GET /qc/recheck HTTP/1.1" 200 3915
[2022-08-05 10:22:15,010] [basehttp.py:161] [basehttp:log_message] [INFO]- "GET /qc/recheck HTTP/1.1" 200 3915
[2022-08-05 10:22:18,175] [basehttp.py:161] [basehttp:log_message] [INFO]- "GET /system/user/info/ HTTP/1.1" 200 194
[2022-08-05 10:22:18,449] [basehttp.py:161] [basehttp:log_message] [INFO]- "GET /qc/recheck HTTP/1.1" 200 3915
[2022-08-05 10:29:09,002] [basehttp.py:161] [basehttp:log_message] [INFO]- "GET /qc/recheck HTTP/1.1" 200 3915
[2022-08-05 10:30:05,665] [basehttp.py:161] [basehttp:log_message] [INFO]- "GET /qc/recheck HTTP/1.1" 200 3915
[2022-08-05 10:32:36,585] [basehttp.py:161] [basehttp:log_message] [INFO]- "GET /qc/recheck HTTP/1.1" 200 3915
[2022-08-05 10:33:06,660] [basehttp.py:161] [basehttp:log_message] [INFO]- "GET /qc/recheck HTTP/1.1" 200 3915
[2022-08-05 10:33:16,443] [basehttp.py:161] [basehttp:log_message] [INFO]- "GET /qc/recheck HTTP/1.1" 200 3915
[2022-08-05 10:34:02,589] [basehttp.py:161] [basehttp:log_message] [INFO]- "GET /qc/recheck HTTP/1.1" 200 3915
[2022-08-05 10:34:15,592] [basehttp.py:161] [basehttp:log_message] [INFO]- "GET /qc/recheck HTTP/1.1" 200 3915
[2022-08-05 10:34:33,062] [basehttp.py:161] [basehttp:log_message] [INFO]- "GET /qc/recheck HTTP/1.1" 200 3915
[2022-08-05 10:41:04,386] [basehttp.py:161] [basehttp:log_message] [INFO]- "GET /qc/recheck HTTP/1.1" 200 3915
[2022-08-05 10:41:17,979] [basehttp.py:161] [basehttp:log_message] [INFO]- "GET /qc/recheck HTTP/1.1" 200 3915
[2022-08-05 10:41:22,210] [basehttp.py:161] [basehttp:log_message] [INFO]- "GET /qc/recheck HTTP/1.1" 200 3915
[2022-08-05 10:41:45,142] [basehttp.py:161] [basehttp:log_message] [INFO]- "GET /qc/recheck HTTP/1.1" 200 3915
[2022-08-05 10:41:58,967] [basehttp.py:161] [basehttp:log_message] [INFO]- "GET /qc/recheck HTTP/1.1" 200 3915
[2022-08-05 10:42:30,491] [basehttp.py:161] [basehttp:log_message] [INFO]- "GET /qc/recheck HTTP/1.1" 200 3915
[2022-08-05 10:43:00,361] [basehttp.py:161] [basehttp:log_message] [INFO]- "GET /qc/recheck HTTP/1.1" 200 3915
[2022-08-05 10:43:04,657] [basehttp.py:161] [basehttp:log_message] [INFO]- "GET /qc/recheck HTTP/1.1" 200 3915
[2022-08-05 10:43:07,326] [basehttp.py:161] [basehttp:log_message] [INFO]- "GET /qc/recheck HTTP/1.1" 200 3915
[2022-08-05 10:45:55,055] [basehttp.py:161] [basehttp:log_message] [INFO]- "GET /qc/recheck HTTP/1.1" 200 3915
[2022-08-05 10:46:06,758] [basehttp.py:161] [basehttp:log_message] [INFO]- "GET /qc/recheck HTTP/1.1" 200 3915
[2022-08-05 10:46:45,312] [basehttp.py:161] [basehttp:log_message] [INFO]- "GET /qc/recheck HTTP/1.1" 200 3915
[2022-08-05 10:46:55,134] [basehttp.py:161] [basehttp:log_message] [INFO]- "GET /qc/recheck HTTP/1.1" 200 3915
[2022-08-05 10:47:21,332] [basehttp.py:161] [basehttp:log_message] [INFO]- "GET /qc/recheck HTTP/1.1" 200 3915
[2022-08-05 10:47:38,957] [basehttp.py:161] [basehttp:log_message] [INFO]- "GET /qc/recheck HTTP/1.1" 200 3915
[2022-08-05 10:48:39,409] [basehttp.py:161] [basehttp:log_message] [INFO]- "GET /qc/recheck HTTP/1.1" 200 3915
[2022-08-05 10:49:28,457] [basehttp.py:161] [basehttp:log_message] [INFO]- "GET /qc/recheck HTTP/1.1" 200 3915
[2022-08-05 10:49:30,769] [basehttp.py:161] [basehttp:log_message] [INFO]- "GET /qc/recheck HTTP/1.1" 200 3915
[2022-08-05 10:49:41,088] [basehttp.py:161] [basehttp:log_message] [INFO]- "GET /qc/recheck HTTP/1.1" 200 3915
[2022-08-05 10:49:43,088] [basehttp.py:161] [basehttp:log_message] [INFO]- "GET /qc/recheck HTTP/1.1" 200 3915
[2022-08-05 10:50:00,487] [basehttp.py:161] [basehttp:log_message] [INFO]- "GET /qc/recheck HTTP/1.1" 200 3915
[2022-08-05 10:50:03,971] [basehttp.py:161] [basehttp:log_message] [INFO]- "GET /qc/recheck HTTP/1.1" 200 3915
[2022-08-05 10:50:18,593] [basehttp.py:161] [basehttp:log_message] [INFO]- "GET /qc/recheck HTTP/1.1" 200 3915
[2022-08-05 10:50:26,576] [basehttp.py:161] [basehttp:log_message] [INFO]- "GET /qc/recheck HTTP/1.1" 200 3915
[2022-08-05 10:51:33,489] [basehttp.py:161] [basehttp:log_message] [INFO]- "GET /qc/recheck HTTP/1.1" 200 3915
[2022-08-05 10:51:47,933] [basehttp.py:161] [basehttp:log_message] [INFO]- "GET /qc/recheck HTTP/1.1" 200 3915
[2022-08-05 10:52:01,145] [basehttp.py:161] [basehttp:log_message] [INFO]- "OPTIONS /qc/ticket/14 HTTP/1.1" 200 0
[2022-08-05 10:52:01,219] [basehttp.py:161] [basehttp:log_message] [INFO]- "GET /qc/recheck HTTP/1.1" 200 3915
[2022-08-05 10:52:01,250] [basehttp.py:161] [basehttp:log_message] [INFO]- "PUT /qc/ticket/14 HTTP/1.1" 200 528
[2022-08-05 10:52:19,666] [basehttp.py:161] [basehttp:log_message] [INFO]- "GET /system/user/info/ HTTP/1.1" 200 194
[2022-08-05 10:52:19,940] [basehttp.py:161] [basehttp:log_message] [INFO]- "GET /qc/recheck HTTP/1.1" 200 3915
[2022-08-05 10:52:28,700] [basehttp.py:161] [basehttp:log_message] [INFO]- "GET /system/user/info/ HTTP/1.1" 200 194
[2022-08-05 10:52:28,993] [basehttp.py:161] [basehttp:log_message] [INFO]- "GET /qc/recheck HTTP/1.1" 200 3915
[2022-08-05 10:52:31,407] [basehttp.py:161] [basehttp:log_message] [INFO]- "GET /system/user/info/ HTTP/1.1" 200 194
[2022-08-05 10:52:31,643] [basehttp.py:161] [basehttp:log_message] [INFO]- "GET /qc/recheck HTTP/1.1" 200 3915
[2022-08-05 10:52:50,978] [basehttp.py:161] [basehttp:log_message] [INFO]- "GET /qc/recheck HTTP/1.1" 200 3915
[2022-08-05 10:52:53,028] [basehttp.py:161] [basehttp:log_message] [INFO]- "PUT /qc/ticket/14 HTTP/1.1" 200 528
[2022-08-05 10:52:53,047] [basehttp.py:161] [basehttp:log_message] [INFO]- "GET /qc/recheck HTTP/1.1" 200 3915
[2022-08-05 10:52:55,782] [basehttp.py:161] [basehttp:log_message] [INFO]- "GET /system/user/info/ HTTP/1.1" 200 194
[2022-08-05 10:52:56,053] [basehttp.py:161] [basehttp:log_message] [INFO]- "GET /qc/recheck HTTP/1.1" 200 3915
[2022-08-05 10:53:52,832] [basehttp.py:161] [basehttp:log_message] [INFO]- "GET /qc/recheck HTTP/1.1" 200 3915
[2022-08-05 10:53:57,327] [basehttp.py:161] [basehttp:log_message] [INFO]- "OPTIONS /qc/recheck/1 HTTP/1.1" 200 0
[2022-08-05 10:53:57,375] [basehttp.py:161] [basehttp:log_message] [INFO]- "PUT /qc/ticket/14 HTTP/1.1" 200 528
[2022-08-05 10:53:57,395] [basehttp.py:161] [basehttp:log_message] [INFO]- "GET /qc/recheck HTTP/1.1" 200 3915
[2022-08-05 10:53:57,430] [basehttp.py:161] [basehttp:log_message] [INFO]- "PUT /qc/recheck/1 HTTP/1.1" 200 770
[2022-08-05 10:54:00,894] [basehttp.py:161] [basehttp:log_message] [INFO]- "GET /system/user/info/ HTTP/1.1" 200 194
[2022-08-05 10:54:01,144] [basehttp.py:161] [basehttp:log_message] [INFO]- "GET /qc/recheck HTTP/1.1" 200 3924
[2022-08-05 10:55:15,305] [basehttp.py:161] [basehttp:log_message] [INFO]- "GET /qc/recheck HTTP/1.1" 200 3924
[2022-08-05 10:55:33,502] [basehttp.py:161] [basehttp:log_message] [INFO]- "GET /qc/recheck HTTP/1.1" 200 3924
[2022-08-05 10:55:35,128] [basehttp.py:161] [basehttp:log_message] [INFO]- "GET /qc/recheck HTTP/1.1" 200 3924
[2022-08-05 10:57:18,330] [basehttp.py:161] [basehttp:log_message] [INFO]- "GET /qc/recheck HTTP/1.1" 200 3924
[2022-08-05 10:57:26,924] [basehttp.py:161] [basehttp:log_message] [INFO]- "OPTIONS /qc/ticket/15 HTTP/1.1" 200 0
[2022-08-05 10:57:26,925] [basehttp.py:161] [basehttp:log_message] [INFO]- "OPTIONS /qc/recheck/2 HTTP/1.1" 200 0
[2022-08-05 10:57:27,026] [basehttp.py:161] [basehttp:log_message] [INFO]- "PUT /qc/recheck/2 HTTP/1.1" 200 94
[2022-08-05 10:57:27,029] [basehttp.py:161] [basehttp:log_message] [INFO]- "PUT /qc/ticket/15 HTTP/1.1" 200 507
[2022-08-05 11:26:25,050] [basehttp.py:161] [basehttp:log_message] [INFO]- "GET /qc/recheck HTTP/1.1" 200 3924
[2022-08-05 11:26:49,530] [basehttp.py:161] [basehttp:log_message] [INFO]- "GET /qc/recheck HTTP/1.1" 200 3924
[2022-08-05 11:26:56,498] [basehttp.py:161] [basehttp:log_message] [INFO]- "GET /system/user/info/ HTTP/1.1" 200 194
[2022-08-05 11:26:56,724] [basehttp.py:161] [basehttp:log_message] [INFO]- "GET /qc/recheck HTTP/1.1" 200 3924
[2022-08-05 11:32:49,948] [basehttp.py:161] [basehttp:log_message] [INFO]- "OPTIONS /qc/recheck HTTP/1.1" 200 0
[2022-08-05 11:32:50,031] [basehttp.py:161] [basehttp:log_message] [INFO]- "PUT /qc/recheck/1 HTTP/1.1" 200 770
[2022-08-05 11:32:50,032] [basehttp.py:161] [basehttp:log_message] [INFO]- "PUT /qc/ticket/14 HTTP/1.1" 200 528
[2022-08-05 11:32:50,069] [basehttp.py:161] [basehttp:log_message] [INFO]- "GET /qc/recheck HTTP/1.1" 200 3924
[2022-08-05 11:33:22,686] [basehttp.py:161] [basehttp:log_message] [INFO]- "GET /qc/recheck HTTP/1.1" 200 3924
[2022-08-05 11:34:16,428] [basehttp.py:161] [basehttp:log_message] [INFO]- "GET /qc/recheck HTTP/1.1" 200 3924
[2022-08-05 11:35:24,216] [basehttp.py:161] [basehttp:log_message] [INFO]- "OPTIONS /system/user/info/ HTTP/1.1" 200 0
[2022-08-05 11:35:24,305] [basehttp.py:161] [basehttp:log_message] [INFO]- "GET /system/user/info/ HTTP/1.1" 200 194
[2022-08-05 11:35:24,487] [basehttp.py:161] [basehttp:log_message] [INFO]- "GET /qc/recheck HTTP/1.1" 200 3924
[2022-08-05 12:27:08,037] [basehttp.py:161] [basehttp:log_message] [INFO]- "GET /qc/recheck HTTP/1.1" 200 3924
[2022-08-05 12:27:46,694] [basehttp.py:161] [basehttp:log_message] [INFO]- "GET /qc/recheck HTTP/1.1" 200 3924
[2022-08-05 12:28:15,920] [basehttp.py:161] [basehttp:log_message] [INFO]- "GET /qc/recheck HTTP/1.1" 200 3924
[2022-08-05 12:28:25,839] [basehttp.py:161] [basehttp:log_message] [INFO]- "GET /qc/recheck HTTP/1.1" 200 3924
[2022-08-05 12:28:53,125] [basehttp.py:161] [basehttp:log_message] [INFO]- "GET /qc/recheck HTTP/1.1" 200 3924
[2022-08-05 12:28:54,949] [basehttp.py:161] [basehttp:log_message] [INFO]- "GET /qc/recheck HTTP/1.1" 200 3924
[2022-08-05 12:29:00,633] [basehttp.py:161] [basehttp:log_message] [INFO]- "GET /qc/recheck HTTP/1.1" 200 3924
[2022-08-05 12:29:36,344] [basehttp.py:161] [basehttp:log_message] [INFO]- "OPTIONS /qc/announcement HTTP/1.1" 200 0
[2022-08-05 12:29:36,389] [basehttp.py:161] [basehttp:log_message] [INFO]- "OPTIONS /qc/quality?page=1&page_size=10&quality_status=%E6%9C%AA%E8%B4%A8%E6%A3%80 HTTP/1.1" 200 0
[2022-08-05 12:29:36,436] [basehttp.py:161] [basehttp:log_message] [INFO]- "GET /qc/announcement HTTP/1.1" 200 170
[2022-08-05 12:29:36,486] [basehttp.py:161] [basehttp:log_message] [INFO]- "GET /qc/quality?page=1&page_size=10&quality_status=%E6%9C%AA%E8%B4%A8%E6%A3%80 HTTP/1.1" 200 83
[2022-08-05 12:29:37,060] [basehttp.py:161] [basehttp:log_message] [INFO]- "OPTIONS /qc/quality?page=1&page_size=10&quality_status=%E5%BE%85%E8%B4%A8%E6%A3%80 HTTP/1.1" 200 0
[2022-08-05 12:29:37,083] [basehttp.py:161] [basehttp:log_message] [INFO]- "GET /qc/announcement HTTP/1.1" 200 170
[2022-08-05 12:29:37,152] [basehttp.py:161] [basehttp:log_message] [INFO]- "GET /qc/quality?page=1&page_size=10&quality_status=%E5%BE%85%E8%B4%A8%E6%A3%80 HTTP/1.1" 200 83
[2022-08-05 12:29:37,918] [basehttp.py:161] [basehttp:log_message] [INFO]- "OPTIONS /qc/ticket?page=1&page_size=10&quality_status=%E5%BE%85%E8%B4%A8%E6%A3%80 HTTP/1.1" 200 0
[2022-08-05 12:29:38,020] [basehttp.py:161] [basehttp:log_message] [INFO]- "GET /qc/ticket?page=1&page_size=10&quality_status=%E5%BE%85%E8%B4%A8%E6%A3%80 HTTP/1.1" 200 5839
[2022-08-05 13:24:32,903] [autoreload.py:251] [autoreload:trigger_reload] [INFO]- E:\QC\apps\qc\views.py changed, reloading.
