[2022-08-01 10:02:40,046] [autoreload.py:637] [autoreload:run_with_reloader] [INFO]- Watching for file changes with StatReloader
[2022-08-01 10:02:57,402] [basehttp.py:161] [basehttp:log_message] [INFO]- "GET /qc/quality?page=1&page_size=10&quality_status=%E5%BE%85%E8%B4%A8%E6%A3%80 HTTP/1.1" 200 83
[2022-08-01 10:03:01,796] [basehttp.py:161] [basehttp:log_message] [INFO]- "GET /qc/quality?page=1&page_size=10&quality_status=%E5%BE%85%E8%B4%A8%E6%A3%80 HTTP/1.1" 200 83
[2022-08-01 10:03:16,736] [autoreload.py:251] [autoreload:trigger_reload] [INFO]- E:\QC\apps\qc\models.py changed, reloading.
[2022-08-01 10:03:17,846] [autoreload.py:637] [autoreload:run_with_reloader] [INFO]- Watching for file changes with StatReloader
[2022-08-01 10:04:38,353] [autoreload.py:251] [autoreload:trigger_reload] [INFO]- E:\QC\apps\qc\serializer.py changed, reloading.
[2022-08-01 10:04:39,536] [autoreload.py:637] [autoreload:run_with_reloader] [INFO]- Watching for file changes with StatReloader
[2022-08-01 10:05:09,082] [basehttp.py:161] [basehttp:log_message] [INFO]- "GET /qc/quality?page=1&page_size=10&quality_status=%E5%B7%B2%E8%B4%A8%E6%A3%80&kefu=admin&holder=admin HTTP/1.1" 200 83
[2022-08-01 10:05:10,064] [basehttp.py:161] [basehttp:log_message] [INFO]- "GET /qc/ticket?page=1&page_size=10&quality_status=%E5%B7%B2%E8%B4%A8%E6%A3%80&kefu=admin&holder=admin HTTP/1.1" 200 83
[2022-08-01 10:05:10,984] [basehttp.py:161] [basehttp:log_message] [INFO]- "GET /qc/quality?page=1&page_size=10&quality_status=%E5%B7%B2%E8%B4%A8%E6%A3%80&kefu=admin&holder=admin HTTP/1.1" 200 83
[2022-08-01 10:05:11,893] [basehttp.py:161] [basehttp:log_message] [INFO]- "GET /qc/quality?page=1&page_size=10&quality_status=%E5%B7%B2%E8%B4%A8%E6%A3%80 HTTP/1.1" 200 4871
[2022-08-01 10:06:18,368] [basehttp.py:161] [basehttp:log_message] [INFO]- "OPTIONS /qc/quality/113/beexample HTTP/1.1" 200 0
[2022-08-01 10:06:18,462] [basehttp.py:161] [basehttp:log_message] [INFO]- "POST /qc/quality/113/beexample HTTP/1.1" 200 51
[2022-08-01 10:06:23,873] [basehttp.py:161] [basehttp:log_message] [INFO]- "GET /system/user/info/ HTTP/1.1" 200 194
[2022-08-01 10:06:24,157] [basehttp.py:161] [basehttp:log_message] [INFO]- "GET /qc/quality?page=1&page_size=10&quality_status=%E5%B7%B2%E8%B4%A8%E6%A3%80 HTTP/1.1" 200 4871
[2022-08-01 10:07:02,546] [basehttp.py:161] [basehttp:log_message] [INFO]- "GET /qc/ticket?page=1&page_size=10&quality_status=%E5%B7%B2%E8%B4%A8%E6%A3%80 HTTP/1.1" 200 600
[2022-08-01 10:07:55,318] [basehttp.py:161] [basehttp:log_message] [INFO]- "GET /qc/quality?page=1&page_size=10&quality_status=%E5%B7%B2%E8%B4%A8%E6%A3%80 HTTP/1.1" 200 4871
[2022-08-01 10:08:03,226] [basehttp.py:161] [basehttp:log_message] [INFO]- "GET /qc/quality?page=1&page_size=10&quality_status=%E5%B7%B2%E8%B4%A8%E6%A3%80 HTTP/1.1" 200 4871
[2022-08-01 10:08:16,811] [basehttp.py:161] [basehttp:log_message] [INFO]- "GET /qc/quality?page=1&page_size=10&quality_status=%E5%B7%B2%E8%B4%A8%E6%A3%80 HTTP/1.1" 200 4871
[2022-08-01 10:08:46,023] [basehttp.py:161] [basehttp:log_message] [INFO]- "GET /system/user/info/ HTTP/1.1" 200 194
[2022-08-01 10:08:46,364] [basehttp.py:161] [basehttp:log_message] [INFO]- "GET /qc/quality?page=1&page_size=10&quality_status=%E5%B7%B2%E8%B4%A8%E6%A3%80 HTTP/1.1" 200 4871
[2022-08-01 10:08:49,434] [basehttp.py:161] [basehttp:log_message] [INFO]- "GET /qc/quality?page=1&page_size=10&quality_status=%E5%B7%B2%E8%B4%A8%E6%A3%80 HTTP/1.1" 200 4871
[2022-08-01 10:12:57,798] [basehttp.py:161] [basehttp:log_message] [INFO]- "GET /qc/quality?page=1&page_size=10&quality_status=%E5%B7%B2%E8%B4%A8%E6%A3%80 HTTP/1.1" 200 4871
[2022-08-01 10:17:30,146] [basehttp.py:161] [basehttp:log_message] [INFO]- "GET /system/user/info/ HTTP/1.1" 200 194
[2022-08-01 10:17:30,531] [basehttp.py:161] [basehttp:log_message] [INFO]- "GET /qc/quality?page=1&page_size=10&quality_status=%E5%B7%B2%E8%B4%A8%E6%A3%80 HTTP/1.1" 200 4871
[2022-08-01 10:17:37,684] [basehttp.py:161] [basehttp:log_message] [INFO]- "GET /system/user/info/ HTTP/1.1" 200 194
[2022-08-01 10:17:38,109] [basehttp.py:161] [basehttp:log_message] [INFO]- "GET /qc/quality?page=1&page_size=10&quality_status=%E5%B7%B2%E8%B4%A8%E6%A3%80 HTTP/1.1" 200 4871
[2022-08-01 10:28:08,347] [basehttp.py:161] [basehttp:log_message] [INFO]- "GET /qc/ticket HTTP/1.1" 200 41500
[2022-08-01 10:28:08,375] [basehttp.py:161] [basehttp:log_message] [INFO]- "GET /static/rest_framework/css/bootstrap-tweaks.css HTTP/1.1" 304 0
[2022-08-01 10:28:08,375] [basehttp.py:161] [basehttp:log_message] [INFO]- "GET /static/rest_framework/css/bootstrap.min.css HTTP/1.1" 304 0
[2022-08-01 10:28:08,377] [basehttp.py:161] [basehttp:log_message] [INFO]- "GET /static/rest_framework/css/default.css HTTP/1.1" 304 0
[2022-08-01 10:28:08,377] [basehttp.py:161] [basehttp:log_message] [INFO]- "GET /static/rest_framework/js/jquery-3.5.1.min.js HTTP/1.1" 304 0
[2022-08-01 10:28:08,377] [basehttp.py:161] [basehttp:log_message] [INFO]- "GET /static/rest_framework/css/prettify.css HTTP/1.1" 304 0
[2022-08-01 10:28:08,378] [basehttp.py:161] [basehttp:log_message] [INFO]- "GET /static/rest_framework/js/ajax-form.js HTTP/1.1" 304 0
[2022-08-01 10:28:08,381] [basehttp.py:161] [basehttp:log_message] [INFO]- "GET /static/rest_framework/js/bootstrap.min.js HTTP/1.1" 304 0
[2022-08-01 10:28:08,381] [basehttp.py:161] [basehttp:log_message] [INFO]- "GET /static/rest_framework/js/csrf.js HTTP/1.1" 304 0
[2022-08-01 10:28:08,384] [basehttp.py:161] [basehttp:log_message] [INFO]- "GET /static/rest_framework/js/default.js HTTP/1.1" 304 0
[2022-08-01 10:28:08,384] [basehttp.py:161] [basehttp:log_message] [INFO]- "GET /static/rest_framework/js/prettify-min.js HTTP/1.1" 304 0
[2022-08-01 10:28:08,389] [basehttp.py:161] [basehttp:log_message] [INFO]- "GET /static/rest_framework/img/grid.png HTTP/1.1" 304 0
[2022-08-01 10:28:08,390] [basehttp.py:161] [basehttp:log_message] [INFO]- "GET /static/rest_framework/fonts/glyphicons-halflings-regular.woff2 HTTP/1.1" 304 0
[2022-08-01 10:34:55,874] [basehttp.py:161] [basehttp:log_message] [INFO]- "GET /qc/quality?page=1&page_size=10&quality_status=%E5%B7%B2%E8%B4%A8%E6%A3%80&kefu=admin&holder=admin HTTP/1.1" 200 83
[2022-08-01 10:34:57,669] [basehttp.py:161] [basehttp:log_message] [INFO]- "GET /qc/quality?page=1&page_size=10&quality_status=%E5%BE%85%E8%B4%A8%E6%A3%80 HTTP/1.1" 200 83
[2022-08-01 10:34:58,806] [basehttp.py:161] [basehttp:log_message] [INFO]- "GET /qc/ticket?page=1&page_size=10&quality_status=%E5%BE%85%E8%B4%A8%E6%A3%80 HTTP/1.1" 200 5622
[2022-08-01 10:35:02,249] [basehttp.py:161] [basehttp:log_message] [INFO]- "OPTIONS /qc/ticket/15/recheck HTTP/1.1" 200 0
[2022-08-01 10:35:02,467] [log.py:230] [log:log_response] [ERROR]- Internal Server Error: /qc/ticket/15/recheck
Traceback (most recent call last):
  File "E:\QC\venv\lib\site-packages\django\core\handlers\exception.py", line 47, in inner
    response = get_response(request)
  File "E:\QC\venv\lib\site-packages\django\core\handlers\base.py", line 181, in _get_response
    response = wrapped_callback(request, *callback_args, **callback_kwargs)
  File "E:\QC\venv\lib\site-packages\django\views\decorators\csrf.py", line 54, in wrapped_view
    return view_func(*args, **kwargs)
  File "E:\QC\venv\lib\site-packages\rest_framework\viewsets.py", line 125, in view
    return self.dispatch(request, *args, **kwargs)
  File "E:\QC\venv\lib\site-packages\rest_framework\views.py", line 509, in dispatch
    response = self.handle_exception(exc)
  File "E:\QC\venv\lib\site-packages\rest_framework\views.py", line 469, in handle_exception
    self.raise_uncaught_exception(exc)
  File "E:\QC\venv\lib\site-packages\rest_framework\views.py", line 480, in raise_uncaught_exception
    raise exc
  File "E:\QC\venv\lib\site-packages\rest_framework\views.py", line 506, in dispatch
    response = handler(request, *args, **kwargs)
  File "E:\QC\apps\qc\views.py", line 132, in recheck
    if not Announcement.objects.filter(quality=quality_ins.id).exists():
  File "E:\QC\venv\lib\site-packages\django\db\models\manager.py", line 85, in manager_method
    return getattr(self.get_queryset(), name)(*args, **kwargs)
  File "E:\QC\venv\lib\site-packages\django\db\models\query.py", line 941, in filter
    return self._filter_or_exclude(False, args, kwargs)
  File "E:\QC\venv\lib\site-packages\django\db\models\query.py", line 961, in _filter_or_exclude
    clone._filter_or_exclude_inplace(negate, args, kwargs)
  File "E:\QC\venv\lib\site-packages\django\db\models\query.py", line 968, in _filter_or_exclude_inplace
    self._query.add_q(Q(*args, **kwargs))
  File "E:\QC\venv\lib\site-packages\django\db\models\sql\query.py", line 1416, in add_q
    clause, _ = self._add_q(q_object, self.used_aliases)
  File "E:\QC\venv\lib\site-packages\django\db\models\sql\query.py", line 1438, in _add_q
    split_subq=split_subq, check_filterable=check_filterable,
  File "E:\QC\venv\lib\site-packages\django\db\models\sql\query.py", line 1309, in build_filter
    lookups, parts, reffed_expression = self.solve_lookup_type(arg)
  File "E:\QC\venv\lib\site-packages\django\db\models\sql\query.py", line 1135, in solve_lookup_type
    _, field, _, lookup_parts = self.names_to_path(lookup_splitted, self.get_meta())
  File "E:\QC\venv\lib\site-packages\django\db\models\sql\query.py", line 1563, in names_to_path
    "Choices are: %s" % (name, ", ".join(available)))
django.core.exceptions.FieldError: Cannot resolve keyword 'quality' into field. Choices are: app_name, author, comment, create_time, id, is_active, is_deleted, update_time
[2022-08-01 10:35:02,470] [basehttp.py:161] [basehttp:log_message] [ERROR]- "POST /qc/ticket/15/recheck HTTP/1.1" 500 144844
[2022-08-01 10:36:00,089] [autoreload.py:251] [autoreload:trigger_reload] [INFO]- E:\QC\apps\qc\views.py changed, reloading.
[2022-08-01 10:36:01,214] [autoreload.py:637] [autoreload:run_with_reloader] [INFO]- Watching for file changes with StatReloader
[2022-08-01 10:36:09,999] [basehttp.py:161] [basehttp:log_message] [INFO]- "GET /qc/ticket HTTP/1.1" 200 41500
[2022-08-01 10:36:10,029] [basehttp.py:161] [basehttp:log_message] [INFO]- "GET /static/rest_framework/css/bootstrap.min.css HTTP/1.1" 304 0
[2022-08-01 10:36:10,029] [basehttp.py:161] [basehttp:log_message] [INFO]- "GET /static/rest_framework/css/bootstrap-tweaks.css HTTP/1.1" 304 0
[2022-08-01 10:36:10,030] [basehttp.py:161] [basehttp:log_message] [INFO]- "GET /static/rest_framework/css/prettify.css HTTP/1.1" 304 0
[2022-08-01 10:36:10,031] [basehttp.py:161] [basehttp:log_message] [INFO]- "GET /static/rest_framework/css/default.css HTTP/1.1" 304 0
[2022-08-01 10:36:10,033] [basehttp.py:161] [basehttp:log_message] [INFO]- "GET /static/rest_framework/js/jquery-3.5.1.min.js HTTP/1.1" 304 0
[2022-08-01 10:36:10,033] [basehttp.py:161] [basehttp:log_message] [INFO]- "GET /static/rest_framework/js/ajax-form.js HTTP/1.1" 304 0
[2022-08-01 10:36:10,035] [basehttp.py:161] [basehttp:log_message] [INFO]- "GET /static/rest_framework/js/bootstrap.min.js HTTP/1.1" 304 0
[2022-08-01 10:36:10,035] [basehttp.py:161] [basehttp:log_message] [INFO]- "GET /static/rest_framework/js/csrf.js HTTP/1.1" 304 0
[2022-08-01 10:36:10,036] [basehttp.py:161] [basehttp:log_message] [INFO]- "GET /static/rest_framework/js/default.js HTTP/1.1" 304 0
[2022-08-01 10:36:10,036] [basehttp.py:161] [basehttp:log_message] [INFO]- "GET /static/rest_framework/js/prettify-min.js HTTP/1.1" 304 0
[2022-08-01 10:36:10,039] [basehttp.py:161] [basehttp:log_message] [INFO]- "GET /static/rest_framework/img/grid.png HTTP/1.1" 304 0
[2022-08-01 10:36:10,040] [basehttp.py:161] [basehttp:log_message] [INFO]- "GET /static/rest_framework/fonts/glyphicons-halflings-regular.woff2 HTTP/1.1" 304 0
[2022-08-01 10:36:21,431] [autoreload.py:251] [autoreload:trigger_reload] [INFO]- E:\QC\apps\qc\views.py changed, reloading.
[2022-08-01 10:36:22,544] [autoreload.py:637] [autoreload:run_with_reloader] [INFO]- Watching for file changes with StatReloader
[2022-08-01 10:36:24,817] [basehttp.py:161] [basehttp:log_message] [INFO]- "GET /qc/ticket/14/detail HTTP/1.1" 200 9233
[2022-08-01 10:36:27,632] [basehttp.py:161] [basehttp:log_message] [INFO]- "GET /qc/ticket/14/recheck HTTP/1.1" 200 14320
[2022-08-01 10:36:30,230] [log.py:230] [log:log_response] [ERROR]- Internal Server Error: /qc/ticket/14/recheck
Traceback (most recent call last):
  File "E:\QC\venv\lib\site-packages\django\core\handlers\exception.py", line 47, in inner
    response = get_response(request)
  File "E:\QC\venv\lib\site-packages\django\core\handlers\base.py", line 181, in _get_response
    response = wrapped_callback(request, *callback_args, **callback_kwargs)
  File "E:\QC\venv\lib\site-packages\django\views\decorators\csrf.py", line 54, in wrapped_view
    return view_func(*args, **kwargs)
  File "E:\QC\venv\lib\site-packages\rest_framework\viewsets.py", line 125, in view
    return self.dispatch(request, *args, **kwargs)
  File "E:\QC\venv\lib\site-packages\rest_framework\views.py", line 509, in dispatch
    response = self.handle_exception(exc)
  File "E:\QC\venv\lib\site-packages\rest_framework\views.py", line 469, in handle_exception
    self.raise_uncaught_exception(exc)
  File "E:\QC\venv\lib\site-packages\rest_framework\views.py", line 480, in raise_uncaught_exception
    raise exc
  File "E:\QC\venv\lib\site-packages\rest_framework\views.py", line 506, in dispatch
    response = handler(request, *args, **kwargs)
  File "E:\QC\apps\qc\views.py", line 133, in recheck
    if not Announcement.objects.filter(quality=quality_ins).exists():
  File "E:\QC\venv\lib\site-packages\django\db\models\manager.py", line 85, in manager_method
    return getattr(self.get_queryset(), name)(*args, **kwargs)
  File "E:\QC\venv\lib\site-packages\django\db\models\query.py", line 941, in filter
    return self._filter_or_exclude(False, args, kwargs)
  File "E:\QC\venv\lib\site-packages\django\db\models\query.py", line 961, in _filter_or_exclude
    clone._filter_or_exclude_inplace(negate, args, kwargs)
  File "E:\QC\venv\lib\site-packages\django\db\models\query.py", line 968, in _filter_or_exclude_inplace
    self._query.add_q(Q(*args, **kwargs))
  File "E:\QC\venv\lib\site-packages\django\db\models\sql\query.py", line 1416, in add_q
    clause, _ = self._add_q(q_object, self.used_aliases)
  File "E:\QC\venv\lib\site-packages\django\db\models\sql\query.py", line 1438, in _add_q
    split_subq=split_subq, check_filterable=check_filterable,
  File "E:\QC\venv\lib\site-packages\django\db\models\sql\query.py", line 1309, in build_filter
    lookups, parts, reffed_expression = self.solve_lookup_type(arg)
  File "E:\QC\venv\lib\site-packages\django\db\models\sql\query.py", line 1135, in solve_lookup_type
    _, field, _, lookup_parts = self.names_to_path(lookup_splitted, self.get_meta())
  File "E:\QC\venv\lib\site-packages\django\db\models\sql\query.py", line 1563, in names_to_path
    "Choices are: %s" % (name, ", ".join(available)))
django.core.exceptions.FieldError: Cannot resolve keyword 'quality' into field. Choices are: app_name, author, comment, create_time, id, is_active, is_deleted, update_time
[2022-08-01 10:36:30,234] [basehttp.py:161] [basehttp:log_message] [ERROR]- "POST /qc/ticket/14/recheck HTTP/1.1" 500 149620
[2022-08-01 10:36:51,097] [autoreload.py:251] [autoreload:trigger_reload] [INFO]- E:\QC\apps\qc\views.py changed, reloading.
[2022-08-01 10:36:52,236] [autoreload.py:637] [autoreload:run_with_reloader] [INFO]- Watching for file changes with StatReloader
[2022-08-01 10:36:53,866] [log.py:230] [log:log_response] [ERROR]- Internal Server Error: /qc/ticket/14/recheck
Traceback (most recent call last):
  File "E:\QC\venv\lib\site-packages\django\core\handlers\exception.py", line 47, in inner
    response = get_response(request)
  File "E:\QC\venv\lib\site-packages\django\core\handlers\base.py", line 181, in _get_response
    response = wrapped_callback(request, *callback_args, **callback_kwargs)
  File "E:\QC\venv\lib\site-packages\django\views\decorators\csrf.py", line 54, in wrapped_view
    return view_func(*args, **kwargs)
  File "E:\QC\venv\lib\site-packages\rest_framework\viewsets.py", line 125, in view
    return self.dispatch(request, *args, **kwargs)
  File "E:\QC\venv\lib\site-packages\rest_framework\views.py", line 509, in dispatch
    response = self.handle_exception(exc)
  File "E:\QC\venv\lib\site-packages\rest_framework\views.py", line 469, in handle_exception
    self.raise_uncaught_exception(exc)
  File "E:\QC\venv\lib\site-packages\rest_framework\views.py", line 480, in raise_uncaught_exception
    raise exc
  File "E:\QC\venv\lib\site-packages\rest_framework\views.py", line 506, in dispatch
    response = handler(request, *args, **kwargs)
  File "E:\QC\apps\qc\views.py", line 133, in recheck
    if not Recheck.objects.filter(quality=quality_ins).exists():
  File "E:\QC\venv\lib\site-packages\django\db\models\manager.py", line 85, in manager_method
    return getattr(self.get_queryset(), name)(*args, **kwargs)
  File "E:\QC\venv\lib\site-packages\django\db\models\query.py", line 941, in filter
    return self._filter_or_exclude(False, args, kwargs)
  File "E:\QC\venv\lib\site-packages\django\db\models\query.py", line 961, in _filter_or_exclude
    clone._filter_or_exclude_inplace(negate, args, kwargs)
  File "E:\QC\venv\lib\site-packages\django\db\models\query.py", line 968, in _filter_or_exclude_inplace
    self._query.add_q(Q(*args, **kwargs))
  File "E:\QC\venv\lib\site-packages\django\db\models\sql\query.py", line 1416, in add_q
    clause, _ = self._add_q(q_object, self.used_aliases)
  File "E:\QC\venv\lib\site-packages\django\db\models\sql\query.py", line 1438, in _add_q
    split_subq=split_subq, check_filterable=check_filterable,
  File "E:\QC\venv\lib\site-packages\django\db\models\sql\query.py", line 1343, in build_filter
    self.check_related_objects(join_info.final_field, value, join_info.opts)
  File "E:\QC\venv\lib\site-packages\django\db\models\sql\query.py", line 1170, in check_related_objects
    self.check_query_object_type(value, opts, field)
  File "E:\QC\venv\lib\site-packages\django\db\models\sql\query.py", line 1153, in check_query_object_type
    (value, opts.object_name))
ValueError: Cannot query "DISGAEA-BugReport": Must be "Quality" instance.
[2022-08-01 10:36:53,870] [basehttp.py:161] [basehttp:log_message] [ERROR]- "POST /qc/ticket/14/recheck HTTP/1.1" 500 150041
[2022-08-01 10:36:58,546] [log.py:230] [log:log_response] [ERROR]- Internal Server Error: /qc/ticket/14/recheck
Traceback (most recent call last):
  File "E:\QC\venv\lib\site-packages\django\core\handlers\exception.py", line 47, in inner
    response = get_response(request)
  File "E:\QC\venv\lib\site-packages\django\core\handlers\base.py", line 181, in _get_response
    response = wrapped_callback(request, *callback_args, **callback_kwargs)
  File "E:\QC\venv\lib\site-packages\django\views\decorators\csrf.py", line 54, in wrapped_view
    return view_func(*args, **kwargs)
  File "E:\QC\venv\lib\site-packages\rest_framework\viewsets.py", line 125, in view
    return self.dispatch(request, *args, **kwargs)
  File "E:\QC\venv\lib\site-packages\rest_framework\views.py", line 509, in dispatch
    response = self.handle_exception(exc)
  File "E:\QC\venv\lib\site-packages\rest_framework\views.py", line 469, in handle_exception
    self.raise_uncaught_exception(exc)
  File "E:\QC\venv\lib\site-packages\rest_framework\views.py", line 480, in raise_uncaught_exception
    raise exc
  File "E:\QC\venv\lib\site-packages\rest_framework\views.py", line 506, in dispatch
    response = handler(request, *args, **kwargs)
  File "E:\QC\apps\qc\views.py", line 133, in recheck
    if not Recheck.objects.filter(quality=quality_ins).exists():
  File "E:\QC\venv\lib\site-packages\django\db\models\manager.py", line 85, in manager_method
    return getattr(self.get_queryset(), name)(*args, **kwargs)
  File "E:\QC\venv\lib\site-packages\django\db\models\query.py", line 941, in filter
    return self._filter_or_exclude(False, args, kwargs)
  File "E:\QC\venv\lib\site-packages\django\db\models\query.py", line 961, in _filter_or_exclude
    clone._filter_or_exclude_inplace(negate, args, kwargs)
  File "E:\QC\venv\lib\site-packages\django\db\models\query.py", line 968, in _filter_or_exclude_inplace
    self._query.add_q(Q(*args, **kwargs))
  File "E:\QC\venv\lib\site-packages\django\db\models\sql\query.py", line 1416, in add_q
    clause, _ = self._add_q(q_object, self.used_aliases)
  File "E:\QC\venv\lib\site-packages\django\db\models\sql\query.py", line 1438, in _add_q
    split_subq=split_subq, check_filterable=check_filterable,
  File "E:\QC\venv\lib\site-packages\django\db\models\sql\query.py", line 1343, in build_filter
    self.check_related_objects(join_info.final_field, value, join_info.opts)
  File "E:\QC\venv\lib\site-packages\django\db\models\sql\query.py", line 1170, in check_related_objects
    self.check_query_object_type(value, opts, field)
  File "E:\QC\venv\lib\site-packages\django\db\models\sql\query.py", line 1153, in check_query_object_type
    (value, opts.object_name))
ValueError: Cannot query "DISGAEA-BugReport": Must be "Quality" instance.
[2022-08-01 10:36:58,548] [basehttp.py:161] [basehttp:log_message] [ERROR]- "POST /qc/ticket/14/recheck HTTP/1.1" 500 150041
[2022-08-01 10:37:39,802] [autoreload.py:251] [autoreload:trigger_reload] [INFO]- E:\QC\apps\qc\views.py changed, reloading.
[2022-08-01 10:37:40,917] [autoreload.py:637] [autoreload:run_with_reloader] [INFO]- Watching for file changes with StatReloader
[2022-08-01 10:37:43,043] [basehttp.py:161] [basehttp:log_message] [INFO]- "POST /qc/ticket/14/recheck HTTP/1.1" 200 14267
[2022-08-01 10:38:02,594] [log.py:230] [log:log_response] [ERROR]- Internal Server Error: /qc/ticket/15/recheck
Traceback (most recent call last):
  File "E:\QC\venv\lib\site-packages\django\core\handlers\exception.py", line 47, in inner
    response = get_response(request)
  File "E:\QC\venv\lib\site-packages\django\core\handlers\base.py", line 181, in _get_response
    response = wrapped_callback(request, *callback_args, **callback_kwargs)
  File "E:\QC\venv\lib\site-packages\django\views\decorators\csrf.py", line 54, in wrapped_view
    return view_func(*args, **kwargs)
  File "E:\QC\venv\lib\site-packages\rest_framework\viewsets.py", line 125, in view
    return self.dispatch(request, *args, **kwargs)
  File "E:\QC\venv\lib\site-packages\rest_framework\views.py", line 511, in dispatch
    self.response = self.finalize_response(request, response, *args, **kwargs)
  File "E:\QC\venv\lib\site-packages\rest_framework\views.py", line 426, in finalize_response
    % type(response)
AssertionError: Expected a `Response`, `HttpResponse` or `HttpStreamingResponse` to be returned from the view, but received a `<class 'NoneType'>`
[2022-08-01 10:38:02,595] [basehttp.py:161] [basehttp:log_message] [ERROR]- "POST /qc/ticket/15/recheck HTTP/1.1" 500 88178
[2022-08-01 10:43:01,328] [autoreload.py:251] [autoreload:trigger_reload] [INFO]- E:\QC\apps\qc\views.py changed, reloading.
[2022-08-01 10:43:02,434] [autoreload.py:637] [autoreload:run_with_reloader] [INFO]- Watching for file changes with StatReloader
[2022-08-01 10:43:48,277] [autoreload.py:251] [autoreload:trigger_reload] [INFO]- E:\QC\apps\qc\views.py changed, reloading.
[2022-08-01 10:43:49,645] [autoreload.py:637] [autoreload:run_with_reloader] [INFO]- Watching for file changes with StatReloader
[2022-08-01 10:43:52,758] [basehttp.py:161] [basehttp:log_message] [INFO]- "GET /qc/ticket/15/recheck HTTP/1.1" 200 14320
[2022-08-01 10:43:54,340] [basehttp.py:161] [basehttp:log_message] [INFO]- "POST /qc/ticket/15/recheck HTTP/1.1" 200 14267
[2022-08-01 10:43:58,830] [basehttp.py:161] [basehttp:log_message] [INFO]- "POST /qc/ticket/15/recheck HTTP/1.1" 200 14267
[2022-08-01 10:44:03,239] [basehttp.py:161] [basehttp:log_message] [INFO]- "POST /qc/ticket/15/recheck HTTP/1.1" 200 14267
[2022-08-01 10:44:05,768] [basehttp.py:161] [basehttp:log_message] [INFO]- "POST /qc/ticket/15/recheck HTTP/1.1" 200 14267
[2022-08-01 10:44:10,046] [basehttp.py:161] [basehttp:log_message] [INFO]- "GET /qc/ticket/16/recheck HTTP/1.1" 200 14320
[2022-08-01 10:44:11,575] [log.py:230] [log:log_response] [ERROR]- Internal Server Error: /qc/ticket/16/recheck
Traceback (most recent call last):
  File "E:\QC\venv\lib\site-packages\django\core\handlers\exception.py", line 47, in inner
    response = get_response(request)
  File "E:\QC\venv\lib\site-packages\django\core\handlers\base.py", line 204, in _get_response
    response = response.render()
  File "E:\QC\venv\lib\site-packages\django\template\response.py", line 105, in render
    self.content = self.rendered_content
  File "E:\QC\venv\lib\site-packages\rest_framework\response.py", line 70, in rendered_content
    ret = renderer.render(self.data, accepted_media_type, context)
  File "E:\QC\venv\lib\site-packages\rest_framework\renderers.py", line 724, in render
    context = self.get_context(data, accepted_media_type, renderer_context)
  File "E:\QC\venv\lib\site-packages\rest_framework\renderers.py", line 680, in get_context
    'content': self.get_content(renderer, data, accepted_media_type, renderer_context),
  File "E:\QC\venv\lib\site-packages\rest_framework\renderers.py", line 413, in get_content
    content = renderer.render(data, accepted_media_type, renderer_context)
  File "E:\QC\utils\response.py", line 67, in render
    return super(FitJSONRenderer, self).render(response_body.dict, accepted_media_type, renderer_context)
  File "E:\QC\venv\lib\site-packages\rest_framework\renderers.py", line 103, in render
    allow_nan=not self.strict, separators=separators
  File "E:\QC\venv\lib\site-packages\rest_framework\utils\json.py", line 25, in dumps
    return json.dumps(*args, **kwargs)
  File "C:\Users\h19716\AppData\Local\Programs\Python\Python37\lib\json\__init__.py", line 238, in dumps
    **kw).encode(obj)
  File "C:\Users\h19716\AppData\Local\Programs\Python\Python37\lib\json\encoder.py", line 201, in encode
    chunks = list(chunks)
  File "C:\Users\h19716\AppData\Local\Programs\Python\Python37\lib\json\encoder.py", line 431, in _iterencode
    yield from _iterencode_dict(o, _current_indent_level)
  File "C:\Users\h19716\AppData\Local\Programs\Python\Python37\lib\json\encoder.py", line 405, in _iterencode_dict
    yield from chunks
  File "C:\Users\h19716\AppData\Local\Programs\Python\Python37\lib\json\encoder.py", line 438, in _iterencode
    o = _default(o)
  File "E:\QC\venv\lib\site-packages\rest_framework\utils\encoders.py", line 67, in default
    return super().default(obj)
  File "C:\Users\h19716\AppData\Local\Programs\Python\Python37\lib\json\encoder.py", line 179, in default
    raise TypeError(f'Object of type {o.__class__.__name__} '
TypeError: Object of type Recheck is not JSON serializable
[2022-08-01 10:44:11,577] [basehttp.py:161] [basehttp:log_message] [ERROR]- "POST /qc/ticket/16/recheck HTTP/1.1" 500 155685
[2022-08-01 10:44:59,029] [autoreload.py:251] [autoreload:trigger_reload] [INFO]- E:\QC\apps\qc\views.py changed, reloading.
[2022-08-01 10:45:00,133] [autoreload.py:637] [autoreload:run_with_reloader] [INFO]- Watching for file changes with StatReloader
[2022-08-01 10:45:03,722] [basehttp.py:161] [basehttp:log_message] [INFO]- "GET /qc/ticket/17/recheck HTTP/1.1" 200 14320
[2022-08-01 10:45:05,259] [basehttp.py:161] [basehttp:log_message] [INFO]- "POST /qc/ticket/17/recheck HTTP/1.1" 200 11427
[2022-08-01 10:45:41,031] [basehttp.py:161] [basehttp:log_message] [INFO]- "POST /qc/ticket/15/recheck HTTP/1.1" 200 51
[2022-08-01 10:45:41,124] [basehttp.py:161] [basehttp:log_message] [INFO]- "GET /qc/ticket?page=1&page_size=10&quality_status=%E5%BE%85%E8%B4%A8%E6%A3%80 HTTP/1.1" 200 5622
[2022-08-01 10:45:46,889] [basehttp.py:161] [basehttp:log_message] [INFO]- "GET /system/user/info/ HTTP/1.1" 200 194
[2022-08-01 10:45:47,259] [basehttp.py:161] [basehttp:log_message] [INFO]- "GET /qc/quality?page=1&page_size=10&quality_status=%E5%BE%85%E8%B4%A8%E6%A3%80 HTTP/1.1" 200 83
[2022-08-01 10:45:48,548] [basehttp.py:161] [basehttp:log_message] [INFO]- "GET /qc/ticket?page=1&page_size=10&quality_status=%E5%BE%85%E8%B4%A8%E6%A3%80 HTTP/1.1" 200 5622
[2022-08-01 10:45:51,610] [basehttp.py:161] [basehttp:log_message] [INFO]- "POST /qc/ticket/15/recheck HTTP/1.1" 200 51
[2022-08-01 10:45:51,700] [basehttp.py:161] [basehttp:log_message] [INFO]- "GET /qc/ticket?page=1&page_size=10&quality_status=%E5%BE%85%E8%B4%A8%E6%A3%80 HTTP/1.1" 200 5622
[2022-08-01 10:46:02,321] [basehttp.py:161] [basehttp:log_message] [INFO]- "OPTIONS /qc/ticket/21/recheck HTTP/1.1" 200 0
[2022-08-01 10:46:02,437] [basehttp.py:161] [basehttp:log_message] [INFO]- "POST /qc/ticket/21/recheck HTTP/1.1" 200 740
[2022-08-01 10:46:02,534] [basehttp.py:161] [basehttp:log_message] [INFO]- "GET /qc/ticket?page=1&page_size=10&quality_status=%E5%BE%85%E8%B4%A8%E6%A3%80 HTTP/1.1" 200 5622
[2022-08-01 10:54:23,695] [autoreload.py:251] [autoreload:trigger_reload] [INFO]- E:\QC\apps\qc\urls.py changed, reloading.
[2022-08-01 10:54:24,828] [autoreload.py:637] [autoreload:run_with_reloader] [INFO]- Watching for file changes with StatReloader
[2022-08-01 10:55:05,245] [autoreload.py:251] [autoreload:trigger_reload] [INFO]- E:\QC\apps\qc\urls.py changed, reloading.
[2022-08-01 10:55:06,488] [autoreload.py:637] [autoreload:run_with_reloader] [INFO]- Watching for file changes with StatReloader
[2022-08-01 11:01:42,484] [basehttp.py:161] [basehttp:log_message] [INFO]- "POST /qc/ticket/15/recheck HTTP/1.1" 200 51
[2022-08-01 11:01:42,573] [basehttp.py:161] [basehttp:log_message] [INFO]- "GET /qc/ticket?page=1&page_size=10&quality_status=%E5%BE%85%E8%B4%A8%E6%A3%80 HTTP/1.1" 200 5622
[2022-08-01 11:01:45,077] [basehttp.py:161] [basehttp:log_message] [INFO]- "POST /qc/ticket/15/recheck HTTP/1.1" 200 51
[2022-08-01 11:01:45,172] [basehttp.py:161] [basehttp:log_message] [INFO]- "GET /qc/ticket?page=1&page_size=10&quality_status=%E5%BE%85%E8%B4%A8%E6%A3%80 HTTP/1.1" 200 5622
[2022-08-01 11:01:51,553] [basehttp.py:161] [basehttp:log_message] [INFO]- "POST /qc/ticket/15/recheck HTTP/1.1" 200 51
[2022-08-01 11:01:51,646] [basehttp.py:161] [basehttp:log_message] [INFO]- "GET /qc/ticket?page=1&page_size=10&quality_status=%E5%BE%85%E8%B4%A8%E6%A3%80 HTTP/1.1" 200 5622
[2022-08-01 11:01:51,854] [basehttp.py:161] [basehttp:log_message] [INFO]- "POST /qc/ticket/15/recheck HTTP/1.1" 200 51
[2022-08-01 11:01:51,948] [basehttp.py:161] [basehttp:log_message] [INFO]- "GET /qc/ticket?page=1&page_size=10&quality_status=%E5%BE%85%E8%B4%A8%E6%A3%80 HTTP/1.1" 200 5622
[2022-08-01 11:01:52,193] [basehttp.py:161] [basehttp:log_message] [INFO]- "POST /qc/ticket/15/recheck HTTP/1.1" 200 51
[2022-08-01 11:01:52,282] [basehttp.py:161] [basehttp:log_message] [INFO]- "GET /qc/ticket?page=1&page_size=10&quality_status=%E5%BE%85%E8%B4%A8%E6%A3%80 HTTP/1.1" 200 5622
[2022-08-01 11:01:56,344] [basehttp.py:161] [basehttp:log_message] [INFO]- "POST /qc/ticket/15/recheck HTTP/1.1" 200 51
[2022-08-01 11:01:56,433] [basehttp.py:161] [basehttp:log_message] [INFO]- "GET /qc/ticket?page=1&page_size=10&quality_status=%E5%BE%85%E8%B4%A8%E6%A3%80 HTTP/1.1" 200 5622
[2022-08-01 11:02:41,819] [autoreload.py:251] [autoreload:trigger_reload] [INFO]- E:\QC\apps\qc\views.py changed, reloading.
[2022-08-01 11:02:43,135] [autoreload.py:637] [autoreload:run_with_reloader] [INFO]- Watching for file changes with StatReloader
[2022-08-01 11:05:23,209] [autoreload.py:251] [autoreload:trigger_reload] [INFO]- E:\QC\apps\qc\views.py changed, reloading.
[2022-08-01 11:05:24,341] [autoreload.py:637] [autoreload:run_with_reloader] [INFO]- Watching for file changes with StatReloader
[2022-08-01 12:16:59,165] [basehttp.py:161] [basehttp:log_message] [INFO]- "OPTIONS /qc/qualitycase HTTP/1.1" 200 0
[2022-08-01 12:16:59,270] [basehttp.py:161] [basehttp:log_message] [INFO]- "GET /qc/qualitycase HTTP/1.1" 200 1323
[2022-08-01 12:22:17,042] [basehttp.py:161] [basehttp:log_message] [INFO]- "GET /static/drf-yasg/style.css HTTP/1.1" 304 0
[2022-08-01 12:22:17,043] [basehttp.py:161] [basehttp:log_message] [INFO]- "GET /static/drf-yasg/swagger-ui-dist/swagger-ui-bundle.js HTTP/1.1" 304 0
[2022-08-01 12:22:17,043] [basehttp.py:161] [basehttp:log_message] [INFO]- "GET /static/drf-yasg/swagger-ui-dist/swagger-ui.css HTTP/1.1" 304 0
[2022-08-01 12:22:17,044] [basehttp.py:161] [basehttp:log_message] [INFO]- "GET /static/drf-yasg/immutable.min.js HTTP/1.1" 304 0
[2022-08-01 12:22:17,044] [basehttp.py:161] [basehttp:log_message] [INFO]- "GET /static/drf-yasg/insQ.min.js HTTP/1.1" 304 0
[2022-08-01 12:22:17,044] [basehttp.py:161] [basehttp:log_message] [INFO]- "GET /static/drf-yasg/swagger-ui-dist/swagger-ui-standalone-preset.js HTTP/1.1" 304 0
[2022-08-01 12:22:17,088] [basehttp.py:161] [basehttp:log_message] [INFO]- "GET /static/drf-yasg/swagger-ui-init.js HTTP/1.1" 304 0
[2022-08-01 12:22:17,276] [basehttp.py:161] [basehttp:log_message] [INFO]- "HEAD /static/drf-yasg/swagger-ui-dist/favicon-32x32.png HTTP/1.1" 304 0
[2022-08-01 12:22:17,512] [basehttp.py:161] [basehttp:log_message] [INFO]- "GET /swagger/?format=openapi HTTP/1.1" 200 87061
[2022-08-01 15:43:49,314] [basehttp.py:161] [basehttp:log_message] [INFO]- "OPTIONS /token/ HTTP/1.1" 200 0
[2022-08-01 15:43:49,518] [basehttp.py:161] [basehttp:log_message] [INFO]- "POST /token/ HTTP/1.1" 200 517
[2022-08-01 15:43:49,579] [basehttp.py:161] [basehttp:log_message] [INFO]- "OPTIONS /system/user/info/ HTTP/1.1" 200 0
[2022-08-01 15:43:49,657] [basehttp.py:161] [basehttp:log_message] [INFO]- "GET /system/user/info/ HTTP/1.1" 200 194
[2022-08-01 15:43:54,976] [basehttp.py:161] [basehttp:log_message] [INFO]- "OPTIONS /system/user/?is_active=true&page=1&page_size=20 HTTP/1.1" 200 0
[2022-08-01 15:43:54,977] [basehttp.py:161] [basehttp:log_message] [INFO]- "OPTIONS /system/organization/ HTTP/1.1" 200 0
[2022-08-01 15:43:54,979] [basehttp.py:161] [basehttp:log_message] [INFO]- "OPTIONS /system/role/ HTTP/1.1" 200 0
[2022-08-01 15:43:55,059] [basehttp.py:161] [basehttp:log_message] [INFO]- "GET /system/organization/ HTTP/1.1" 200 2923
[2022-08-01 15:43:55,095] [basehttp.py:161] [basehttp:log_message] [INFO]- "GET /system/user/?is_active=true&page=1&page_size=20 HTTP/1.1" 200 6324
[2022-08-01 15:43:55,174] [basehttp.py:161] [basehttp:log_message] [INFO]- "GET /system/role/ HTTP/1.1" 200 1002
[2022-08-01 15:49:59,303] [basehttp.py:161] [basehttp:log_message] [INFO]- "GET /system/user/info/ HTTP/1.1" 200 194
[2022-08-01 15:53:58,446] [basehttp.py:161] [basehttp:log_message] [INFO]- "GET /system/user/info/ HTTP/1.1" 200 194
[2022-08-01 15:54:23,108] [basehttp.py:161] [basehttp:log_message] [INFO]- "GET /system/user/info/ HTTP/1.1" 200 194
[2022-08-01 15:55:25,059] [basehttp.py:161] [basehttp:log_message] [INFO]- "GET /system/user/info/ HTTP/1.1" 200 194
[2022-08-01 15:55:45,795] [autoreload.py:251] [autoreload:trigger_reload] [INFO]- E:\QC\apps\qc\views.py changed, reloading.
[2022-08-01 15:55:46,957] [autoreload.py:637] [autoreload:run_with_reloader] [INFO]- Watching for file changes with StatReloader
[2022-08-01 15:56:14,058] [basehttp.py:161] [basehttp:log_message] [INFO]- "GET / HTTP/1.1" 200 5386
[2022-08-01 15:56:17,889] [basehttp.py:161] [basehttp:log_message] [INFO]- "GET /qc/announcement HTTP/1.1" 200 20280
[2022-08-01 15:56:29,794] [autoreload.py:251] [autoreload:trigger_reload] [INFO]- E:\QC\apps\qc\serializer.py changed, reloading.
[2022-08-01 15:56:30,918] [autoreload.py:637] [autoreload:run_with_reloader] [INFO]- Watching for file changes with StatReloader
[2022-08-01 15:56:31,475] [basehttp.py:161] [basehttp:log_message] [INFO]- "GET /qc/announcement HTTP/1.1" 200 14472
[2022-08-01 15:56:32,036] [basehttp.py:161] [basehttp:log_message] [INFO]- "POST /token/ HTTP/1.1" 200 517
[2022-08-01 15:56:32,118] [basehttp.py:161] [basehttp:log_message] [INFO]- "GET /system/user/info/ HTTP/1.1" 200 194
[2022-08-01 15:57:17,958] [basehttp.py:161] [basehttp:log_message] [INFO]- "GET /system/user/info/ HTTP/1.1" 200 194
[2022-08-01 15:57:25,470] [basehttp.py:161] [basehttp:log_message] [INFO]- "GET /system/user/info/ HTTP/1.1" 200 194
[2022-08-01 15:59:03,211] [basehttp.py:161] [basehttp:log_message] [INFO]- "GET /system/user/info/ HTTP/1.1" 200 194
[2022-08-01 15:59:17,596] [basehttp.py:161] [basehttp:log_message] [INFO]- "GET /system/user/info/ HTTP/1.1" 200 194
[2022-08-01 16:01:42,676] [basehttp.py:161] [basehttp:log_message] [INFO]- "GET /system/user/info/ HTTP/1.1" 200 194
[2022-08-01 16:01:51,588] [basehttp.py:161] [basehttp:log_message] [INFO]- "OPTIONS /qc/quality?page=1&page_size=10&quality_status=%E5%B7%B2%E8%B4%A8%E6%A3%80&kefu=admin&holder=admin HTTP/1.1" 200 0
[2022-08-01 16:01:51,678] [basehttp.py:161] [basehttp:log_message] [INFO]- "GET /qc/quality?page=1&page_size=10&quality_status=%E5%B7%B2%E8%B4%A8%E6%A3%80&kefu=admin&holder=admin HTTP/1.1" 200 83
[2022-08-01 16:07:33,968] [basehttp.py:161] [basehttp:log_message] [INFO]- "OPTIONS /qc/quality?page=1&page_size=10&quality_status=%E6%9C%AA%E8%B4%A8%E6%A3%80 HTTP/1.1" 200 0
[2022-08-01 16:07:34,058] [basehttp.py:161] [basehttp:log_message] [INFO]- "GET /qc/quality?page=1&page_size=10&quality_status=%E6%9C%AA%E8%B4%A8%E6%A3%80 HTTP/1.1" 200 83
[2022-08-01 16:07:37,135] [basehttp.py:161] [basehttp:log_message] [INFO]- "OPTIONS /qc/qualitycase HTTP/1.1" 200 0
[2022-08-01 16:07:37,225] [basehttp.py:161] [basehttp:log_message] [INFO]- "GET /qc/qualitycase HTTP/1.1" 200 1053
[2022-08-01 16:09:22,791] [basehttp.py:161] [basehttp:log_message] [INFO]- "GET /qc/quality?page=1&page_size=10&quality_status=%E6%9C%AA%E8%B4%A8%E6%A3%80 HTTP/1.1" 200 83
[2022-08-01 16:09:26,795] [basehttp.py:161] [basehttp:log_message] [INFO]- "OPTIONS /qc/ticket?page=1&page_size=10&quality_status=%E6%9C%AA%E8%B4%A8%E6%A3%80 HTTP/1.1" 200 0
[2022-08-01 16:09:26,882] [basehttp.py:161] [basehttp:log_message] [INFO]- "GET /qc/ticket?page=1&page_size=10&quality_status=%E6%9C%AA%E8%B4%A8%E6%A3%80 HTTP/1.1" 200 83
[2022-08-01 16:09:28,431] [basehttp.py:161] [basehttp:log_message] [INFO]- "GET /qc/quality?page=1&page_size=10&quality_status=%E6%9C%AA%E8%B4%A8%E6%A3%80 HTTP/1.1" 200 83
[2022-08-01 16:09:39,834] [basehttp.py:161] [basehttp:log_message] [INFO]- "GET /qc/qualitycase HTTP/1.1" 200 1053
[2022-08-01 16:52:00,463] [basehttp.py:161] [basehttp:log_message] [INFO]- "GET /qc/qualitycase HTTP/1.1" 200 1053
[2022-08-02 09:47:47,219] [basehttp.py:161] [basehttp:log_message] [INFO]- "OPTIONS /qc/quality?page=1&page_size=10&quality_status=%E5%B7%B2%E8%B4%A8%E6%A3%80&kefu=admin&holder=admin HTTP/1.1" 200 0
[2022-08-02 09:47:47,366] [basehttp.py:161] [basehttp:log_message] [INFO]- "GET /qc/quality?page=1&page_size=10&quality_status=%E5%B7%B2%E8%B4%A8%E6%A3%80&kefu=admin&holder=admin HTTP/1.1" 200 83
[2022-08-02 09:47:49,115] [basehttp.py:161] [basehttp:log_message] [INFO]- "OPTIONS /qc/ticket?page=1&page_size=10&quality_status=%E5%B7%B2%E8%B4%A8%E6%A3%80&kefu=admin&holder=admin HTTP/1.1" 200 0
[2022-08-02 09:47:49,203] [basehttp.py:161] [basehttp:log_message] [INFO]- "GET /qc/ticket?page=1&page_size=10&quality_status=%E5%B7%B2%E8%B4%A8%E6%A3%80&kefu=admin&holder=admin HTTP/1.1" 200 83
[2022-08-02 09:47:49,694] [basehttp.py:161] [basehttp:log_message] [INFO]- "GET /qc/quality?page=1&page_size=10&quality_status=%E5%B7%B2%E8%B4%A8%E6%A3%80&kefu=admin&holder=admin HTTP/1.1" 200 83
[2022-08-02 09:47:50,041] [basehttp.py:161] [basehttp:log_message] [INFO]- "GET /qc/ticket?page=1&page_size=10&quality_status=%E5%B7%B2%E8%B4%A8%E6%A3%80&kefu=admin&holder=admin HTTP/1.1" 200 83
[2022-08-02 09:47:50,969] [basehttp.py:161] [basehttp:log_message] [INFO]- "GET /qc/quality?page=1&page_size=10&quality_status=%E5%B7%B2%E8%B4%A8%E6%A3%80&kefu=admin&holder=admin HTTP/1.1" 200 83
[2022-08-02 09:47:51,261] [basehttp.py:161] [basehttp:log_message] [INFO]- "GET /qc/ticket?page=1&page_size=10&quality_status=%E5%B7%B2%E8%B4%A8%E6%A3%80&kefu=admin&holder=admin HTTP/1.1" 200 83
[2022-08-02 09:47:51,512] [basehttp.py:161] [basehttp:log_message] [INFO]- "GET /qc/quality?page=1&page_size=10&quality_status=%E5%B7%B2%E8%B4%A8%E6%A3%80&kefu=admin&holder=admin HTTP/1.1" 200 83
[2022-08-02 09:47:52,008] [basehttp.py:161] [basehttp:log_message] [INFO]- "GET /qc/ticket?page=1&page_size=10&quality_status=%E5%B7%B2%E8%B4%A8%E6%A3%80&kefu=admin&holder=admin HTTP/1.1" 200 83
[2022-08-02 09:47:52,345] [basehttp.py:161] [basehttp:log_message] [INFO]- "GET /qc/quality?page=1&page_size=10&quality_status=%E5%B7%B2%E8%B4%A8%E6%A3%80&kefu=admin&holder=admin HTTP/1.1" 200 83
[2022-08-02 09:47:52,801] [basehttp.py:161] [basehttp:log_message] [INFO]- "GET /qc/ticket?page=1&page_size=10&quality_status=%E5%B7%B2%E8%B4%A8%E6%A3%80&kefu=admin&holder=admin HTTP/1.1" 200 83
[2022-08-02 09:47:53,058] [basehttp.py:161] [basehttp:log_message] [INFO]- "GET /qc/quality?page=1&page_size=10&quality_status=%E5%B7%B2%E8%B4%A8%E6%A3%80&kefu=admin&holder=admin HTTP/1.1" 200 83
[2022-08-02 09:47:53,421] [basehttp.py:161] [basehttp:log_message] [INFO]- "GET /qc/ticket?page=1&page_size=10&quality_status=%E5%B7%B2%E8%B4%A8%E6%A3%80&kefu=admin&holder=admin HTTP/1.1" 200 83
[2022-08-02 09:47:59,364] [basehttp.py:161] [basehttp:log_message] [INFO]- "OPTIONS /qc/quality?page=1&page_size=10&quality_status=%E5%BE%85%E8%B4%A8%E6%A3%80 HTTP/1.1" 200 0
[2022-08-02 09:47:59,451] [basehttp.py:161] [basehttp:log_message] [INFO]- "GET /qc/quality?page=1&page_size=10&quality_status=%E5%BE%85%E8%B4%A8%E6%A3%80 HTTP/1.1" 200 83
[2022-08-02 09:48:00,190] [basehttp.py:161] [basehttp:log_message] [INFO]- "OPTIONS /qc/ticket?page=1&page_size=10&quality_status=%E5%BE%85%E8%B4%A8%E6%A3%80 HTTP/1.1" 200 0
[2022-08-02 09:48:00,289] [basehttp.py:161] [basehttp:log_message] [INFO]- "GET /qc/ticket?page=1&page_size=10&quality_status=%E5%BE%85%E8%B4%A8%E6%A3%80 HTTP/1.1" 200 5622
[2022-08-02 09:48:00,615] [basehttp.py:161] [basehttp:log_message] [INFO]- "GET /qc/quality?page=1&page_size=10&quality_status=%E5%BE%85%E8%B4%A8%E6%A3%80 HTTP/1.1" 200 83
[2022-08-02 09:48:00,934] [basehttp.py:161] [basehttp:log_message] [INFO]- "GET /qc/ticket?page=1&page_size=10&quality_status=%E5%BE%85%E8%B4%A8%E6%A3%80 HTTP/1.1" 200 5622
[2022-08-02 09:48:03,630] [basehttp.py:161] [basehttp:log_message] [INFO]- "OPTIONS /qc/quality?page=1&page_size=10&quality_status=%E5%B7%B2%E8%B4%A8%E6%A3%80 HTTP/1.1" 200 0
[2022-08-02 09:48:03,727] [basehttp.py:161] [basehttp:log_message] [INFO]- "GET /qc/quality?page=1&page_size=10&quality_status=%E5%B7%B2%E8%B4%A8%E6%A3%80 HTTP/1.1" 200 2153
[2022-08-02 09:48:07,889] [basehttp.py:161] [basehttp:log_message] [INFO]- "OPTIONS /qc/ticket?page=1&page_size=10&quality_status=%E5%B7%B2%E8%B4%A8%E6%A3%80 HTTP/1.1" 200 0
[2022-08-02 09:48:07,979] [basehttp.py:161] [basehttp:log_message] [INFO]- "GET /qc/ticket?page=1&page_size=10&quality_status=%E5%B7%B2%E8%B4%A8%E6%A3%80 HTTP/1.1" 200 600
[2022-08-02 09:48:08,426] [basehttp.py:161] [basehttp:log_message] [INFO]- "GET /qc/quality?page=1&page_size=10&quality_status=%E5%B7%B2%E8%B4%A8%E6%A3%80 HTTP/1.1" 200 2153
[2022-08-02 09:48:10,199] [basehttp.py:161] [basehttp:log_message] [INFO]- "OPTIONS /qc/quality?page=2&page_size=10&quality_status=%E5%B7%B2%E8%B4%A8%E6%A3%80 HTTP/1.1" 200 0
[2022-08-02 09:48:10,287] [basehttp.py:161] [basehttp:log_message] [INFO]- "GET /qc/quality?page=2&page_size=10&quality_status=%E5%B7%B2%E8%B4%A8%E6%A3%80 HTTP/1.1" 200 1377
[2022-08-02 09:48:11,173] [basehttp.py:161] [basehttp:log_message] [INFO]- "GET /qc/quality?page=1&page_size=10&quality_status=%E5%B7%B2%E8%B4%A8%E6%A3%80 HTTP/1.1" 200 2153
[2022-08-02 09:48:19,950] [basehttp.py:161] [basehttp:log_message] [INFO]- "GET /qc/ticket?page=1&page_size=10&quality_status=%E5%B7%B2%E8%B4%A8%E6%A3%80 HTTP/1.1" 200 600
[2022-08-02 09:48:21,761] [basehttp.py:161] [basehttp:log_message] [INFO]- "GET /qc/quality?page=1&page_size=10&quality_status=%E5%B7%B2%E8%B4%A8%E6%A3%80 HTTP/1.1" 200 2153
[2022-08-02 09:48:31,026] [basehttp.py:161] [basehttp:log_message] [INFO]- "OPTIONS /qc/quality?page=1&page_size=10&quality_status=%E6%9C%AA%E8%B4%A8%E6%A3%80 HTTP/1.1" 200 0
[2022-08-02 09:48:31,114] [basehttp.py:161] [basehttp:log_message] [INFO]- "GET /qc/quality?page=1&page_size=10&quality_status=%E6%9C%AA%E8%B4%A8%E6%A3%80 HTTP/1.1" 200 83
[2022-08-02 09:48:37,319] [basehttp.py:161] [basehttp:log_message] [INFO]- "GET /qc/quality?page=1&page_size=10&quality_status=%E5%B7%B2%E8%B4%A8%E6%A3%80&kefu=admin&holder=admin HTTP/1.1" 200 83
[2022-08-02 09:48:45,389] [basehttp.py:161] [basehttp:log_message] [INFO]- "GET /qc/ticket?page=1&page_size=10&quality_status=%E5%B7%B2%E8%B4%A8%E6%A3%80&kefu=admin&holder=admin HTTP/1.1" 200 83
[2022-08-02 09:48:45,803] [basehttp.py:161] [basehttp:log_message] [INFO]- "GET /qc/quality?page=1&page_size=10&quality_status=%E5%B7%B2%E8%B4%A8%E6%A3%80&kefu=admin&holder=admin HTTP/1.1" 200 83
[2022-08-02 09:49:31,694] [basehttp.py:161] [basehttp:log_message] [INFO]- "GET /qc/ticket?page=1&page_size=10&quality_status=%E5%B7%B2%E8%B4%A8%E6%A3%80&kefu=admin&holder=admin HTTP/1.1" 200 83
[2022-08-02 09:49:32,310] [basehttp.py:161] [basehttp:log_message] [INFO]- "GET /qc/quality?page=1&page_size=10&quality_status=%E5%B7%B2%E8%B4%A8%E6%A3%80&kefu=admin&holder=admin HTTP/1.1" 200 83
[2022-08-02 09:49:50,052] [basehttp.py:161] [basehttp:log_message] [INFO]- "GET /qc/ticket?page=1&page_size=10&quality_status=%E5%B7%B2%E8%B4%A8%E6%A3%80&kefu=admin&holder=admin HTTP/1.1" 200 83
[2022-08-02 09:49:50,502] [basehttp.py:161] [basehttp:log_message] [INFO]- "GET /qc/quality?page=1&page_size=10&quality_status=%E5%B7%B2%E8%B4%A8%E6%A3%80&kefu=admin&holder=admin HTTP/1.1" 200 83
[2022-08-02 09:49:50,789] [basehttp.py:161] [basehttp:log_message] [INFO]- "GET /qc/ticket?page=1&page_size=10&quality_status=%E5%B7%B2%E8%B4%A8%E6%A3%80&kefu=admin&holder=admin HTTP/1.1" 200 83
[2022-08-02 09:49:51,755] [basehttp.py:161] [basehttp:log_message] [INFO]- "GET /qc/quality?page=1&page_size=10&quality_status=%E5%BE%85%E8%B4%A8%E6%A3%80 HTTP/1.1" 200 83
[2022-08-02 09:49:52,417] [basehttp.py:161] [basehttp:log_message] [INFO]- "GET /qc/ticket?page=1&page_size=10&quality_status=%E5%BE%85%E8%B4%A8%E6%A3%80 HTTP/1.1" 200 5622
[2022-08-02 09:49:53,747] [basehttp.py:161] [basehttp:log_message] [INFO]- "GET /qc/quality?page=1&page_size=10&quality_status=%E5%BE%85%E8%B4%A8%E6%A3%80 HTTP/1.1" 200 83
[2022-08-02 09:49:54,526] [basehttp.py:161] [basehttp:log_message] [INFO]- "GET /qc/quality?page=1&page_size=10&quality_status=%E5%B7%B2%E8%B4%A8%E6%A3%80 HTTP/1.1" 200 2153
[2022-08-02 09:49:55,115] [basehttp.py:161] [basehttp:log_message] [INFO]- "GET /qc/ticket?page=1&page_size=10&quality_status=%E5%B7%B2%E8%B4%A8%E6%A3%80 HTTP/1.1" 200 600
[2022-08-02 09:49:55,448] [basehttp.py:161] [basehttp:log_message] [INFO]- "GET /qc/quality?page=1&page_size=10&quality_status=%E5%B7%B2%E8%B4%A8%E6%A3%80 HTTP/1.1" 200 2153
[2022-08-02 09:49:56,547] [basehttp.py:161] [basehttp:log_message] [INFO]- "GET /qc/quality?page=1&page_size=10&quality_status=%E6%9C%AA%E8%B4%A8%E6%A3%80 HTTP/1.1" 200 83
[2022-08-02 09:49:57,167] [basehttp.py:161] [basehttp:log_message] [INFO]- "OPTIONS /qc/ticket?page=1&page_size=10&quality_status=%E6%9C%AA%E8%B4%A8%E6%A3%80 HTTP/1.1" 200 0
[2022-08-02 09:49:57,255] [basehttp.py:161] [basehttp:log_message] [INFO]- "GET /qc/ticket?page=1&page_size=10&quality_status=%E6%9C%AA%E8%B4%A8%E6%A3%80 HTTP/1.1" 200 83
[2022-08-02 09:49:57,525] [basehttp.py:161] [basehttp:log_message] [INFO]- "GET /qc/quality?page=1&page_size=10&quality_status=%E6%9C%AA%E8%B4%A8%E6%A3%80 HTTP/1.1" 200 83
[2022-08-02 10:15:02,714] [autoreload.py:251] [autoreload:trigger_reload] [INFO]- E:\QC\apps\qc\models.py changed, reloading.
